arm-none-eabi-gcc -mcpu=cortex-m0plus -g3 -DDEBUG -c -x assembler-with-cpp -MMD -MP -MF"EWARM/startup_stm32l073xx.d" -MT"EWARM/startup_stm32l073xx.o" --specs=nano.specs -mfloat-abi=soft -mthumb -o "EWARM/startup_stm32l073xx.o" "../EWARM/startup_stm32l073xx.s"
arm-none-eabi-gcc "../Drivers/STM32L0xx_HAL_Driver/Src/stm32l0xx_hal.c" -mcpu=cortex-m0plus -std=gnu11 -g3 -DDEBUG -DUSE_HAL_DRIVER -DSTM32L073xx -c -I../../Core/Inc -I../../Drivers/STM32L0xx_HAL_Driver/Inc -I../../Drivers/STM32L0xx_HAL_Driver/Inc/Legacy -I../../Drivers/CMSIS/Device/ST/STM32L0xx/Include -I../../Drivers/CMSIS/Include -O0 -ffunction-sections -fdata-sections -Wall -fstack-usage -MMD -MP -MF"Drivers/STM32L0xx_HAL_Driver/Src/stm32l0xx_hal.d" -MT"Drivers/STM32L0xx_HAL_Driver/Src/stm32l0xx_hal.o" --specs=nano.specs -mfloat-abi=soft -mthumb -o "Drivers/STM32L0xx_HAL_Driver/Src/stm32l0xx_hal.o"
arm-none-eabi-gcc "../Drivers/STM32L0xx_HAL_Driver/Src/stm32l0xx_hal_adc.c" -mcpu=cortex-m0plus -std=gnu11 -g3 -DDEBUG -DUSE_HAL_DRIVER -DSTM32L073xx -c -I../../Core/Inc -I../../Drivers/STM32L0xx_HAL_Driver/Inc -I../../Drivers/STM32L0xx_HAL_Driver/Inc/Legacy -I../../Drivers/CMSIS/Device/ST/STM32L0xx/Include -I../../Drivers/CMSIS/Include -O0 -ffunction-sections -fdata-sections -Wall -fstack-usage -MMD -MP -MF"Drivers/STM32L0xx_HAL_Driver/Src/stm32l0xx_hal_adc.d" -MT"Drivers/STM32L0xx_HAL_Driver/Src/stm32l0xx_hal_adc.o" --specs=nano.specs -mfloat-abi=soft -mthumb -o "Drivers/STM32L0xx_HAL_Driver/Src/stm32l0xx_hal_adc.o"
arm-none-eabi-gcc "../Drivers/STM32L0xx_HAL_Driver/Src/stm32l0xx_hal_adc_ex.c" -mcpu=cortex-m0plus -std=gnu11 -g3 -DDEBUG -DUSE_HAL_DRIVER -DSTM32L073xx -c -I../../Core/Inc -I../../Drivers/STM32L0xx_HAL_Driver/Inc -I../../Drivers/STM32L0xx_HAL_Driver/Inc/Legacy -I../../Drivers/CMSIS/Device/ST/STM32L0xx/Include -I../../Drivers/CMSIS/Include -O0 -ffunction-sections -fdata-sections -Wall -fstack-usage -MMD -MP -MF"Drivers/STM32L0xx_HAL_Driver/Src/stm32l0xx_hal_adc_ex.d" -MT"Drivers/STM32L0xx_HAL_Driver/Src/stm32l0xx_hal_adc_ex.o" --specs=nano.specs -mfloat-abi=soft -mthumb -o "Drivers/STM32L0xx_HAL_Driver/Src/stm32l0xx_hal_adc_ex.o"
arm-none-eabi-gcc "../Drivers/STM32L0xx_HAL_Driver/Src/stm32l0xx_hal_comp.c" -mcpu=cortex-m0plus -std=gnu11 -g3 -DDEBUG -DUSE_HAL_DRIVER -DSTM32L073xx -c -I../../Core/Inc -I../../Drivers/STM32L0xx_HAL_Driver/Inc -I../../Drivers/STM32L0xx_HAL_Driver/Inc/Legacy -I../../Drivers/CMSIS/Device/ST/STM32L0xx/Include -I../../Drivers/CMSIS/Include -O0 -ffunction-sections -fdata-sections -Wall -fstack-usage -MMD -MP -MF"Drivers/STM32L0xx_HAL_Driver/Src/stm32l0xx_hal_comp.d" -MT"Drivers/STM32L0xx_HAL_Driver/Src/stm32l0xx_hal_comp.o" --specs=nano.specs -mfloat-abi=soft -mthumb -o "Drivers/STM32L0xx_HAL_Driver/Src/stm32l0xx_hal_comp.o"
arm-none-eabi-gcc "../Drivers/STM32L0xx_HAL_Driver/Src/stm32l0xx_hal_comp_ex.c" -mcpu=cortex-m0plus -std=gnu11 -g3 -DDEBUG -DUSE_HAL_DRIVER -DSTM32L073xx -c -I../../Core/Inc -I../../Drivers/STM32L0xx_HAL_Driver/Inc -I../../Drivers/STM32L0xx_HAL_Driver/Inc/Legacy -I../../Drivers/CMSIS/Device/ST/STM32L0xx/Include -I../../Drivers/CMSIS/Include -O0 -ffunction-sections -fdata-sections -Wall -fstack-usage -MMD -MP -MF"Drivers/STM32L0xx_HAL_Driver/Src/stm32l0xx_hal_comp_ex.d" -MT"Drivers/STM32L0xx_HAL_Driver/Src/stm32l0xx_hal_comp_ex.o" --specs=nano.specs -mfloat-abi=soft -mthumb -o "Drivers/STM32L0xx_HAL_Driver/Src/stm32l0xx_hal_comp_ex.o"
arm-none-eabi-gcc "../Drivers/STM32L0xx_HAL_Driver/Src/stm32l0xx_hal_cortex.c" -mcpu=cortex-m0plus -std=gnu11 -g3 -DDEBUG -DUSE_HAL_DRIVER -DSTM32L073xx -c -I../../Core/Inc -I../../Drivers/STM32L0xx_HAL_Driver/Inc -I../../Drivers/STM32L0xx_HAL_Driver/Inc/Legacy -I../../Drivers/CMSIS/Device/ST/STM32L0xx/Include -I../../Drivers/CMSIS/Include -O0 -ffunction-sections -fdata-sections -Wall -fstack-usage -MMD -MP -MF"Drivers/STM32L0xx_HAL_Driver/Src/stm32l0xx_hal_cortex.d" -MT"Drivers/STM32L0xx_HAL_Driver/Src/stm32l0xx_hal_cortex.o" --specs=nano.specs -mfloat-abi=soft -mthumb -o "Drivers/STM32L0xx_HAL_Driver/Src/stm32l0xx_hal_cortex.o"
arm-none-eabi-gcc "../Drivers/STM32L0xx_HAL_Driver/Src/stm32l0xx_hal_crc.c" -mcpu=cortex-m0plus -std=gnu11 -g3 -DDEBUG -DUSE_HAL_DRIVER -DSTM32L073xx -c -I../../Core/Inc -I../../Drivers/STM32L0xx_HAL_Driver/Inc -I../../Drivers/STM32L0xx_HAL_Driver/Inc/Legacy -I../../Drivers/CMSIS/Device/ST/STM32L0xx/Include -I../../Drivers/CMSIS/Include -O0 -ffunction-sections -fdata-sections -Wall -fstack-usage -MMD -MP -MF"Drivers/STM32L0xx_HAL_Driver/Src/stm32l0xx_hal_crc.d" -MT"Drivers/STM32L0xx_HAL_Driver/Src/stm32l0xx_hal_crc.o" --specs=nano.specs -mfloat-abi=soft -mthumb -o "Drivers/STM32L0xx_HAL_Driver/Src/stm32l0xx_hal_crc.o"
arm-none-eabi-gcc "../Drivers/STM32L0xx_HAL_Driver/Src/stm32l0xx_hal_crc_ex.c" -mcpu=cortex-m0plus -std=gnu11 -g3 -DDEBUG -DUSE_HAL_DRIVER -DSTM32L073xx -c -I../../Core/Inc -I../../Drivers/STM32L0xx_HAL_Driver/Inc -I../../Drivers/STM32L0xx_HAL_Driver/Inc/Legacy -I../../Drivers/CMSIS/Device/ST/STM32L0xx/Include -I../../Drivers/CMSIS/Include -O0 -ffunction-sections -fdata-sections -Wall -fstack-usage -MMD -MP -MF"Drivers/STM32L0xx_HAL_Driver/Src/stm32l0xx_hal_crc_ex.d" -MT"Drivers/STM32L0xx_HAL_Driver/Src/stm32l0xx_hal_crc_ex.o" --specs=nano.specs -mfloat-abi=soft -mthumb -o "Drivers/STM32L0xx_HAL_Driver/Src/stm32l0xx_hal_crc_ex.o"
arm-none-eabi-gcc "../Drivers/STM32L0xx_HAL_Driver/Src/stm32l0xx_hal_cryp.c" -mcpu=cortex-m0plus -std=gnu11 -g3 -DDEBUG -DUSE_HAL_DRIVER -DSTM32L073xx -c -I../../Core/Inc -I../../Drivers/STM32L0xx_HAL_Driver/Inc -I../../Drivers/STM32L0xx_HAL_Driver/Inc/Legacy -I../../Drivers/CMSIS/Device/ST/STM32L0xx/Include -I../../Drivers/CMSIS/Include -O0 -ffunction-sections -fdata-sections -Wall -fstack-usage -MMD -MP -MF"Drivers/STM32L0xx_HAL_Driver/Src/stm32l0xx_hal_cryp.d" -MT"Drivers/STM32L0xx_HAL_Driver/Src/stm32l0xx_hal_cryp.o" --specs=nano.specs -mfloat-abi=soft -mthumb -o "Drivers/STM32L0xx_HAL_Driver/Src/stm32l0xx_hal_cryp.o"
arm-none-eabi-gcc "../Drivers/STM32L0xx_HAL_Driver/Src/stm32l0xx_hal_cryp_ex.c" -mcpu=cortex-m0plus -std=gnu11 -g3 -DDEBUG -DUSE_HAL_DRIVER -DSTM32L073xx -c -I../../Core/Inc -I../../Drivers/STM32L0xx_HAL_Driver/Inc -I../../Drivers/STM32L0xx_HAL_Driver/Inc/Legacy -I../../Drivers/CMSIS/Device/ST/STM32L0xx/Include -I../../Drivers/CMSIS/Include -O0 -ffunction-sections -fdata-sections -Wall -fstack-usage -MMD -MP -MF"Drivers/STM32L0xx_HAL_Driver/Src/stm32l0xx_hal_cryp_ex.d" -MT"Drivers/STM32L0xx_HAL_Driver/Src/stm32l0xx_hal_cryp_ex.o" --specs=nano.specs -mfloat-abi=soft -mthumb -o "Drivers/STM32L0xx_HAL_Driver/Src/stm32l0xx_hal_cryp_ex.o"
arm-none-eabi-gcc "../Drivers/STM32L0xx_HAL_Driver/Src/stm32l0xx_hal_dac.c" -mcpu=cortex-m0plus -std=gnu11 -g3 -DDEBUG -DUSE_HAL_DRIVER -DSTM32L073xx -c -I../../Core/Inc -I../../Drivers/STM32L0xx_HAL_Driver/Inc -I../../Drivers/STM32L0xx_HAL_Driver/Inc/Legacy -I../../Drivers/CMSIS/Device/ST/STM32L0xx/Include -I../../Drivers/CMSIS/Include -O0 -ffunction-sections -fdata-sections -Wall -fstack-usage -MMD -MP -MF"Drivers/STM32L0xx_HAL_Driver/Src/stm32l0xx_hal_dac.d" -MT"Drivers/STM32L0xx_HAL_Driver/Src/stm32l0xx_hal_dac.o" --specs=nano.specs -mfloat-abi=soft -mthumb -o "Drivers/STM32L0xx_HAL_Driver/Src/stm32l0xx_hal_dac.o"
../Drivers/STM32L0xx_HAL_Driver/Src/stm32l0xx_hal.c:36:10: fatal error: stm32l0xx_hal.h: No such file or directory
   36 | #include "stm32l0xx_hal.h"
      |          ^~~~~~~~~~~~~~~~~
compilation terminated.
../Drivers/STM32L0xx_HAL_Driver/Src/stm32l0xx_hal_adc.c:304:10: fatal error: stm32l0xx_hal.h: No such file or directory
  304 | #include "stm32l0xx_hal.h"
      |          ^~~~~~~~~~~~~~~~~
compilation terminated.
../Drivers/STM32L0xx_HAL_Driver/Src/stm32l0xx_hal_adc_ex.c:36:10: fatal error: stm32l0xx_hal.h: No such file or directory
   36 | #include "stm32l0xx_hal.h"
      |          ^~~~~~~~~~~~~~~~~
compilation terminated.
../EWARM/startup_stm32l073xx.s: Assembler messages:
../EWARM/startup_stm32l073xx.s:1: Error: junk at end of line, first unrecognized character is `*'
../EWARM/startup_stm32l073xx.s:2: Error: junk at end of line, first unrecognized character is `*'
../EWARM/startup_stm32l073xx.s:3: Error: junk at end of line, first unrecognized character is `*'
../EWARM/startup_stm32l073xx.s:4: Error: junk at end of line, first unrecognized character is `*'
../EWARM/startup_stm32l073xx.s:5: Error: junk at end of line, first unrecognized character is `*'
../EWARM/startup_stm32l073xx.s:6: Error: junk at end of line, first unrecognized character is `*'
../EWARM/startup_stm32l073xx.s:7: Error: junk at end of line, first unrecognized character is `*'
../EWARM/startup_stm32l073xx.s:8: Error: junk at end of line, first unrecognized character is `*'
../EWARM/startup_stm32l073xx.s:9: Error: junk at end of line, first unrecognized character is `*'
../EWARM/startup_stm32l073xx.s:10: Error: junk at end of line, first unrecognized character is `*'
../EWARM/startup_stm32l073xx.s:11: Error: junk at end of line, first unrecognized character is `*'
../EWARM/startup_stm32l073xx.s:12: Error: junk at end of line, first unrecognized character is `*'
../EWARM/startup_stm32l073xx.s:13: Error: junk at end of line, first unrecognized character is `*'
../EWARM/startup_stm32l073xx.s:14: Error: junk at end of line, first unrecognized character is `*'
../EWARM/startup_stm32l073xx.s:15: Error: junk at end of line, first unrecognized character is `*'
../EWARM/startup_stm32l073xx.s:16: Error: junk at end of line, first unrecognized character is `*'
../EWARM/startup_stm32l073xx.s:17: Error: junk at end of line, first unrecognized character is `*'
../EWARM/startup_stm32l073xx.s:18: Error: junk at end of line, first unrecognized character is `*'
../EWARM/startup_stm32l073xx.s:18: Error: bad instruction `copyright (c)2016 STMicroelectronics.'
../EWARM/startup_stm32l073xx.s:19: Error: junk at end of line, first unrecognized character is `*'
../EWARM/startup_stm32l073xx.s:20: Error: junk at end of line, first unrecognized character is `*'
../EWARM/startup_stm32l073xx.s:21: Error: junk at end of line, first unrecognized character is `*'
../EWARM/startup_stm32l073xx.s:22: Error: junk at end of line, first unrecognized character is `*'
../EWARM/startup_stm32l073xx.s:22: Error: bad instruction `you may not use this file except in compliance with the'
../EWARM/startup_stm32l073xx.s:23: Error: junk at end of line, first unrecognized character is `*'
../EWARM/startup_stm32l073xx.s:24: Error: junk at end of line, first unrecognized character is `*'
../EWARM/startup_stm32l073xx.s:25: Error: junk at end of line, first unrecognized character is `*'
../EWARM/startup_stm32l073xx.s:26: Error: junk at end of line, first unrecognized character is `*'
../EWARM/startup_stm32l073xx.s:29: Error: bad instruction `the modules in this file are included in the libraries,and may be replaced'
../EWARM/startup_stm32l073xx.s:30: Error: bad instruction `by any user-defined modules that define the PUBLIC symbol _program_start or'
../EWARM/startup_stm32l073xx.s:31: Error: bad instruction `a user defined start symbol.'
../EWARM/startup_stm32l073xx.s:32: Error: bad instruction `to override the cstartup defined in the library,simply add your modified'
../EWARM/startup_stm32l073xx.s:33: Error: bad instruction `version to the workbench project.'
../EWARM/startup_stm32l073xx.s:35: Error: bad instruction `the vector table is normally located at address 0.'
../EWARM/startup_stm32l073xx.s:36: Error: bad instruction `when debugging in RAM,it can be located in RAM,aligned to at least 2^6.'
../EWARM/startup_stm32l073xx.s:37: Error: bad instruction `the name "__vector_table"has special meaning for C-SPY:'
../EWARM/startup_stm32l073xx.s:38: Error: selected processor does not support `it is where the SP start value is found,and the NVIC vector' in Thumb mode
../EWARM/startup_stm32l073xx.s:39: Error: bad instruction `table register(VTOR)is initialized to this address if!=0.'
../EWARM/startup_stm32l073xx.s:41: Error: bad instruction `cortex-M version'
../EWARM/startup_stm32l073xx.s:44: Error: bad instruction `module ?cstartup'
../EWARM/startup_stm32l073xx.s:46: Error: bad instruction `forward declaration of sections.'
../EWARM/startup_stm32l073xx.s:47: Error: bad instruction `section CSTACK:DATA:NOROOT(3)'
../EWARM/startup_stm32l073xx.s:49: Error: bad instruction `section .intvec:CODE:NOROOT(2)'
../EWARM/startup_stm32l073xx.s:51: Error: bad instruction `extern __iar_program_start'
../EWARM/startup_stm32l073xx.s:52: Error: bad instruction `extern SystemInit'
../EWARM/startup_stm32l073xx.s:53: Error: bad instruction `public __vector_table'
../EWARM/startup_stm32l073xx.s:55: Error: bad instruction `data'
../EWARM/startup_stm32l073xx.s:56: Error: bad instruction `__vector_table'
../EWARM/startup_stm32l073xx.s:57: Error: bad instruction `dcd sfe(CSTACK)'
../EWARM/startup_stm32l073xx.s:58: Error: bad instruction `dcd Reset_Handler'
../EWARM/startup_stm32l073xx.s:58: Error: bad instruction `reset Handler'
../EWARM/startup_stm32l073xx.s:60: Error: bad instruction `dcd NMI_Handler'
../EWARM/startup_stm32l073xx.s:60: Error: bad instruction `nmi Handler'
../EWARM/startup_stm32l073xx.s:61: Error: bad instruction `dcd HardFault_Handler'
../EWARM/startup_stm32l073xx.s:61: Error: bad instruction `hard Fault Handler'
../EWARM/startup_stm32l073xx.s:62: Error: bad instruction `dcd 0'
../EWARM/startup_stm32l073xx.s:62: Error: bad instruction `reserved'
../EWARM/startup_stm32l073xx.s:63: Error: bad instruction `dcd 0'
../EWARM/startup_stm32l073xx.s:63: Error: bad instruction `reserved'
../EWARM/startup_stm32l073xx.s:64: Error: bad instruction `dcd 0'
../EWARM/startup_stm32l073xx.s:64: Error: bad instruction `reserved'
../EWARM/startup_stm32l073xx.s:65: Error: bad instruction `dcd 0'
../EWARM/startup_stm32l073xx.s:65: Error: bad instruction `reserved'
../EWARM/startup_stm32l073xx.s:66: Error: bad instruction `dcd 0'
../EWARM/startup_stm32l073xx.s:66: Error: bad instruction `reserved'
../EWARM/startup_stm32l073xx.s:67: Error: bad instruction `dcd 0'
../EWARM/startup_stm32l073xx.s:67: Error: bad instruction `reserved'
../EWARM/startup_stm32l073xx.s:68: Error: bad instruction `dcd 0'
../EWARM/startup_stm32l073xx.s:68: Error: bad instruction `reserved'
../EWARM/startup_stm32l073xx.s:69: Error: bad instruction `dcd SVC_Handler'
../EWARM/startup_stm32l073xx.s:69: Error: bad instruction `svcall Handler'
../EWARM/startup_stm32l073xx.s:70: Error: bad instruction `dcd 0'
../EWARM/startup_stm32l073xx.s:70: Error: bad instruction `reserved'
../EWARM/startup_stm32l073xx.s:71: Error: bad instruction `dcd 0'
../EWARM/startup_stm32l073xx.s:71: Error: bad instruction `reserved'
../EWARM/startup_stm32l073xx.s:72: Error: bad instruction `dcd PendSV_Handler'
../EWARM/startup_stm32l073xx.s:72: Error: bad instruction `pendsv Handler'
../EWARM/startup_stm32l073xx.s:73: Error: bad instruction `dcd SysTick_Handler'
../EWARM/startup_stm32l073xx.s:73: Error: bad instruction `systick Handler'
../EWARM/startup_stm32l073xx.s:75: Error: bad instruction `external Interrupts'
../EWARM/startup_stm32l073xx.s:76: Error: bad instruction `dcd WWDG_IRQHandler'
../EWARM/startup_stm32l073xx.s:76: Error: bad instruction `window Watchdog'
../EWARM/startup_stm32l073xx.s:77: Error: bad instruction `dcd PVD_IRQHandler'
../EWARM/startup_stm32l073xx.s:77: Error: bad instruction `pvd through EXTI Line detect'
../EWARM/startup_stm32l073xx.s:78: Error: bad instruction `dcd RTC_IRQHandler'
../EWARM/startup_stm32l073xx.s:78: Error: bad instruction `rtc through EXTI Line'
../EWARM/startup_stm32l073xx.s:79: Error: bad instruction `dcd FLASH_IRQHandler'
../EWARM/startup_stm32l073xx.s:79: Error: bad instruction `flash'
../EWARM/startup_stm32l073xx.s:80: Error: bad instruction `dcd RCC_CRS_IRQHandler'
../EWARM/startup_stm32l073xx.s:80: Error: bad instruction `rcc_crs'
../EWARM/startup_stm32l073xx.s:81: Error: bad instruction `dcd EXTI0_1_IRQHandler'
../EWARM/startup_stm32l073xx.s:81: Error: bad instruction `exti Line 0 and 1'
../EWARM/startup_stm32l073xx.s:82: Error: bad instruction `dcd EXTI2_3_IRQHandler'
../EWARM/startup_stm32l073xx.s:82: Error: bad instruction `exti Line 2 and 3'
../EWARM/startup_stm32l073xx.s:83: Error: bad instruction `dcd EXTI4_15_IRQHandler'
../EWARM/startup_stm32l073xx.s:83: Error: bad instruction `exti Line 4 to 15'
../EWARM/startup_stm32l073xx.s:84: Error: bad instruction `dcd TSC_IRQHandler'
../EWARM/startup_stm32l073xx.s:84: Error: bad instruction `tsc'
../EWARM/startup_stm32l073xx.s:85: Error: bad instruction `dcd DMA1_Channel1_IRQHandler'
../EWARM/startup_stm32l073xx.s:85: Error: bad instruction `dma1 Channel 1'
../EWARM/startup_stm32l073xx.s:86: Error: bad instruction `dcd DMA1_Channel2_3_IRQHandler'
../EWARM/startup_stm32l073xx.s:86: Error: bad instruction `dma1 Channel 2 and Channel 3'
../EWARM/startup_stm32l073xx.s:87: Error: bad instruction `dcd DMA1_Channel4_5_6_7_IRQHandler'
../EWARM/startup_stm32l073xx.s:87: Error: bad instruction `dma1 Channel 4,Channel 5,Channel 6 and Channel 7'
../EWARM/startup_stm32l073xx.s:88: Error: bad instruction `dcd ADC1_COMP_IRQHandler'
../EWARM/startup_stm32l073xx.s:88: Error: bad instruction `adc1, COMP1 and COMP2'
../EWARM/startup_stm32l073xx.s:89: Error: bad instruction `dcd LPTIM1_IRQHandler'
../EWARM/startup_stm32l073xx.s:89: Error: bad instruction `lptim1'
../EWARM/startup_stm32l073xx.s:90: Error: bad instruction `dcd USART4_5_IRQHandler'
../EWARM/startup_stm32l073xx.s:90: Error: bad instruction `usart4 and USART5'
../EWARM/startup_stm32l073xx.s:91: Error: bad instruction `dcd TIM2_IRQHandler'
../EWARM/startup_stm32l073xx.s:91: Error: bad instruction `tim2'
../EWARM/startup_stm32l073xx.s:92: Error: bad instruction `dcd TIM3_IRQHandler'
../EWARM/startup_stm32l073xx.s:92: Error: bad instruction `tim3'
../EWARM/startup_stm32l073xx.s:93: Error: bad instruction `dcd TIM6_DAC_IRQHandler'
../EWARM/startup_stm32l073xx.s:93: Error: bad instruction `tim6 and DAC'
../EWARM/startup_stm32l073xx.s:94: Error: bad instruction `dcd TIM7_IRQHandler'
../EWARM/startup_stm32l073xx.s:94: Error: bad instruction `tim7'
../EWARM/startup_stm32l073xx.s:95: Error: bad instruction `dcd 0'
../EWARM/startup_stm32l073xx.s:95: Error: bad instruction `reserved'
../EWARM/startup_stm32l073xx.s:96: Error: bad instruction `dcd TIM21_IRQHandler'
../EWARM/startup_stm32l073xx.s:96: Error: bad instruction `tim21'
../EWARM/startup_stm32l073xx.s:97: Error: bad instruction `dcd I2C3_IRQHandler'
../EWARM/startup_stm32l073xx.s:97: Error: bad instruction `i2c3'
../EWARM/startup_stm32l073xx.s:98: Error: bad instruction `dcd TIM22_IRQHandler'
../EWARM/startup_stm32l073xx.s:98: Error: bad instruction `tim22'
../EWARM/startup_stm32l073xx.s:99: Error: bad instruction `dcd I2C1_IRQHandler'
../EWARM/startup_stm32l073xx.s:99: Error: bad instruction `i2c1'
../EWARM/startup_stm32l073xx.s:100: Error: bad instruction `dcd I2C2_IRQHandler'
../EWARM/startup_stm32l073xx.s:100: Error: bad instruction `i2c2'
../EWARM/startup_stm32l073xx.s:101: Error: bad instruction `dcd SPI1_IRQHandler'
../EWARM/startup_stm32l073xx.s:101: Error: bad instruction `spi1'
../EWARM/startup_stm32l073xx.s:102: Error: bad instruction `dcd SPI2_IRQHandler'
../EWARM/startup_stm32l073xx.s:102: Error: bad instruction `spi2'
../EWARM/startup_stm32l073xx.s:103: Error: bad instruction `dcd USART1_IRQHandler'
../EWARM/startup_stm32l073xx.s:103: Error: bad instruction `usart1'
../EWARM/startup_stm32l073xx.s:104: Error: bad instruction `dcd USART2_IRQHandler'
../EWARM/startup_stm32l073xx.s:104: Error: bad instruction `usart2'
../EWARM/startup_stm32l073xx.s:105: Error: bad instruction `dcd RNG_LPUART1_IRQHandler'
../EWARM/startup_stm32l073xx.s:105: Error: bad instruction `rng and LPUART1'
../EWARM/startup_stm32l073xx.s:106: Error: bad instruction `dcd LCD_IRQHandler'
../EWARM/startup_stm32l073xx.s:106: Error: bad instruction `lcd'
../EWARM/startup_stm32l073xx.s:107: Error: bad instruction `dcd USB_IRQHandler'
../EWARM/startup_stm32l073xx.s:107: Error: bad instruction `usb'
../EWARM/startup_stm32l073xx.s:111: Error: bad instruction `default interrupt handlers.'
../EWARM/startup_stm32l073xx.s:113: Error: bad instruction `thumb'
../EWARM/startup_stm32l073xx.s../Drivers/STM32L0xx_HAL_Driver/Src/stm32l0xx_hal_cortex.c:79:10: fatal error: stm32l0xx_hal.h: No such file or directory
   79 | #include "stm32l0xx_hal.h"
      |          ^~~~~~~~~~~~~~~~~
make: *** [Drivers/STM32L0xx_HAL_Driver/Src/subdir.mk:223: Drivers/STM32L0xx_HAL_Driver/Src/stm32l0xx_hal.o] Error 1
../Drivers/STM32L0xx_HAL_Driver/Src/stm32l0xx_hal_crc.c:46:10: fatal error: stm32l0xx_hal.h: No such file or directory
   46 | #include "stm32l0xx_hal.h"
      |          ^~~~~~~~~~~~~~~~~
make: *** Waiting for unfinished jobs....
../Drivers/STM32L0xx_HAL_Driver/Src/stm32l0xx_hal_comp.c:193:10: fatal error: stm32l0xx_hal.h: No such file or directory
  193 | #include "stm32l0xx_hal.h"
      |          ^~~~~~~~~~~~~~~~~
../Drivers/STM32L0xx_HAL_Driver/Src/stm32l0xx_hal_crc_ex.c:33:10: fatal error: stm32l0xx_hal.h: No such file or directory
   33 | #include "stm32l0xx_hal.h"
      |          ^~~~~~~~~~~~~~~~~
../Drivers/STM32L0xx_HAL_Driver/Src/stm32l0xx_hal_comp_ex.c:38:10: fatal error: stm32l0xx_hal.h: No such file or directory
   38 | #include "stm32l0xx_hal.h"
      |          ^~~~~~~~~~~~~~~~~
:114: Error: bad instruction `pubweak Reset_Handler'
../EWARM/startup_stm32l073xx.s:115: Error: bad instruction `section .text:CODE:NOROOT:REORDER(2)'
../EWARM/startup_stm32l073xx.s:116: Error: bad instruction `reset_handler'
../EWARM/startup_stm32l073xx.s:122: Error: bad instruction `pubweak NMI_Handler'
../EWARM/startup_stm32l073xx.s:123: Error: bad instruction `section .text:CODE:NOROOT:REORDER(1)'
../EWARM/startup_stm32l073xx.s:124: Error: bad instruction `nmi_handler'
../EWARM/startup_stm32l073xx.s:128: Error: bad instruction `pubweak HardFault_Handler'
../EWARM/startup_stm32l073xx.s:129: Error: bad instruction `section .text:CODE:NOROOT:REORDER(1)'
../EWARM/startup_stm32l073xx.s:130: Error: bad instruction `hardfault_handler'
../EWARM/startup_stm32l073xx.s:134: Error: bad instruction `pubweak SVC_Handler'
../EWARM/startup_stm32l073xx.s:135: Error: bad instruction `section .text:CODE:NOROOT:REORDER(1)'
../EWARM/startup_stm32l073xx.s:136: Error: bad instruction `svc_handler'
../EWARM/startup_stm32l073xx.s:140: Error: bad instruction `pubweak PendSV_Handler'
../EWARM/startup_stm32l073xx.s:141: Error: bad instruction `section .text:CODE:NOROOT:REORDER(1)'
../EWARM/startup_stm32l073xx.s:142: Error: bad instruction `pendsv_handler'
../EWARM/startup_stm32l073xx.s:146: Error: bad instruction `pubweak SysTick_Handler'
../EWARM/startup_stm32l073xx.s:147: Error: bad instruction `section .text:CODE:NOROOT:REORDER(1)'
../EWARM/startup_stm32l073xx.s:148: Error: bad instruction `systick_handler'
../EWARM/startup_stm32l073xx.s:152: Error: bad instruction `pubweak WWDG_IRQHandler'
../EWARM/startup_stm32l073xx.s:153: Error: bad instruction `section .text:CODE:NOROOT:REORDER(1)'
../EWARM/startup_stm32l073xx.s:154: Error: bad instruction `wwdg_irqhandler'
../EWARM/startup_stm32l073xx.s:158: Error: bad instruction `pubweak PVD_IRQHandler'
../EWARM/startup_stm32l073xx.s:159: Error: bad instruction `section .text:CODE:NOROOT:REORDER(1)'
../EWARM/startup_stm32l073xx.s:160: Error: bad instruction `pvd_irqhandler'
../EWARM/startup_stm32l073xx.s:164: Error: bad instruction `pubweak RTC_IRQHandler'
../EWARM/startup_stm32l073xx.s:165: Error: bad instruction `section .text:CODE:NOROOT:REORDER(1)'
../EWARM/startup_stm32l073xx.s:166: Error: bad instruction `rtc_irqhandler'
../EWARM/startup_stm32l073xx.s:170: Error: bad instruction `pubweak FLASH_IRQHandler'
../EWARM/startup_stm32l073xx.s:171: Error: bad instruction `section .text:CODE:NOROOT:REORDER(1)'
../EWARM/startup_stm32l073xx.s:172: Error: bad instruction `flash_irqhandler'
../EWARM/startup_stm32l073xx.s:176: Error: bad instruction `pubweak RCC_CRS_IRQHandler'
../EWARM/startup_stm32l073xx.s:177: Error: bad instruction `section .text:CODE:NOROOT:REORDER(1)'
../EWARM/startup_stm32l073xx.s:178: Error: bad instruction `rcc_crs_irqhandler'
../EWARM/startup_stm32l073xx.s:182: Error: bad instruction `pubweak EXTI0_1_IRQHandler'
../EWARM/startup_stm32l073xx.s:183: Error: bad instruction `section .text:CODE:NOROOT:REORDER(1)'
../EWARM/startup_stm32l073xx.s:184: Error: bad instruction `exti0_1_irqhandler'
../EWARM/startup_stm32l073xx.s:188: Error: bad instruction `pubweak EXTI2_3_IRQHandler'
../EWARM/startup_stm32l073xx.s:189: Error: bad instruction `section .text:CODE:NOROOT:REORDER(1)'
../EWARM/startup_stm32l073xx.s:190: Error: bad instruction `exti2_3_irqhandler'
../EWARM/startup_stm32l073xx.s:194: Error: bad instruction `pubweak EXTI4_15_IRQHandler'
../EWARM/startup_stm32l073xx.s:195: Error: bad instruction `section .text:CODE:NOROOT:REORDER(1)'
../EWARM/startup_stm32l073xx.s:196: Error: bad instruction `exti4_15_irqhandler'
../EWARM/startup_stm32l073xx.s:200: Error: bad instruction `pubweak TSC_IRQHandler'
../EWARM/startup_stm32l073xx.s:201: Error: bad instruction `section .text:CODE:NOROOT:REORDER(1)'
../EWARM/startup_stm32l073xx.s:202: Error: bad instruction `tsc_irqhandler'
../EWARM/startup_stm32l073xx.s:206: Error: bad instruction `pubweak DMA1_Channel1_IRQHandler'
../EWARM/startup_stm32l073xx.s:207: Error: bad instruction `section .text:CODE:NOROOT:REORDER(1)'
../EWARM/startup_stm32l073xx.smake: *** [Drivers/STM32L0xx_HAL_Driver/Src/subdir.mk:223: Drivers/STM32L0xx_HAL_Driver/Src/stm32l0xx_hal_adc.o] Error 1
compilation terminated.
compilation terminated.
compilation terminated.
compilation terminated.
compilation terminated.
make: *** [Drivers/STM32L0xx_HAL_Driver/Src/subdir.mk:223: Drivers/STM32L0xx_HAL_Driver/Src/stm32l0xx_hal_adc_ex.o] Error 1
:208: Error: bad instruction `dma1_channel1_irqhandler'
../EWARM/startup_stm32l073xx.s:212: Error: bad instruction `pubweak DMA1_Channel2_3_IRQHandler'
../EWARM/startup_stm32l073xx.s:213: Error: bad instruction `section .text:CODE:NOROOT:REORDER(1)'
../EWARM/startup_stm32l073xx.s:214: Error: bad instruction `dma1_channel2_3_irqhandler'
../EWARM/startup_stm32l073xx.s:218: Error: bad instruction `pubweak DMA1_Channel4_5_6_7_IRQHandler'
../EWARM/startup_stm32l073xx.s:219: Error: bad instruction `section .text:CODE:NOROOT:REORDER(1)'
../EWARM/startup_stm32l073xx.s:220: Error: bad instruction `dma1_channel4_5_6_7_irqhandler'
../EWARM/startup_stm32l073xx.s:224: Error: bad instruction `pubweak ADC1_COMP_IRQHandler'
../EWARM/startup_stm32l073xx.s:225: Error: bad instruction `section .text:CODE:NOROOT:REORDER(1)'
../EWARM/startup_stm32l073xx.s:226: Error: bad instruction `adc1_comp_irqhandler'
../EWARM/startup_stm32l073xx.s:230: Error: bad instruction `pubweak LPTIM1_IRQHandler'
../EWARM/startup_stm32l073xx.s:231: Error: bad instruction `section .text:CODE:NOROOT:REORDER(1)'
../EWARM/startup_stm32l073xx.s:232: Error: bad instruction `lptim1_irqhandler'
../EWARM/startup_stm32l073xx.s:236: Error: bad instruction `pubweak USART4_5_IRQHandler'
../EWARM/startup_stm32l073xx.s:237: Error: bad instruction `section .text:CODE:NOROOT:REORDER(1)'
../EWARM/startup_stm32l073xx.s:238: Error: bad instruction `usart4_5_irqhandler'
../EWARM/startup_stm32l073xx.s:242: Error: bad instruction `pubweak TIM2_IRQHandler'
../EWARM/startup_stm32l073xx.s:243: Error: bad instruction `section .text:CODE:NOROOT:REORDER(1)'
../EWARM/startup_stm32l073xx.s:244: Error: bad instruction `tim2_irqhandler'
../EWARM/startup_stm32l073xx.s:248: Error: bad instruction `pubweak TIM3_IRQHandler'
../EWARM/startup_stm32l073xx.s:249: Error: bad instruction `section .text:CODE:NOROOT:REORDER(1)'
../EWARM/startup_stm32l073xx.s:250: Error: bad instruction `tim3_irqhandler'
../EWARM/startup_stm32l073xx.s:254: Error: bad instruction `pubweak TIM6_DAC_IRQHandler'
../EWARM/startup_stm32l073xx.s:255: Error: bad instruction `section .text:CODE:NOROOT:REORDER(1)'
../EWARM/startup_stm32l073xx.s:256: Error: bad instruction `tim6_dac_irqhandler'
../EWARM/startup_stm32l073xx.s:259: Error: bad instruction `pubweak TIM7_IRQHandler'
../EWARM/startup_stm32l073xx.s:260: Error: bad instruction `section .text:CODE:NOROOT:REORDER(1)'
../EWARM/startup_stm32l073xx.s:261: Error: bad instruction `tim7_irqhandler'
../EWARM/startup_stm32l073xx.s:264: Error: bad instruction `pubweak TIM21_IRQHandler'
../EWARM/startup_stm32l073xx.s:265: Error: bad instruction `section .text:CODE:NOROOT:REORDER(1)'
../EWARM/startup_stm32l073xx.s:266: Error: bad instruction `tim21_irqhandler'
../EWARM/startup_stm32l073xx.s:269: Error: bad instruction `pubweak I2C3_IRQHandler'
../EWARM/startup_stm32l073xx.s:270: Error: bad instruction `section .text:CODE:NOROOT:REORDER(1)'
../EWARM/startup_stm32l073xx.s:271: Error: bad instruction `i2c3_irqhandler'
../EWARM/startup_stm32l073xx.s:274: Error: bad instruction `pubweak TIM22_IRQHandler'
../EWARM/startup_stm32l073xx.s:275: Error: bad instruction `section .text:CODE:NOROOT:REORDER(1)'
../EWARM/startup_stm32l073xx.s:276: Error: bad instruction `tim22_irqhandler'
../EWARM/startup_stm32l073xx.s:280: Error: bad instruction `pubweak I2C1_IRQHandler'
../EWARM/startup_stm32l073xx.s:281: Error: bad instruction `section .text:CODE:NOROOT:REORDER(1)'
../EWARM/startup_stm32l073xx.s:282: Error: bad instruction `i2c1_irqhandler'
../EWARM/startup_stm32l073xx.s:286: Error: bad instruction `pubweak I2C2_IRQHandler'
../EWARM/startup_stm32l073xx.s:287: Error: bad instruction `section .text:CODE:NOROOT:REORDER(1)'
../EWARM/startup_stm32l073xx.s:288: Error: bad instruction `i2c2_irqhandler'
../EWARM/startup_stm32l073xx.s:292: Error: bad instruction `pubweak SPI1_IRQHandler'
../EWARM/startup_stm32l073xx.s:293: Error: bad instruction `section .text:CODE:NOROOT:REORDER(1)'
../EWARM/startup_stm32l073xx.s:294: Error: bad instruction `spi1_irqhandler'
../EWARM/startup_stm32l073xx.s:298: Error: bad instruc../Drivers/STM32L0xx_HAL_Driver/Src/stm32l0xx_hal_dac.c:230:10: fatal error: stm32l0xx_hal.h: No such file or directory
  230 | #include "stm32l0xx_hal.h"
      |          ^~~~~~~~~~~~~~~~~
make: *** [Drivers/STM32L0xx_HAL_Driver/Src/subdir.mk:223: Drivers/STM32L0xx_HAL_Driver/Src/stm32l0xx_hal_crc.o] Error 1
make: *** [Drivers/STM32L0xx_HAL_Driver/Src/subdir.mk:223: Drivers/STM32L0xx_HAL_Driver/Src/stm32l0xx_hal_comp.o] Error 1
make: *** [Drivers/STM32L0xx_HAL_Driver/Src/subdir.mk:223: Drivers/STM32L0xx_HAL_Driver/Src/stm32l0xx_hal_comp_ex.o] Error 1
make: *** [Drivers/STM32L0xx_HAL_Driver/Src/subdir.mk:223: Drivers/STM32L0xx_HAL_Driver/Src/stm32l0xx_hal_crc_ex.o] Error 1
compilation terminated.
tion `pubweak SPI2_IRQHandler'
../EWARM/startup_stm32l073xx.s:299: Error: bad instruction `section .text:CODE:NOROOT:REORDER(1)'
../EWARM/startup_stm32l073xx.s:300: Error: bad instruction `spi2_irqhandler'
../EWARM/startup_stm32l073xx.s:304: Error: bad instruction `pubweak USART1_IRQHandler'
../EWARM/startup_stm32l073xx.s:305: Error: bad instruction `section .text:CODE:NOROOT:REORDER(1)'
../EWARM/startup_stm32l073xx.s:306: Error: bad instruction `usart1_irqhandler'
../EWARM/startup_stm32l073xx.s:310: Error: bad instruction `pubweak USART2_IRQHandler'
../EWARM/startup_stm32l073xx.s:311: Error: bad instruction `section .text:CODE:NOROOT:REORDER(1)'
../EWARM/startup_stm32l073xx.s:312: Error: bad instruction `usart2_irqhandler'
../EWARM/startup_stm32l073xx.s:316: Error: bad instruction `pubweak RNG_LPUART1_IRQHandler'
../EWARM/startup_stm32l073xx.s:317: Error: bad instruction `section .text:CODE:NOROOT:REORDER(1)'
../EWARM/startup_stm32l073xx.s:318: Error: bad instruction `rng_lpuart1_irqhandler'
../EWARM/startup_stm32l073xx.s:322: Error: bad instruction `pubweak LCD_IRQHandler'
../EWARM/startup_stm32l073xx.s:323: Error: bad instruction `section .text:CODE:NOROOT:REORDER(1)'
../EWARM/startup_stm32l073xx.s:324: Error: bad instruction `lcd_irqhandler'
../EWARM/startup_stm32l073xx.s:327: Error: bad instruction `pubweak USB_IRQHandler'
../EWARM/startup_stm32l073xx.s:328: Error: bad instruction `section .text:CODE:NOROOT:REORDER(1)'
../EWARM/startup_stm32l073xx.s:329: Error: bad instruction `usb_irqhandler'
../EWARM/startup_stm32l073xx.s:332: Error: bad instruction `end'
../EWARM/startup_stm32l073xx.s:333: Error: junk at end of line, first unrecognized character is `*'
make: *** [Drivers/STM32L0xx_HAL_Driver/Src/subdir.mk:223: Drivers/STM32L0xx_HAL_Driver/Src/stm32l0xx_hal_cortex.o] Error 1
make: *** [EWARM/subdir.mk:19: EWARM/startup_stm32l073xx.o] Error 1
make: *** [Drivers/STM32L0xx_HAL_Driver/Src/subdir.mk:223: Drivers/STM32L0xx_HAL_Driver/Src/stm32l0xx_hal_dac.o] Error 1
"make -j12 all" terminated with exit code 2. Build might be incomplete.

20:01:35 Build Failed. 278 errors, 0 warnings. (took 3s.524ms)

20:01:37 **** Incremental Build of configuration Debug for project SysBee_Tests_nucleo ****
make -j12 all 
arm-none-eabi-gcc -mcpu=cortex-m0plus -g3 -DDEBUG -c -x assembler-with-cpp -MMD -MP -MF"EWARM/startup_stm32l073xx.d" -MT"EWARM/startup_stm32l073xx.o" --specs=nano.specs -mfloat-abi=soft -mthumb -o "EWARM/startup_stm32l073xx.o" "../EWARM/startup_stm32l073xx.s"
arm-none-eabi-gcc "../Drivers/STM32L0xx_HAL_Driver/Src/stm32l0xx_hal.c" -mcpu=cortex-m0plus -std=gnu11 -g3 -DDEBUG -DUSE_HAL_DRIVER -DSTM32L073xx -c -I../../Core/Inc -I../../Drivers/STM32L0xx_HAL_Driver/Inc -I../../Drivers/STM32L0xx_HAL_Driver/Inc/Legacy -I../../Drivers/CMSIS/Device/ST/STM32L0xx/Include -I../../Drivers/CMSIS/Include -O0 -ffunction-sections -fdata-sections -Wall -fstack-usage -MMD -MP -MF"Drivers/STM32L0xx_HAL_Driver/Src/stm32l0xx_hal.d" -MT"Drivers/STM32L0xx_HAL_Driver/Src/stm32l0xx_hal.o" --specs=nano.specs -mfloat-abi=soft -mthumb -o "Drivers/STM32L0xx_HAL_Driver/Src/stm32l0xx_hal.o"
arm-none-eabi-gcc "../Drivers/STM32L0xx_HAL_Driver/Src/stm32l0xx_hal_adc.c" -mcpu=cortex-m0plus -std=gnu11 -g3 -DDEBUG -DUSE_HAL_DRIVER -DSTM32L073xx -c -I../../Core/Inc -I../../Drivers/STM32L0xx_HAL_Driver/Inc -I../../Drivers/STM32L0xx_HAL_Driver/Inc/Legacy -I../../Drivers/CMSIS/Device/ST/STM32L0xx/Include -I../../Drivers/CMSIS/Include -O0 -ffunction-sections -fdata-sections -Wall -fstack-usage -MMD -MP -MF"Drivers/STM32L0xx_HAL_Driver/Src/stm32l0xx_hal_adc.d" -MT"Drivers/STM32L0xx_HAL_Driver/Src/stm32l0xx_hal_adc.o" --specs=nano.specs -mfloat-abi=soft -mthumb -o "Drivers/STM32L0xx_HAL_Driver/Src/stm32l0xx_hal_adc.o"
arm-none-eabi-gcc "../Drivers/STM32L0xx_HAL_Driver/Src/stm32l0xx_hal_adc_ex.c" -mcpu=cortex-m0plus -std=gnu11 -g3 -DDEBUG -DUSE_HAL_DRIVER -DSTM32L073xx -c -I../../Core/Inc -I../../Drivers/STM32L0xx_HAL_Driver/Inc -I../../Drivers/STM32L0xx_HAL_Driver/Inc/Legacy -I../../Drivers/CMSIS/Device/ST/STM32L0xx/Include -I../../Drivers/CMSIS/Include -O0 -ffunction-sections -fdata-sections -Wall -fstack-usage -MMD -MP -MF"Drivers/STM32L0xx_HAL_Driver/Src/stm32l0xx_hal_adc_ex.d" -MT"Drivers/STM32L0xx_HAL_Driver/Src/stm32l0xx_hal_adc_ex.o" --specs=nano.specs -mfloat-abi=soft -mthumb -o "Drivers/STM32L0xx_HAL_Driver/Src/stm32l0xx_hal_adc_ex.o"
arm-none-eabi-gcc "../Drivers/STM32L0xx_HAL_Driver/Src/stm32l0xx_hal_comp.c" -mcpu=cortex-m0plus -std=gnu11 -g3 -DDEBUG -DUSE_HAL_DRIVER -DSTM32L073xx -c -I../../Core/Inc -I../../Drivers/STM32L0xx_HAL_Driver/Inc -I../../Drivers/STM32L0xx_HAL_Driver/Inc/Legacy -I../../Drivers/CMSIS/Device/ST/STM32L0xx/Include -I../../Drivers/CMSIS/Include -O0 -ffunction-sections -fdata-sections -Wall -fstack-usage -MMD -MP -MF"Drivers/STM32L0xx_HAL_Driver/Src/stm32l0xx_hal_comp.d" -MT"Drivers/STM32L0xx_HAL_Driver/Src/stm32l0xx_hal_comp.o" --specs=nano.specs -mfloat-abi=soft -mthumb -o "Drivers/STM32L0xx_HAL_Driver/Src/stm32l0xx_hal_comp.o"
arm-none-eabi-gcc "../Drivers/STM32L0xx_HAL_Driver/Src/stm32l0xx_hal_comp_ex.c" -mcpu=cortex-m0plus -std=gnu11 -g3 -DDEBUG -DUSE_HAL_DRIVER -DSTM32L073xx -c -I../../Core/Inc -I../../Drivers/STM32L0xx_HAL_Driver/Inc -I../../Drivers/STM32L0xx_HAL_Driver/Inc/Legacy -I../../Drivers/CMSIS/Device/ST/STM32L0xx/Include -I../../Drivers/CMSIS/Include -O0 -ffunction-sections -fdata-sections -Wall -fstack-usage -MMD -MP -MF"Drivers/STM32L0xx_HAL_Driver/Src/stm32l0xx_hal_comp_ex.d" -MT"Drivers/STM32L0xx_HAL_Driver/Src/stm32l0xx_hal_comp_ex.o" --specs=nano.specs -mfloat-abi=soft -mthumb -o "Drivers/STM32L0xx_HAL_Driver/Src/stm32l0xx_hal_comp_ex.o"
arm-none-eabi-gcc "../Drivers/STM32L0xx_HAL_Driver/Src/stm32l0xx_hal_cortex.c" -mcpu=cortex-m0plus -std=gnu11 -g3 -DDEBUG -DUSE_HAL_DRIVER -DSTM32L073xx -c -I../../Core/Inc -I../../Drivers/STM32L0xx_HAL_Driver/Inc -I../../Drivers/STM32L0xx_HAL_Driver/Inc/Legacy -I../../Drivers/CMSIS/Device/ST/STM32L0xx/Include -I../../Drivers/CMSIS/Include -O0 -ffunction-sections -fdata-sections -Wall -fstack-usage -MMD -MP -MF"Drivers/STM32L0xx_HAL_Driver/Src/stm32l0xx_hal_cortex.d" -MT"Drivers/STM32L0xx_HAL_Driver/Src/stm32l0xx_hal_cortex.o" --specs=nano.specs -mfloat-abi=soft -mthumb -o "Drivers/STM32L0xx_HAL_Driver/Src/stm32l0xx_hal_cortex.o"
arm-none-eabi-gcc "../Drivers/STM32L0xx_HAL_Driver/Src/stm32l0xx_hal_crc.c" -mcpu=cortex-m0plus -std=gnu11 -g3 -DDEBUG -DUSE_HAL_DRIVER -DSTM32L073xx -c -I../../Core/Inc -I../../Drivers/STM32L0xx_HAL_Driver/Inc -I../../Drivers/STM32L0xx_HAL_Driver/Inc/Legacy -I../../Drivers/CMSIS/Device/ST/STM32L0xx/Include -I../../Drivers/CMSIS/Include -O0 -ffunction-sections -fdata-sections -Wall -fstack-usage -MMD -MP -MF"Drivers/STM32L0xx_HAL_Driver/Src/stm32l0xx_hal_crc.d" -MT"Drivers/STM32L0xx_HAL_Driver/Src/stm32l0xx_hal_crc.o" --specs=nano.specs -mfloat-abi=soft -mthumb -o "Drivers/STM32L0xx_HAL_Driver/Src/stm32l0xx_hal_crc.o"
arm-none-eabi-gcc "../Drivers/STM32L0xx_HAL_Driver/Src/stm32l0xx_hal_crc_ex.c" -mcpu=cortex-m0plus -std=gnu11 -g3 -DDEBUG -DUSE_HAL_DRIVER -DSTM32L073xx -c -I../../Core/Inc -I../../Drivers/STM32L0xx_HAL_Driver/Inc -I../../Drivers/STM32L0xx_HAL_Driver/Inc/Legacy -I../../Drivers/CMSIS/Device/ST/STM32L0xx/Include -I../../Drivers/CMSIS/Include -O0 -ffunction-sections -fdata-sections -Wall -fstack-usage -MMD -MP -MF"Drivers/STM32L0xx_HAL_Driver/Src/stm32l0xx_hal_crc_ex.d" -MT"Drivers/STM32L0xx_HAL_Driver/Src/stm32l0xx_hal_crc_ex.o" --specs=nano.specs -mfloat-abi=soft -mthumb -o "Drivers/STM32L0xx_HAL_Driver/Src/stm32l0xx_hal_crc_ex.o"
arm-none-eabi-gcc "../Drivers/STM32L0xx_HAL_Driver/Src/stm32l0xx_hal_dac.c" -mcpu=cortex-m0plus -std=gnu11 -g3 -DDEBUG -DUSE_HAL_DRIVER -DSTM32L073xx -c -I../../Core/Inc -I../../Drivers/STM32L0xx_HAL_Driver/Inc -I../../Drivers/STM32L0xx_HAL_Driver/Inc/Legacy -I../../Drivers/CMSIS/Device/ST/STM32L0xx/Include -I../../Drivers/CMSIS/Include -O0 -ffunction-sections -fdata-sections -Wall -fstack-usage -MMD -MP -MF"Drivers/STM32L0xx_HAL_Driver/Src/stm32l0xx_hal_dac.d" -MT"Drivers/STM32L0xx_HAL_Driver/Src/stm32l0xx_hal_dac.o" --specs=nano.specs -mfloat-abi=soft -mthumb -o "Drivers/STM32L0xx_HAL_Driver/Src/stm32l0xx_hal_dac.o"
arm-none-eabi-gcc "../Drivers/STM32L0xx_HAL_Driver/Src/stm32l0xx_hal_dac_ex.c" -mcpu=cortex-m0plus -std=gnu11 -g3 -DDEBUG -DUSE_HAL_DRIVER -DSTM32L073xx -c -I../../Core/Inc -I../../Drivers/STM32L0xx_HAL_Driver/Inc -I../../Drivers/STM32L0xx_HAL_Driver/Inc/Legacy -I../../Drivers/CMSIS/Device/ST/STM32L0xx/Include -I../../Drivers/CMSIS/Include -O0 -ffunction-sections -fdata-sections -Wall -fstack-usage -MMD -MP -MF"Drivers/STM32L0xx_HAL_Driver/Src/stm32l0xx_hal_dac_ex.d" -MT"Drivers/STM32L0xx_HAL_Driver/Src/stm32l0xx_hal_dac_ex.o" --specs=nano.specs -mfloat-abi=soft -mthumb -o "Drivers/STM32L0xx_HAL_Driver/Src/stm32l0xx_hal_dac_ex.o"
arm-none-eabi-gcc "../Drivers/STM32L0xx_HAL_Driver/Src/stm32l0xx_hal_dma.c" -mcpu=cortex-m0plus -std=gnu11 -g3 -DDEBUG -DUSE_HAL_DRIVER -DSTM32L073xx -c -I../../Core/Inc -I../../Drivers/STM32L0xx_HAL_Driver/Inc -I../../Drivers/STM32L0xx_HAL_Driver/Inc/Legacy -I../../Drivers/CMSIS/Device/ST/STM32L0xx/Include -I../../Drivers/CMSIS/Include -O0 -ffunction-sections -fdata-sections -Wall -fstack-usage -MMD -MP -MF"Drivers/STM32L0xx_HAL_Driver/Src/stm32l0xx_hal_dma.d" -MT"Drivers/STM32L0xx_HAL_Driver/Src/stm32l0xx_hal_dma.o" --specs=nano.specs -mfloat-abi=soft -mthumb -o "Drivers/STM32L0xx_HAL_Driver/Src/stm32l0xx_hal_dma.o"
../Drivers/STM32L0xx_HAL_Driver/Src/stm32l0xx_hal.c:36:10: fatal error: stm32l0xx_hal.h: No such file or directory
   36 | #include "stm32l0xx_hal.h"
      |          ^~~~~~~~~~~~~~~~~
compilation terminated.
../Drivers/STM32L0xx_HAL_Driver/Src/stm32l0xx_hal_adc.c:304:10: fatal error: stm32l0xx_hal.h: No such file or directory
  304 | #include "stm32l0xx_hal.h"
      |          ^~~~~~~~~~~~~~~~~
compilation terminated.
../Drivers/STM32L0xx_HAL_Driver/Src/stm32l0xx_hal_comp_ex.c:38:10: fatal error: stm32l0xx_hal.h: No such file or directory
   38 | #include "stm32l0xx_hal.h"
      |          ^~~~~~~~~~~~~~~~~
compilation terminated.
../Drivers/STM32L0xx_HAL_Driver/Src/stm32l0xx_hal_comp.c:193:10: fatal error: stm32l0xx_hal.h: No such file or directory
  193 | #include "stm32l0xx_hal.h"
      |          ^~~~~~~~~~~~~~~~~
compilation terminated.
make: *** [Drivers/STM32L0xx_HAL_Driver/Src/subdir.mk:223: Drivers/STM32L0xx_HAL_Driver/Src/stm32l0xx_hal.o] Error 1
make: *** Waiting for unfinished jobs....
make: *** [Drivers/STM32L0xx_HAL_Driver/Src/subdir.mk:223: Drivers/STM32L0xx_HAL_Driver/Src/stm32l0xx_hal_adc.o] Error 1
../EWARM/startup_stm32l073xx.s: Assembler messages:
../EWARM/startup_stm32l073xx.s:1: Error: junk at end of line, first unrecognized character is `*'
../EWARM/startup_stm32l073xx.s:2: Error: junk at end of line, first unrecognized character is `*'
../EWARM/startup_stm32l073xx.s:3: Error: junk at end of line, first unrecognized character is `*'
../EWARM/startup_stm32l073xx.s:4: Error: junk at end of line, first unrecognized character is `*'
../EWARM/startup_stm32l073xx.s:5: Error: junk at end of line, first unrecognized character is `*'
../EWARM/startup_stm32l073xx.s:6: Error: junk at end of line, first unrecognized character is `*'
../EWARM/startup_stm32l073xx.s:7: Error: junk at end of line, first unrecognized character is `*'
../EWARM/startup_stm32l073xx.s:8: Error: junk at end of line, first unrecognized character is `*'
../EWARM/startup_stm32l073xx.s:9: Error: junk at end of line, first unrecognized character is `*'
../EWARM/startup_stm32l073xx.s:10: Error: junk at end of line, first unrecognized character is `*'
../EWARM/startup_stm32l073xx.s:11: Error: junk at end of line, first unrecognized character is `*'
../EWARM/startup_stm32l073xx.s:12: Error: junk at end of line, first unrecognized character is `*'
../EWARM/startup_stm32l073xx.s:13: Error: junk at end of line, first unrecognized character is `*'
../EWARM/startup_stm32l073xx.s:14: Error: junk at end of line, first unrecognized character is `*'
../EWARM/startup_stm32l073xx.s:15: Error: junk at end of line, first unrecognized character is `*'
../EWARM/startup_stm32l073xx.s:16: Error: junk at end of line, first unrecognized character is `*'
../EWARM/startup_stm32l073xx.s:17: Error: junk at end of line, first unrecognized character is `*'
../EWARM/startup_stm32l073xx.s:18: Error: junk at end of line, first unrecognized character is `*'
../EWARM/startup_stm32l073xx.s:18: Error: bad instruction `copyright (c)2016 STMicroelectronics.'
../EWARM/startup_stm32l073xx.s:19: Error: junk at end of line, first unrecognized character is `*'
../EWARM/startup_stm32l073xx.s:20: Error: junk at end of line, first unrecognized character is `*'
../EWARM/startup_stm32l073xx.s:21: Error: junk at end of line, first unrecognized character is `*'
../EWARM/startup_stm32l073xx.s:22: Error: junk at end of line, first unrecognized character is `*'
../EWARM/startup_stm32l073xx.s:22: Error: bad instruction `you may not use this file except in compliance with the'
../EWARM/startup_stm32l073xx.s:23: Error: junk at end of line, first unrecognized character is `*'
../EWARM/startup_stm32l073xx.s:24: Error: junk at end of line, first unrecognized character is `*'
../EWARM/startup_stm32l073xx.s:25: Error: junk at end of line, first unrecognized character is `*'
../EWARM/startup_stm32l073xx.s:26: Error: junk at end of line, first unrecognized character is `*'
../EWARM/startup_stm32l073xx.s:29: Error: bad instruction `the modules in this file are included in the libraries,and may be replaced'
../EWARM/startup_stm32l073xx.s:30: Error: bad instruction `by any user-defined modules that define the PUBLIC symbol _program_start or'
../EWARM/startup_stm32l073xx.s:31: Error: bad instruction `a user defined start symbol.'
../EWARM/startup_stm32l073xx.s:32: Error: bad instruction `to override the cstartup defined in the library,simply add your modified'
../EWARM/startup_stm32l073xx.s:33: Error: bad instruction `version to the workbench project.'
../EWARM/startup_stm32l073xx.s:35: Error: bad instruction `the vector table is normally located at address 0.'
../EWARM/startup_stm32l073xx.s:36: Error: bad instruction `when debugging in RAM,it can be located in RAM,aligned to at least 2^6.'
../EWARM/startup_stm32l073xx.s:37: Error: bad instruction `the name "__vector_table"has special meaning for C-SPY:'
../EWARM/startup_stm32l073xx.s:38: Error: selected processor does not support `it is where the SP start value is found,and the NVIC vector' in Thumb mode
../EWARM/startup_stm32l073xx.s:39: Error: bad instruction `table register(VTOR)is initialized to this address if!=0.'
../EWARM/startup_stm32l073xx.s:41: Error: bad instruction `cortex-M version'
../EWARM/startup_stm32l073xx.s:44: Error: bad instruction `module ?cstartup'
../EWARM/startup_stm32l073xx.s:46: Error: bad instruction `forward declaration of sections.'
../EWARM/startup_stm32l073xx.s:47: Error: bad instruction `section CSTACK:DATA:NOROOT(3)'
../EWARM/startup_stm32l073xx.s:49: Error: bad instruction `section .intvec:CODE:NOROOT(2)'
../EWARM/startup_stm32l073xx.s:51: Error: bad instruction `extern __iar_program_start'
../EWARM/startup_stm32l073xx.s:52: Error: bad instruction `extern SystemInit'
../EWARM/startup_stm32l073xx.s:53: Error: bad instruction `public __vector_table'
../EWARM/startup_stm32l073xx.s:55: Error: bad instruction `data'
../EWARM/startup_stm32l073xx.s:56: Error: bad instruction `__vector_table'
../EWARM/startup_stm32l073xx.s:57: Error: bad instruction `dcd sfe(CSTACK)'
../EWARM/startup_stm32l073xx.s:58: Error: bad instruction `dcd Reset_Handler'
../EWARM/startup_stm32l073xx.s:58: Error: bad instruction `reset Handler'
../EWARM/startup_stm32l073xx.s:60: Error: bad instruction `dcd NMI_Handler'
../EWARM/startup_stm32l073xx.s:60: Error: bad instruction `nmi Handler'
../EWARM/startup_stm32l073xx.s:61: Error: bad instruction `dcd HardFault_Handler'
../EWARM/startup_stm32l073xx.s:61: Error: bad instruction `hard Fault Handler'
../EWARM/startup_stm32l073xx.s:62: Error: bad instruction `dcd 0'
../EWARM/startup_stm32l073xx.s:62: Error: bad instruction `reserved'
../EWARM/startup_stm32l073xx.s:63: Error: bad instruction `dcd 0'
../EWARM/startup_stm32l073xx.s:63: Error: bad instruction `reserved'
../EWARM/startup_stm32l073xx.s:64: Error: bad instruction `dcd 0'
../EWARM/startup_stm32l073xx.s:64: Error: bad instruction `reserved'
../EWARM/startup_stm32l073xx.s:65: Error: bad instruction `dcd 0'
../EWARM/startup_stm32l073xx.s:65: Error: bad instruction `reserved'
../EWARM/startup_stm32l073xx.s:66: Error: bad instruction `dcd 0'
../EWARM/startup_stm32l073xx.s:66: Error: bad instruction `reserved'
../EWARM/startup_stm32l073xx.s:67: Error: bad instruction `dcd 0'
../EWARM/startup_stm32l073xx.s:67: Error: bad instruction `reserved'
../EWARM/startup_stm32l073xx.s:68: Error: bad instruction `dcd 0'
../EWARM/startup_stm32l073xx.s:68: Error: bad instruction `reserved'
../EWARM/startup_stm32l073xx.s:69: Error: bad instruction `dcd SVC_Handler'
../EWARM/startup_stm32l073xx.s:69: Error: bad instruction `svcall Handler'
../EWARM/startup_stm32l073xx.s:70: Error: bad instruction `dcd 0'
../EWARM/startup_stm32l073xx.s:70: Error: bad instruction `reserved'
../EWARM/startup_stm32l073xx.s:71: Error: bad instruction `dcd 0'
../EWARM/startup_stm32l073xx.s:71: Error: bad instruction `reserved'
../EWARM/startup_stm32l073xx.s:72: Error: bad instruction `dcd PendSV_Handler'
../EWARM/startup_stm32l073xx.s:72: Error: bad instruction `pendsv Handler'
../EWARM/startup_stm32l073xx.s:73: Error: bad instruction `dcd SysTick_Handler'
../EWARM/startup_stm32l073xx.s:73: Error: bad instruction `systick Handler'
../EWARM/startup_stm32l073xx.s:75: Error: bad instruction `external Interrupts'
../EWARM/startup_stm32l073xx.s:76: Error: bad instruction `dcd WWDG_IRQHandler'
../EWARM/startup_stm32l073xx.s:76: Error: bad instruction `window Watchdog'
../EWARM/startup_stm32l073xx.s:77: Error: bad instruction `dcd PVD_IRQHandler'
../EWARM/startup_stm32l073xx.s:77: Error: bad instruction `pvd through EXTI Line detect'
../EWARM/startup_stm32l073xx.s:78: Error: bad instruction `dcd RTC_IRQHandler'
../EWARM/startup_stm32l073xx.s:78: Error: bad instruction `rtc through EXTI Line'
../EWARM/startup_stm32l073xx.s:79: Error: bad instruction `dcd FLASH_IRQHandler'
../EWARM/startup_stm32l073xx.s:79: Error: bad instruction `flash'
../EWARM/startup_stm32l073xx.s:80: Error: bad instruction `dcd RCC_CRS_IRQHandler'
../EWARM/startup_stm32l073xx.s:80: Error: bad instruction `rcc_crs'
../EWARM/startup_stm32l073xx.s:81: Error: bad instruction `dcd EXTI0_1_IRQHandler'
../EWARM/startup_stm32l073xx.s:81: Error: bad instruction `exti Line 0 and 1'
../EWARM/startup_stm32l073xx.s:82: Error: bad instruction `dcd EXTI2_3_IRQHandler'
../EWARM../Drivers/STM32L0xx_HAL_Driver/Src/stm32l0xx_hal_adc_ex.c:36:10: fatal error: stm32l0xx_hal.h: No such file or directory
   36 | #include "stm32l0xx_hal.h"
      |          ^~~~~~~~~~~~~~~~~
../Drivers/STM32L0xx_HAL_Driver/Src/stm32l0xx_hal_crc.c:46:10: fatal error: stm32l0xx_hal.h: No such file or directory
   46 | #include "stm32l0xx_hal.h"
      |          ^~~~~~~~~~~~~~~~~
make: *** [Drivers/STM32L0xx_HAL_Driver/Src/subdir.mk:223: Drivers/STM32L0xx_HAL_Driver/Src/stm32l0xx_hal_comp_ex.o] Error 1
/startup_stm32l073xx.s:82: Error: bad instruction `exti Line 2 and 3'
../EWARM/startup_stm32l073xx.s:83: Error: bad instruction `dcd EXTI4_15_IRQHandler'
../EWARM/startup_stm32l073xx.s:83: Error: bad instruction `exti Line 4 to 15'
../EWARM/startup_stm32l073xx.s:84: Error: bad instruction `dcd TSC_IRQHandler'
../EWARM/startup_stm32l073xx.s:84: Error: bad instruction `tsc'
../EWARM/startup_stm32l073xx.s:85: Error: bad instruction `dcd DMA1_Channel1_IRQHandler'
../EWARM/startup_stm32l073xx.s:85: Error: bad instruction `dma1 Channel 1'
../EWARM/startup_stm32l073xx.s:86: Error: bad instruction `dcd DMA1_Channel2_3_IRQHandler'
../EWARM/startup_stm32l073xx.s:86: Error: bad instruction `dma1 Channel 2 and Channel 3'
../EWARM/startup_stm32l073xx.s:87: Error: bad instruction `dcd DMA1_Channel4_5_6_7_IRQHandler'
../EWARM/startup_stm32l073xx.s:87: Error: bad instruction `dma1 Channel 4,Channel 5,Channel 6 and Channel 7'
../EWARM/startup_stm32l073xx.s:88: Error: bad instruction `dcd ADC1_COMP_IRQHandler'
../EWARM/startup_stm32l073xx.s:88: Error: bad instruction `adc1, COMP1 and COMP2'
../EWARM/startup_stm32l073xx.s:89: Error: bad instruction `dcd LPTIM1_IRQHandler'
../EWARM/startup_stm32l073xx.s:89: Error: bad instruction `lptim1'
../EWARM/startup_stm32l073xx.s:90: Error: bad instruction `dcd USART4_5_IRQHandler'
../EWARM/startup_stm32l073xx.s:90: Error: bad instruction `usart4 and USART5'
../EWARM/startup_stm32l073xx.s:91: Error: bad instruction `dcd TIM2_IRQHandler'
../EWARM/startup_stm32l073xx.s:91: Error: bad instruction `tim2'
../EWARM/startup_stm32l073xx.s:92: Error: bad instruction `dcd TIM3_IRQHandler'
../EWARM/startup_stm32l073xx.s:92: Error: bad instruction `tim3'
../EWARM/startup_stm32l073xx.s:93: Error: bad instruction `dcd TIM6_DAC_IRQHandler'
../EWARM/startup_stm32l073xx.s:93: Error: bad instruction `tim6 and DAC'
../EWARM/startup_stm32l073xx.s:94: Error: bad instruction `dcd TIM7_IRQHandler'
../EWARM/startup_stm32l073xx.s:94: Error: bad instruction `tim7'
../EWARM/startup_stm32l073xx.s:95: Error: bad instruction `dcd 0'
../EWARM/startup_stm32l073xx.s:95: Error: bad instruction `reserved'
../EWARM/startup_stm32l073xx.s:96: Error: bad instruction `dcd TIM21_IRQHandler'
../EWARM/startup_stm32l073xx.s:96: Error: bad instruction `tim21'
../EWARM/startup_stm32l073xx.s:97: Error: bad instruction `dcd I2C3_IRQHandler'
../EWARM/startup_stm32l073xx.s:97: Error: bad instruction `i2c3'
../EWARM/startup_stm32l073xx.s:98: Error: bad instruction `dcd TIM22_IRQHandler'
../EWARM/startup_stm32l073xx.s:98: Error: bad instruction `tim22'
../EWARM/startup_stm32l073xx.s:99: Error: bad instruction `dcd I2C1_IRQHandler'
../EWARM/startup_stm32l073xx.s:99: Error: bad instruction `i2c1'
../EWARM/startup_stm32l073xx.s:100: Error: bad instruction `dcd I2C2_IRQHandler'
../EWARM/startup_stm32l073xx.s:100: Error: bad instruction `i2c2'
../EWARM/startup_stm32l073xx.s:101: Error: bad instruction `dcd SPI1_IRQHandler'
../EWARM/startup_stm32l073xx.s:101: Error: bad instruction `spi1'
../EWARM/startup_stm32l073xx.s:102: Error: bad instruction `dcd SPI2_IRQHandler'
../EWARM/startup_stm32l073xx.s:102: Error: bad instruction `spi2'
../EWARM/startup_stm32l073xx.s:103: Error: bad instruction `dcd USART1_IRQHandler'
../EWARM/startup_stm32l073xx.s:103: Error: bad instruction `usart1'
../EWARM/startup_stm32l073xx.s:104: Error: bad instruction `dcd USART2_IRQHandler'
../EWARM/startup_stm32l073xx.s:104: Error: bad instruction `usart2'
../EWARM/startup_stm32l073xx.s:105: Error: bad instruction `dcd RNG_LPUART1_IRQHandler'
../EWARM/startup_stm32l073xx.s:105: Error: bad instruction `rng and LPUART1'
../EWARM/startup_stm32l073xx.s:106: Error: bad instruction `dcd LCD_IRQHandler'
../EWARM/startup_stm32l073xx.s:106: Error: bad instruction `lcd'
../EWARM/startup_stm32l073xx.s:107: Error: bad instruction `dcd USB_IRQHandler'
../EWARM/startup_stm32l073xx.s:107: Error: bad instruction `usb'
../EWARM/startup_stm32l073xx.s:111: Error: bad instruction `default interrupt handlers.'
../EWARM/startup_stm32l073xx.s:113: Error: bad instruction `thumb'
../EWARM/startup_stm32l073xx.smake: *** [Drivers/STM32L0xx_HAL_Driver/Src/subdir.mk:223: Drivers/STM32L0xx_HAL_Driver/Src/stm32l0xx_hal_comp.o] Error 1
compilation terminated.
compilation terminated.
../Drivers/STM32L0xx_HAL_Driver/Src/stm32l0xx_hal_cortex.c:79:10: fatal error: stm32l0xx_hal.h: No such file or directory
   79 | #include "stm32l0xx_hal.h"
      |          ^~~~~~~~~~~~~~~~~
:114: Error: bad instruction `pubweak Reset_Handler'
../EWARM/startup_stm32l073xx.s:115: Error: bad instruction `section .text:CODE:NOROOT:REORDER(2)'
../EWARM/startup_stm32l073xx.s:116: Error: bad instruction `reset_handler'
../EWARM/startup_stm32l073xx.s:122: Error: bad instruction `pubweak NMI_Handler'
../EWARM/startup_stm32l073xx.s:123: Error: bad instruction `section .text:CODE:NOROOT:REORDER(1)'
../EWARM/startup_stm32l073xx.s:124: Error: bad instruction `nmi_handler'
../EWARM/startup_stm32l073xx.s:128: Error: bad instruction `pubweak HardFault_Handler'
../EWARM/startup_stm32l073xx.s:129: Error: bad instruction `section .text:CODE:NOROOT:REORDER(1)'
../EWARM/startup_stm32l073xx.s:130: Error: bad instruction `hardfault_handler'
../EWARM/startup_stm32l073xx.s:134: Error: bad instruction `pubweak SVC_Handler'
../EWARM/startup_stm32l073xx.s:135: Error: bad instruction `section .text:CODE:NOROOT:REORDER(1)'
../EWARM/startup_stm32l073xx.s:136: Error: bad instruction `svc_handler'
../EWARM/startup_stm32l073xx.s:140: Error: bad instruction `pubweak PendSV_Handler'
../EWARM/startup_stm32l073xx.s:141: Error: bad instruction `section .text:CODE:NOROOT:REORDER(1)'
../EWARM/startup_stm32l073xx.s:142: Error: bad instruction `pendsv_handler'
../EWARM/startup_stm32l073xx.s:146: Error: bad instruction `pubweak SysTick_Handler'
../EWARM/startup_stm32l073xx.s:147: Error: bad instruction `section .text:CODE:NOROOT:REORDER(1)'
../EWARM/startup_stm32l073xx.s:148: Error: bad instruction `systick_handler'
../EWARM/startup_stm32l073xx.s:152: Error: bad instruction `pubweak WWDG_IRQHandler'
../EWARM/startup_stm32l073xx.s:153: Error: bad instruction `section .text:CODE:NOROOT:REORDER(1)'
../EWARM/startup_stm32l073xx.s:154: Error: bad instruction `wwdg_irqhandler'
../EWARM/startup_stm32l073xx.s:158: Error: bad instruction `pubweak PVD_IRQHandler'
../EWARM/startup_stm32l073xx.s:159: Error: bad instruction `section .text:CODE:NOROOT:REORDER(1)'
../EWARM/startup_stm32l073xx.s:160: Error: bad instruction `pvd_irqhandler'
../EWARM/startup_stm32l073xx.s:164: Error: bad instruction `pubweak RTC_IRQHandler'
../EWARM/startup_stm32l073xx.s:165: Error: bad instruction `section .text:CODE:NOROOT:REORDER(1)'
../EWARM/startup_stm32l073xx.s:166: Error: bad instruction `rtc_irqhandler'
../EWARM/startup_stm32l073xx.s:170: Error: bad instruction `pubweak FLASH_IRQHandler'
../EWARM/startup_stm32l073xx.s:171: Error: bad instruction `section .text:CODE:NOROOT:REORDER(1)'
../EWARM/startup_stm32l073xx.s:172: Error: bad instruction `flash_irqhandler'
../EWARM/startup_stm32l073xx.s:176: Error: bad instruction `pubweak RCC_CRS_IRQHandler'
../EWARM/startup_stm32l073xx.s:177: Error: bad instruction `section .text:CODE:NOROOT:REORDER(1)'
../EWARM/startup_stm32l073xx.s:178: Error: bad instruction `rcc_crs_irqhandler'
../EWARM/startup_stm32l073xx.s:182: Error: bad instruction `pubweak EXTI0_1_IRQHandler'
../EWARM/startup_stm32l073xx.s:183: Error: bad instruction `section .text:CODE:NOROOT:REORDER(1)'
../EWARM/startup_stm32l073xx.s:184: Error: bad instruction `exti0_1_irqhandler'
../EWARM/startup_stm32l073xx.s:188: Error: bad instruction `pubweak EXTI2_3_IRQHandler'
../EWARM/startup_stm32l073xx.s:189: Error: bad instruction `section .text:CODE:NOROOT:REORDER(1)'
../EWARM/startup_stm32l073xx.s:190: Error: bad instruction `exti2_3_irqhandler'
../EWARM/startup_stm32l073xx.s:194: Error: bad instruction `pubweak EXTI4_15_IRQHandler'
../EWARM/startup_stm32l073xx.s:195: Error: bad instruction `section .text:CODE:NOROOT:REORDER(1)'
../EWARM/startup_stm32l073xx.s:196: Error: bad instruction `exti4_15_irqhandler'
../EWARM/startup_stm32l073xx.s:200: Error: bad instruction `pubweak TSC_IRQHandler'
../EWARM/startup_stm32l073xx.s:201: Error: bad instruction `section .text:CODE:NOROOT:REORDER(1)'
../EWARM/startup_stm32l073xx.s:202: Error: bad instruction `tsc_irqhandler'
../EWARM/startup_stm32l073xx.s:206: Error: bad instruction `pubweak DMA1_Channel1_IRQHandler'
../EWARM/startup_stm32l073xx.s:207: Error: bad instruction `section .text:CODE:NOROOT:REORDER(1)'
../EWARM/startup_stm32l073xx.scompilation terminated.
../Drivers/STM32L0xx_HAL_Driver/Src/stm32l0xx_hal_crc_ex.c:33:10: fatal error: stm32l0xx_hal.h: No such file or directory
   33 | #include "stm32l0xx_hal.h"
      |          ^~~~~~~~~~~~~~~~~
../Drivers/STM32L0xx_HAL_Driver/Src/stm32l0xx_hal_dac.c:230:10: fatal error: stm32l0xx_hal.h: No such file or directory
  230 | #include "stm32l0xx_hal.h"
      |          ^~~~~~~~~~~~~~~~~
../Drivers/STM32L0xx_HAL_Driver/Src/stm32l0xx_hal_dma.c:84:10: fatal error: stm32l0xx_hal.h: No such file or directory
   84 | #include "stm32l0xx_hal.h"
      |          ^~~~~~~~~~~~~~~~~
:208: Error: bad instruction `dma1_channel1_irqhandler'
../EWARM/startup_stm32l073xx.s:212: Error: bad instruction `pubweak DMA1_Channel2_3_IRQHandler'
../EWARM/startup_stm32l073xx.s:213: Error: bad instruction `section .text:CODE:NOROOT:REORDER(1)'
../EWARM/startup_stm32l073xx.s:214: Error: bad instruction `dma1_channel2_3_irqhandler'
../EWARM/startup_stm32l073xx.s:218: Error: bad instruction `pubweak DMA1_Channel4_5_6_7_IRQHandler'
../EWARM/startup_stm32l073xx.s:219: Error: bad instruction `section .text:CODE:NOROOT:REORDER(1)'
../EWARM/startup_stm32l073xx.s:220: Error: bad instruction `dma1_channel4_5_6_7_irqhandler'
../EWARM/startup_stm32l073xx.s:224: Error: bad instruction `pubweak ADC1_COMP_IRQHandler'
../EWARM/startup_stm32l073xx.s:225: Error: bad instruction `section .text:CODE:NOROOT:REORDER(1)'
../EWARM/startup_stm32l073xx.s:226: Error: bad instruction `adc1_comp_irqhandler'
../EWARM/startup_stm32l073xx.s:230: Error: bad instruction `pubweak LPTIM1_IRQHandler'
../EWARM/startup_stm32l073xx.s:231: Error: bad instruction `section .text:CODE:NOROOT:REORDER(1)'
../EWARM/startup_stm32l073xx.s:232: Error: bad instruction `lptim1_irqhandler'
../EWARM/startup_stm32l073xx.s:236: Error: bad instruction `pubweak USART4_5_IRQHandler'
../EWARM/startup_stm32l073xx.s:237: Error: bad instruction `section .text:CODE:NOROOT:REORDER(1)'
../EWARM/startup_stm32l073xx.s:238: Error: bad instruction `usart4_5_irqhandler'
../EWARM/startup_stm32l073xx.s:242: Error: bad instruction `pubweak TIM2_IRQHandler'
../EWARM/startup_stm32l073xx.s:243: Error: bad instruction `section .text:CODE:NOROOT:REORDER(1)'
../EWARM/startup_stm32l073xx.s:244: Error: bad instruction `tim2_irqhandler'
../EWARM/startup_stm32l073xx.s:248: Error: bad instruction `pubweak TIM3_IRQHandler'
../EWARM/startup_stm32l073xx.s:249: Error: bad instruction `section .text:CODE:NOROOT:REORDER(1)'
../EWARM/startup_stm32l073xx.s:250: Error: bad instruction `tim3_irqhandler'
../EWARM/startup_stm32l073xx.s:254: Error: bad instruction `pubweak TIM6_DAC_IRQHandler'
../EWARM/startup_stm32l073xx.s:255: Error: bad instruction `section .text:CODE:NOROOT:REORDER(1)'
../EWARM/startup_stm32l073xx.s:256: Error: bad instruction `tim6_dac_irqhandler'
../EWARM/startup_stm32l073xx.s:259: Error: bad instruction `pubweak TIM7_IRQHandler'
../EWARM/startup_stm32l073xx.s:260: Error: bad instruction `section .text:CODE:NOROOT:REORDER(1)'
../EWARM/startup_stm32l073xx.s:261: Error: bad instruction `tim7_irqhandler'
../EWARM/startup_stm32l073xx.s:264: Error: bad instruction `pubweak TIM21_IRQHandler'
../EWARM/startup_stm32l073xx.s:265: Error: bad instruction `section .text:CODE:NOROOT:REORDER(1)'
../EWARM/startup_stm32l073xx.s:266: Error: bad instruction `tim21_irqhandler'
../EWARM/startup_stm32l073xx.s:269: Error: bad instruction `pubweak I2C3_IRQHandler'
../EWARM/startup_stm32l073xx.s:270: Error: bad instruction `section .text:CODE:NOROOT:REORDER(1)'
../EWARM/startup_stm32l073xx.s:271: Error: bad instruction `i2c3_irqhandler'
../EWARM/startup_stm32l073xx.s:274: Error: bad instruction `pubweak TIM22_IRQHandler'
../EWARM/startup_stm32l073xx.s:275: Error: bad instruction `section .text:CODE:NOROOT:REORDER(1)'
../EWARM/startup_stm32l073xx.s:276: Error: bad instruction `tim22_irqhandler'
../EWARM/startup_stm32l073xx.s:280: Error: bad instruction `pubweak I2C1_IRQHandler'
../EWARM/startup_stm32l073xx.s:281: Error: bad instruction `section .text:CODE:NOROOT:REORDER(1)'
../EWARM/startup_stm32l073xx.s:282: Error: bad instruction `i2c1_irqhandler'
../EWARM/startup_stm32l073xx.s:286: Error: bad instruction `pubweak I2C2_IRQHandler'
../EWARM/startup_stm32l073xx.s:287: Error: bad instruction `section .text:CODE:NOROOT:REORDER(1)'
../EWARM/startup_stm32l073xx.s:288: Error: bad instruction `i2c2_irqhandler'
../EWARM/startup_stm32l073xx.s:292: Error: bad instruction `pubweak SPI1_IRQHandler'
../EWARM/startup_stm32l073xx.s:293: Error: bad instruction `section .text:CODE:NOROOT:REORDER(1)'
../EWARM/startup_stm32l073xx.s:294: Error: bad instruction `spi1_irqhandler'
../EWARM/startup_stm32l073xx.s:298: Error: bad instrucmake: *** [Drivers/STM32L0xx_HAL_Driver/Src/subdir.mk:223: Drivers/STM32L0xx_HAL_Driver/Src/stm32l0xx_hal_crc.o] Error 1
compilation terminated.
compilation terminated.
compilation terminated.
../Drivers/STM32L0xx_HAL_Driver/Src/stm32l0xx_hal_dac_ex.c:40:10: fatal error: stm32l0xx_hal.h: No such file or directory
   40 | #include "stm32l0xx_hal.h"
      |          ^~~~~~~~~~~~~~~~~
make: *** [Drivers/STM32L0xx_HAL_Driver/Src/subdir.mk:223: Drivers/STM32L0xx_HAL_Driver/Src/stm32l0xx_hal_adc_ex.o] Error 1
make: *** [Drivers/STM32L0xx_HAL_Driver/Src/subdir.mk:223: Drivers/STM32L0xx_HAL_Driver/Src/stm32l0xx_hal_cortex.o] Error 1
compilation terminated.
tion `pubweak SPI2_IRQHandler'
../EWARM/startup_stm32l073xx.s:299: Error: bad instruction `section .text:CODE:NOROOT:REORDER(1)'
../EWARM/startup_stm32l073xx.s:300: Error: bad instruction `spi2_irqhandler'
../EWARM/startup_stm32l073xx.s:304: Error: bad instruction `pubweak USART1_IRQHandler'
../EWARM/startup_stm32l073xx.s:305: Error: bad instruction `section .text:CODE:NOROOT:REORDER(1)'
../EWARM/startup_stm32l073xx.s:306: Error: bad instruction `usart1_irqhandler'
../EWARM/startup_stm32l073xx.s:310: Error: bad instruction `pubweak USART2_IRQHandler'
../EWARM/startup_stm32l073xx.s:311: Error: bad instruction `section .text:CODE:NOROOT:REORDER(1)'
../EWARM/startup_stm32l073xx.s:312: Error: bad instruction `usart2_irqhandler'
../EWARM/startup_stm32l073xx.s:316: Error: bad instruction `pubweak RNG_LPUART1_IRQHandler'
../EWARM/startup_stm32l073xx.s:317: Error: bad instruction `section .text:CODE:NOROOT:REORDER(1)'
../EWARM/startup_stm32l073xx.s:318: Error: bad instruction `rng_lpuart1_irqhandler'
../EWARM/startup_stm32l073xx.s:322: Error: bad instruction `pubweak LCD_IRQHandler'
../EWARM/startup_stm32l073xx.s:323: Error: bad instruction `section .text:CODE:NOROOT:REORDER(1)'
../EWARM/startup_stm32l073xx.s:324: Error: bad instruction `lcd_irqhandler'
../EWARM/startup_stm32l073xx.s:327: Error: bad instruction `pubweak USB_IRQHandler'
../EWARM/startup_stm32l073xx.s:328: Error: bad instruction `section .text:CODE:NOROOT:REORDER(1)'
../EWARM/startup_stm32l073xx.s:329: Error: bad instruction `usb_irqhandler'
../EWARM/startup_stm32l073xx.s:332: Error: bad instruction `end'
../EWARM/startup_stm32l073xx.s:333: Error: junk at end of line, first unrecognized character is `*'
make: *** [Drivers/STM32L0xx_HAL_Driver/Src/subdir.mk:223: Drivers/STM32L0xx_HAL_Driver/Src/stm32l0xx_hal_dma.o] Error 1
make: *** [Drivers/STM32L0xx_HAL_Driver/Src/subdir.mk:223: Drivers/STM32L0xx_HAL_Driver/Src/stm32l0xx_hal_crc_ex.o] Error 1
make: *** [Drivers/STM32L0xx_HAL_Driver/Src/subdir.mk:223: Drivers/STM32L0xx_HAL_Driver/Src/stm32l0xx_hal_dac.o] Error 1
make: *** [EWARM/subdir.mk:19: EWARM/startup_stm32l073xx.o] Error 1
make: *** [Drivers/STM32L0xx_HAL_Driver/Src/subdir.mk:223: Drivers/STM32L0xx_HAL_Driver/Src/stm32l0xx_hal_dac_ex.o] Error 1
"make -j12 all" terminated with exit code 2. Build might be incomplete.
20:01:42 **** Incremental Build of configuration Debug for project SysBee_Tests_nucleo ****
make -j12 all 
arm-none-eabi-gcc -mcpu=cortex-m0plus -g3 -DDEBUG -c -x assembler-with-cpp -MMD -MP -MF"EWARM/startup_stm32l073xx.d" -MT"EWARM/startup_stm32l073xx.o" --specs=nano.specs -mfloat-abi=soft -mthumb -o "EWARM/startup_stm32l073xx.o" "../EWARM/startup_stm32l073xx.s"
arm-none-eabi-gcc "../Drivers/STM32L0xx_HAL_Driver/Src/stm32l0xx_hal.c" -mcpu=cortex-m0plus -std=gnu11 -g3 -DDEBUG -DUSE_HAL_DRIVER -DSTM32L073xx -c -I../../Core/Inc -I../../Drivers/STM32L0xx_HAL_Driver/Inc -I../../Drivers/STM32L0xx_HAL_Driver/Inc/Legacy -I../../Drivers/CMSIS/Device/ST/STM32L0xx/Include -I../../Drivers/CMSIS/Include -O0 -ffunction-sections -fdata-sections -Wall -fstack-usage -MMD -MP -MF"Drivers/STM32L0xx_HAL_Driver/Src/stm32l0xx_hal.d" -MT"Drivers/STM32L0xx_HAL_Driver/Src/stm32l0xx_hal.o" --specs=nano.specs -mfloat-abi=soft -mthumb -o "Drivers/STM32L0xx_HAL_Driver/Src/stm32l0xx_hal.o"
arm-none-eabi-gcc "../Drivers/STM32L0xx_HAL_Driver/Src/stm32l0xx_hal_adc.c" -mcpu=cortex-m0plus -std=gnu11 -g3 -DDEBUG -DUSE_HAL_DRIVER -DSTM32L073xx -c -I../../Core/Inc -I../../Drivers/STM32L0xx_HAL_Driver/Inc -I../../Drivers/STM32L0xx_HAL_Driver/Inc/Legacy -I../../Drivers/CMSIS/Device/ST/STM32L0xx/Include -I../../Drivers/CMSIS/Include -O0 -ffunction-sections -fdata-sections -Wall -fstack-usage -MMD -MP -MF"Drivers/STM32L0xx_HAL_Driver/Src/stm32l0xx_hal_adc.d" -MT"Drivers/STM32L0xx_HAL_Driver/Src/stm32l0xx_hal_adc.o" --specs=nano.specs -mfloat-abi=soft -mthumb -o "Drivers/STM32L0xx_HAL_Driver/Src/stm32l0xx_hal_adc.o"
arm-none-eabi-gcc "../Drivers/STM32L0xx_HAL_Driver/Src/stm32l0xx_hal_adc_ex.c" -mcpu=cortex-m0plus -std=gnu11 -g3 -DDEBUG -DUSE_HAL_DRIVER -DSTM32L073xx -c -I../../Core/Inc -I../../Drivers/STM32L0xx_HAL_Driver/Inc -I../../Drivers/STM32L0xx_HAL_Driver/Inc/Legacy -I../../Drivers/CMSIS/Device/ST/STM32L0xx/Include -I../../Drivers/CMSIS/Include -O0 -ffunction-sections -fdata-sections -Wall -fstack-usage -MMD -MP -MF"Drivers/STM32L0xx_HAL_Driver/Src/stm32l0xx_hal_adc_ex.d" -MT"Drivers/STM32L0xx_HAL_Driver/Src/stm32l0xx_hal_adc_ex.o" --specs=nano.specs -mfloat-abi=soft -mthumb -o "Drivers/STM32L0xx_HAL_Driver/Src/stm32l0xx_hal_adc_ex.o"
arm-none-eabi-gcc "../Drivers/STM32L0xx_HAL_Driver/Src/stm32l0xx_hal_comp.c" -mcpu=cortex-m0plus -std=gnu11 -g3 -DDEBUG -DUSE_HAL_DRIVER -DSTM32L073xx -c -I../../Core/Inc -I../../Drivers/STM32L0xx_HAL_Driver/Inc -I../../Drivers/STM32L0xx_HAL_Driver/Inc/Legacy -I../../Drivers/CMSIS/Device/ST/STM32L0xx/Include -I../../Drivers/CMSIS/Include -O0 -ffunction-sections -fdata-sections -Wall -fstack-usage -MMD -MP -MF"Drivers/STM32L0xx_HAL_Driver/Src/stm32l0xx_hal_comp.d" -MT"Drivers/STM32L0xx_HAL_Driver/Src/stm32l0xx_hal_comp.o" --specs=nano.specs -mfloat-abi=soft -mthumb -o "Drivers/STM32L0xx_HAL_Driver/Src/stm32l0xx_hal_comp.o"
arm-none-eabi-gcc "../Drivers/STM32L0xx_HAL_Driver/Src/stm32l0xx_hal_comp_ex.c" -mcpu=cortex-m0plus -std=gnu11 -g3 -DDEBUG -DUSE_HAL_DRIVER -DSTM32L073xx -c -I../../Core/Inc -I../../Drivers/STM32L0xx_HAL_Driver/Inc -I../../Drivers/STM32L0xx_HAL_Driver/Inc/Legacy -I../../Drivers/CMSIS/Device/ST/STM32L0xx/Include -I../../Drivers/CMSIS/Include -O0 -ffunction-sections -fdata-sections -Wall -fstack-usage -MMD -MP -MF"Drivers/STM32L0xx_HAL_Driver/Src/stm32l0xx_hal_comp_ex.d" -MT"Drivers/STM32L0xx_HAL_Driver/Src/stm32l0xx_hal_comp_ex.o" --specs=nano.specs -mfloat-abi=soft -mthumb -o "Drivers/STM32L0xx_HAL_Driver/Src/stm32l0xx_hal_comp_ex.o"
arm-none-eabi-gcc "../Drivers/STM32L0xx_HAL_Driver/Src/stm32l0xx_hal_cortex.c" -mcpu=cortex-m0plus -std=gnu11 -g3 -DDEBUG -DUSE_HAL_DRIVER -DSTM32L073xx -c -I../../Core/Inc -I../../Drivers/STM32L0xx_HAL_Driver/Inc -I../../Drivers/STM32L0xx_HAL_Driver/Inc/Legacy -I../../Drivers/CMSIS/Device/ST/STM32L0xx/Include -I../../Drivers/CMSIS/Include -O0 -ffunction-sections -fdata-sections -Wall -fstack-usage -MMD -MP -MF"Drivers/STM32L0xx_HAL_Driver/Src/stm32l0xx_hal_cortex.d" -MT"Drivers/STM32L0xx_HAL_Driver/Src/stm32l0xx_hal_cortex.o" --specs=nano.specs -mfloat-abi=soft -mthumb -o "Drivers/STM32L0xx_HAL_Driver/Src/stm32l0xx_hal_cortex.o"
arm-none-eabi-gcc "../Drivers/STM32L0xx_HAL_Driver/Src/stm32l0xx_hal_crc.c" -mcpu=cortex-m0plus -std=gnu11 -g3 -DDEBUG -DUSE_HAL_DRIVER -DSTM32L073xx -c -I../../Core/Inc -I../../Drivers/STM32L0xx_HAL_Driver/Inc -I../../Drivers/STM32L0xx_HAL_Driver/Inc/Legacy -I../../Drivers/CMSIS/Device/ST/STM32L0xx/Include -I../../Drivers/CMSIS/Include -O0 -ffunction-sections -fdata-sections -Wall -fstack-usage -MMD -MP -MF"Drivers/STM32L0xx_HAL_Driver/Src/stm32l0xx_hal_crc.d" -MT"Drivers/STM32L0xx_HAL_Driver/Src/stm32l0xx_hal_crc.o" --specs=nano.specs -mfloat-abi=soft -mthumb -o "Drivers/STM32L0xx_HAL_Driver/Src/stm32l0xx_hal_crc.o"
arm-none-eabi-gcc "../Drivers/STM32L0xx_HAL_Driver/Src/stm32l0xx_hal_crc_ex.c" -mcpu=cortex-m0plus -std=gnu11 -g3 -DDEBUG -DUSE_HAL_DRIVER -DSTM32L073xx -c -I../../Core/Inc -I../../Drivers/STM32L0xx_HAL_Driver/Inc -I../../Drivers/STM32L0xx_HAL_Driver/Inc/Legacy -I../../Drivers/CMSIS/Device/ST/STM32L0xx/Include -I../../Drivers/CMSIS/Include -O0 -ffunction-sections -fdata-sections -Wall -fstack-usage -MMD -MP -MF"Drivers/STM32L0xx_HAL_Driver/Src/stm32l0xx_hal_crc_ex.d" -MT"Drivers/STM32L0xx_HAL_Driver/Src/stm32l0xx_hal_crc_ex.o" --specs=nano.specs -mfloat-abi=soft -mthumb -o "Drivers/STM32L0xx_HAL_Driver/Src/stm32l0xx_hal_crc_ex.o"
arm-none-eabi-gcc "../Drivers/STM32L0xx_HAL_Driver/Src/stm32l0xx_hal_dac.c" -mcpu=cortex-m0plus -std=gnu11 -g3 -DDEBUG -DUSE_HAL_DRIVER -DSTM32L073xx -c -I../../Core/Inc -I../../Drivers/STM32L0xx_HAL_Driver/Inc -I../../Drivers/STM32L0xx_HAL_Driver/Inc/Legacy -I../../Drivers/CMSIS/Device/ST/STM32L0xx/Include -I../../Drivers/CMSIS/Include -O0 -ffunction-sections -fdata-sections -Wall -fstack-usage -MMD -MP -MF"Drivers/STM32L0xx_HAL_Driver/Src/stm32l0xx_hal_dac.d" -MT"Drivers/STM32L0xx_HAL_Driver/Src/stm32l0xx_hal_dac.o" --specs=nano.specs -mfloat-abi=soft -mthumb -o "Drivers/STM32L0xx_HAL_Driver/Src/stm32l0xx_hal_dac.o"
arm-none-eabi-gcc "../Drivers/STM32L0xx_HAL_Driver/Src/stm32l0xx_hal_dac_ex.c" -mcpu=cortex-m0plus -std=gnu11 -g3 -DDEBUG -DUSE_HAL_DRIVER -DSTM32L073xx -c -I../../Core/Inc -I../../Drivers/STM32L0xx_HAL_Driver/Inc -I../../Drivers/STM32L0xx_HAL_Driver/Inc/Legacy -I../../Drivers/CMSIS/Device/ST/STM32L0xx/Include -I../../Drivers/CMSIS/Include -O0 -ffunction-sections -fdata-sections -Wall -fstack-usage -MMD -MP -MF"Drivers/STM32L0xx_HAL_Driver/Src/stm32l0xx_hal_dac_ex.d" -MT"Drivers/STM32L0xx_HAL_Driver/Src/stm32l0xx_hal_dac_ex.o" --specs=nano.specs -mfloat-abi=soft -mthumb -o "Drivers/STM32L0xx_HAL_Driver/Src/stm32l0xx_hal_dac_ex.o"
arm-none-eabi-gcc "../Drivers/STM32L0xx_HAL_Driver/Src/stm32l0xx_hal_dma.c" -mcpu=cortex-m0plus -std=gnu11 -g3 -DDEBUG -DUSE_HAL_DRIVER -DSTM32L073xx -c -I../../Core/Inc -I../../Drivers/STM32L0xx_HAL_Driver/Inc -I../../Drivers/STM32L0xx_HAL_Driver/Inc/Legacy -I../../Drivers/CMSIS/Device/ST/STM32L0xx/Include -I../../Drivers/CMSIS/Include -O0 -ffunction-sections -fdata-sections -Wall -fstack-usage -MMD -MP -MF"Drivers/STM32L0xx_HAL_Driver/Src/stm32l0xx_hal_dma.d" -MT"Drivers/STM32L0xx_HAL_Driver/Src/stm32l0xx_hal_dma.o" --specs=nano.specs -mfloat-abi=soft -mthumb -o "Drivers/STM32L0xx_HAL_Driver/Src/stm32l0xx_hal_dma.o"
../Drivers/STM32L0xx_HAL_Driver/Src/stm32l0xx_hal.c:36:10: fatal error: stm32l0xx_hal.h: No such file or directory
   36 | #include "stm32l0xx_hal.h"
      |          ^~~~~~~~~~~~~~~~~
compilation terminated.
../Drivers/STM32L0xx_HAL_Driver/Src/stm32l0xx_hal_adc.c:304:10: fatal error: stm32l0xx_hal.h: No such file or directory
  304 | #include "stm32l0xx_hal.h"
      |          ^~~~~~~~~~~~~~~~~
compilation terminated.
../Drivers/STM32L0xx_HAL_Driver/Src/stm32l0xx_hal_adc_ex.c:36:10: fatal error: stm32l0xx_hal.h: No such file or directory
   36 | #include "stm32l0xx_hal.h"
      |          ^~~~~~~~~~~~~~~~~
compilation terminated.
../EWARM/startup_stm32l073xx.s: Assembler messages:
../EWARM/startup_stm32l073xx.s:1: Error: junk at end of line, first unrecognized character is `*'
../EWARM/startup_stm32l073xx.s:2: Error: junk at end of line, first unrecognized character is `*'
../EWARM/startup_stm32l073xx.s:3: Error: junk at end of line, first unrecognized character is `*'
../EWARM/startup_stm32l073xx.s:4: Error: junk at end of line, first unrecognized character is `*'
../EWARM/startup_stm32l073xx.s:5: Error: junk at end of line, first unrecognized character is `*'
../EWARM/startup_stm32l073xx.s:6: Error: junk at end of line, first unrecognized character is `*'
../EWARM/startup_stm32l073xx.s:7: Error: junk at end of line, first unrecognized character is `*'
../EWARM/startup_stm32l073xx.s:8: Error: junk at end of line, first unrecognized character is `*'
../EWARM/startup_stm32l073xx.s:9: Error: junk at end of line, first unrecognized character is `*'
../EWARM/startup_stm32l073xx.s:10: Error: junk at end of line, first unrecognized character is `*'
../EWARM/startup_stm32l073xx.s:11: Error: junk at end of line, first unrecognized character is `*'
../EWARM/startup_stm32l073xx.s:12: Error: junk at end of line, first unrecognized character is `*'
../EWARM/startup_stm32l073xx.s:13: Error: junk at end of line, first unrecognized character is `*'
../EWARM/startup_stm32l073xx.s:14: Error: junk at end of line, first unrecognized character is `*'
../EWARM/startup_stm32l073xx.s:15: Error: junk at end of line, first unrecognized character is `*'
../EWARM/startup_stm32l073xx.s:16: Error: junk at end of line, first unrecognized character is `*'
../EWARM/startup_stm32l073xx.s:17: Error: junk at end of line, first unrecognized character is `*'
../EWARM/startup_stm32l073xx.s:18: Error: junk at end of line, first unrecognized character is `*'
../EWARM/startup_stm32l073xx.s:18: Error: bad instruction `copyright (c)2016 STMicroelectronics.'
../EWARM/startup_stm32l073xx.s:19: Error: junk at end of line, first unrecognized character is `*'
../EWARM/startup_stm32l073xx.s:20: Error: junk at end of line, first unrecognized character is `*'
../EWARM/startup_stm32l073xx.s:21: Error: junk at end of line, first unrecognized character is `*'
../EWARM/startup_stm32l073xx.s:22: Error: junk at end of line, first unrecognized character is `*'
../EWARM/startup_stm32l073xx.s:22: Error: bad instruction `you may not use this file except in compliance with the'
../EWARM/startup_stm32l073xx.s:23: Error: junk at end of line, first unrecognized character is `*'
../EWARM/startup_stm32l073xx.s:24: Error: junk at end of line, first unrecognized character is `*'
../EWARM/startup_stm32l073xx.s:25: Error: junk at end of line, first unrecognized character is `*'
../EWARM/startup_stm32l073xx.s:26: Error: junk at end of line, first unrecognized character is `*'
../EWARM/startup_stm32l073xx.s:29: Error: bad instruction `the modules in this file are included in the libraries,and may be replaced'
../EWARM/startup_stm32l073xx.s:30: Error: bad instruction `by any user-defined modules that define the PUBLIC symbol _program_start or'
../EWARM/startup_stm32l073xx.s:31: Error: bad instruction `a user defined start symbol.'
../EWARM/startup_stm32l073xx.s:32: Error: bad instruction `to override the cstartup defined in the library,simply add your modified'
../EWARM/startup_stm32l073xx.s:33: Error: bad instruction `version to the workbench project.'
../EWARM/startup_stm32l073xx.s:35: Error: bad instruction `the vector table is normally located at address 0.'
../EWARM/startup_stm32l073xx.s:36: Error: bad instruction `when debugging in RAM,it can be located in RAM,aligned to at least 2^6.'
../EWARM/startup_stm32l073xx.s:37: Error: bad instruction `the name "__vector_table"has special meaning for C-SPY:'
../EWARM/startup_stm32l073xx.s:38: Error: selected processor does not support `it is where the SP start value is found,and the NVIC vector' in Thumb mode
../EWARM/startup_stm32l073xx.s:39: Error: bad instruction `table register(VTOR)is initialized to this address if!=0.'
../EWARM/startup_stm32l073xx.s:41: Error: bad instruction `cortex-M version'
../EWARM/startup_stm32l073xx.s:44: Error: bad instruction `module ?cstartup'
../EWARM/startup_stm32l073xx.s:46: Error: bad instruction `forward declaration of sections.'
../EWARM/startup_stm32l073xx.s:47: Error: bad instruction `section CSTACK:DATA:NOROOT(3)'
../EWARM/startup_stm32l073xx.s:49: Error: bad instruction `section .intvec:CODE:NOROOT(2)'
../EWARM/startup_stm32l073xx.s:51: Error: bad instruction `extern __iar_program_start'
../EWARM/startup_stm32l073xx.s:52: Error: bad instruction `extern SystemInit'
../EWARM/startup_stm32l073xx.s:53: Error: bad instruction `public __vector_table'
../EWARM/startup_stm32l073xx.s:55: Error: bad instruction `data'
../EWARM/startup_stm32l073xx.s:56: Error: bad instruction `__vector_table'
../EWARM/startup_stm32l073xx.s:57: Error: bad instruction `dcd sfe(CSTACK)'
../EWARM/startup_stm32l073xx.s:58: Error: bad instruction `dcd Reset_Handler'
../EWARM/startup_stm32l073xx.s:58: Error: bad instruction `reset Handler'
../EWARM/startup_stm32l073xx.s:60: Error: bad instruction `dcd NMI_Handler'
../EWARM/startup_stm32l073xx.s:60: Error: bad instruction `nmi Handler'
../EWARM/startup_stm32l073xx.s:61: Error: bad instruction `dcd HardFault_Handler'
../EWARM/startup_stm32l073xx.s:61: Error: bad instruction `hard Fault Handler'
../EWARM/startup_stm32l073xx.s:62: Error: bad instruction `dcd 0'
../EWARM/startup_stm32l073xx.s:62: Error: bad instruction `reserved'
../EWARM/startup_stm32l073xx.s:63: Error: bad instruction `dcd 0'
../EWARM/startup_stm32l073xx.s:63: Error: bad instruction `reserved'
../EWARM/startup_stm32l073xx.s:64: Error: bad instruction `dcd 0'
../EWARM/startup_stm32l073xx.s:64: Error: bad instruction `reserved'
../EWARM/startup_stm32l073xx.s:65: Error: bad instruction `dcd 0'
../EWARM/startup_stm32l073xx.s:65: Error: bad instruction `reserved'
../EWARM/startup_stm32l073xx.s:66: Error: bad instruction `dcd 0'
../EWARM/startup_stm32l073xx.s:66: Error: bad instruction `reserved'
../EWARM/startup_stm32l073xx.s:67: Error: bad instruction `dcd 0'
../EWARM/startup_stm32l073xx.s:67: Error: bad instruction `reserved'
../EWARM/startup_stm32l073xx.s:68: Error: bad instruction `dcd 0'
../EWARM/startup_stm32l073xx.s:68: Error: bad instruction `reserved'
../EWARM/startup_stm32l073xx.s:69: Error: bad instruction `dcd SVC_Handler'
../EWARM/startup_stm32l073xx.s:69: Error: bad instruction `svcall Handler'
../EWARM/startup_stm32l073xx.s:70: Error: bad instruction `dcd 0'
../EWARM/startup_stm32l073xx.s:70: Error: bad instruction `reserved'
../EWARM/startup_stm32l073xx.s:71: Error: bad instruction `dcd 0'
../EWARM/startup_stm32l073xx.s:71: Error: bad instruction `reserved'
../EWARM/startup_stm32l073xx.s:72: Error: bad instruction `dcd PendSV_Handler'
../EWARM/startup_stm32l073xx.s:72: Error: bad instruction `pendsv Handler'
../EWARM/startup_stm32l073xx.s:73: Error: bad instruction `dcd SysTick_Handler'
../EWARM/startup_stm32l073xx.s:73: Error: bad instruction `systick Handler'
../EWARM/startup_stm32l073xx.s:75: Error: bad instruction `external Interrupts'
../EWARM/startup_stm32l073xx.s:76: Error: bad instruction `dcd WWDG_IRQHandler'
../EWARM/startup_stm32l073xx.s:76: Error: bad instruction `window Watchdog'
../EWARM/startup_stm32l073xx.s:77: Error: bad instruction `dcd PVD_IRQHandler'
../EWARM/startup_stm32l073xx.s:77: Error: bad instruction `pvd through EXTI Line detect'
../EWARM/startup_stm32l073xx.s:78: Error: bad instruction `dcd RTC_IRQHandler'
../EWARM/startup_stm32l073xx.s:78: Error: bad instruction `rtc through EXTI Line'
../EWARM/startup_stm32l073xx.s:79: Error: bad instruction `dcd FLASH_IRQHandler'
../EWARM/startup_stm32l073xx.s:79: Error: bad instruction `flash'
../EWARM/startup_stm32l073xx.s:80: Error: bad instruction `dcd RCC_CRS_IRQHandler'
../EWARM/startup_stm32l073xx.s:80: Error: bad instruction `rcc_crs'
../EWARM/startup_stm32l073xx.s:81: Error: bad instruction `dcd EXTI0_1_IRQHandler'
../EWARM/startup_stm32l073xx.s:81: Error: bad instruction `exti Line 0 and 1'
../EWARM/startup_stm32l073xx.s:82: Error: bad instruction `dcd EXTI2_3_IRQHandler'
../EWARM../Drivers/STM32L0xx_HAL_Driver/Src/stm32l0xx_hal_cortex.c:79:10: fatal error: stm32l0xx_hal.h: No such file or directory
   79 | #include "stm32l0xx_hal.h"
      |          ^~~~~~~~~~~~~~~~~
../Drivers/STM32L0xx_HAL_Driver/Src/stm32l0xx_hal_comp.c:193:10: fatal error: stm32l0xx_hal.h: No such file or directory
  193 | #include "stm32l0xx_hal.h"
      |          ^~~~~~~~~~~~~~~~~
compilation terminated.
make: *** [Drivers/STM32L0xx_HAL_Driver/Src/subdir.mk:223: Drivers/STM32L0xx_HAL_Driver/Src/stm32l0xx_hal.o] Error 1
/startup_stm32l073xx.s:82: Error: bad instruction `exti Line 2 and 3'
../EWARM/startup_stm32l073xx.s:83: Error: bad instruction `dcd EXTI4_15_IRQHandler'
../EWARM/startup_stm32l073xx.s:83: Error: bad instruction `exti Line 4 to 15'
../EWARM/startup_stm32l073xx.s:84: Error: bad instruction `dcd TSC_IRQHandler'
../EWARM/startup_stm32l073xx.s:84: Error: bad instruction `tsc'
../EWARM/startup_stm32l073xx.s:85: Error: bad instruction `dcd DMA1_Channel1_IRQHandler'
../EWARM/startup_stm32l073xx.s:85: Error: bad instruction `dma1 Channel 1'
../EWARM/startup_stm32l073xx.s:86: Error: bad instruction `dcd DMA1_Channel2_3_IRQHandler'
../EWARM/startup_stm32l073xx.s:86: Error: bad instruction `dma1 Channel 2 and Channel 3'
../EWARM/startup_stm32l073xx.s:87: Error: bad instruction `dcd DMA1_Channel4_5_6_7_IRQHandler'
../EWARM/startup_stm32l073xx.s:87: Error: bad instruction `dma1 Channel 4,Channel 5,Channel 6 and Channel 7'
../EWARM/startup_stm32l073xx.s:88: Error: bad instruction `dcd ADC1_COMP_IRQHandler'
../EWARM/startup_stm32l073xx.s:88: Error: bad instruction `adc1, COMP1 and COMP2'
../EWARM/startup_stm32l073xx.s:89: Error: bad instruction `dcd LPTIM1_IRQHandler'
../EWARM/startup_stm32l073xx.s:89: Error: bad instruction `lptim1'
../EWARM/startup_stm32l073xx.s:90: Error: bad instruction `dcd USART4_5_IRQHandler'
../EWARM/startup_stm32l073xx.s:90: Error: bad instruction `usart4 and USART5'
../EWARM/startup_stm32l073xx.s:91: Error: bad instruction `dcd TIM2_IRQHandler'
../EWARM/startup_stm32l073xx.s:91: Error: bad instruction `tim2'
../EWARM/startup_stm32l073xx.s:92: Error: bad instruction `dcd TIM3_IRQHandler'
../EWARM/startup_stm32l073xx.s:92: Error: bad instruction `tim3'
../EWARM/startup_stm32l073xx.s:93: Error: bad instruction `dcd TIM6_DAC_IRQHandler'
../EWARM/startup_stm32l073xx.s:93: Error: bad instruction `tim6 and DAC'
../EWARM/startup_stm32l073xx.s:94: Error: bad instruction `dcd TIM7_IRQHandler'
../EWARM/startup_stm32l073xx.s:94: Error: bad instruction `tim7'
../EWARM/startup_stm32l073xx.s:95: Error: bad instruction `dcd 0'
../EWARM/startup_stm32l073xx.s:95: Error: bad instruction `reserved'
../EWARM/startup_stm32l073xx.s:96: Error: bad instruction `dcd TIM21_IRQHandler'
../EWARM/startup_stm32l073xx.s:96: Error: bad instruction `tim21'
../EWARM/startup_stm32l073xx.s:97: Error: bad instruction `dcd I2C3_IRQHandler'
../EWARM/startup_stm32l073xx.s:97: Error: bad instruction `i2c3'
../EWARM/startup_stm32l073xx.s:98: Error: bad instruction `dcd TIM22_IRQHandler'
../EWARM/startup_stm32l073xx.s:98: Error: bad instruction `tim22'
../EWARM/startup_stm32l073xx.s:99: Error: bad instruction `dcd I2C1_IRQHandler'
../EWARM/startup_stm32l073xx.s:99: Error: bad instruction `i2c1'
../EWARM/startup_stm32l073xx.s:100: Error: bad instruction `dcd I2C2_IRQHandler'
../EWARM/startup_stm32l073xx.s:100: Error: bad instruction `i2c2'
../EWARM/startup_stm32l073xx.s:101: Error: bad instruction `dcd SPI1_IRQHandler'
../EWARM/startup_stm32l073xx.s:101: Error: bad instruction `spi1'
../EWARM/startup_stm32l073xx.s:102: Error: bad instruction `dcd SPI2_IRQHandler'
../EWARM/startup_stm32l073xx.s:102: Error: bad instruction `spi2'
../EWARM/startup_stm32l073xx.s:103: Error: bad instruction `dcd USART1_IRQHandler'
../EWARM/startup_stm32l073xx.s:103: Error: bad instruction `usart1'
../EWARM/startup_stm32l073xx.s:104: Error: bad instruction `dcd USART2_IRQHandler'
../EWARM/startup_stm32l073xx.s:104: Error: bad instruction `usart2'
../EWARM/startup_stm32l073xx.s:105: Error: bad instruction `dcd RNG_LPUART1_IRQHandler'
../EWARM/startup_stm32l073xx.s:105: Error: bad instruction `rng and LPUART1'
../EWARM/startup_stm32l073xx.s:106: Error: bad instruction `dcd LCD_IRQHandler'
../EWARM/startup_stm32l073xx.s:106: Error: bad instruction `lcd'
../EWARM/startup_stm32l073xx.s:107: Error: bad instruction `dcd USB_IRQHandler'
../EWARM/startup_stm32l073xx.s:107: Error: bad instruction `usb'
../EWARM/startup_stm32l073xx.s:111: Error: bad instruction `default interrupt handlers.'
../EWARM/startup_stm32l073xx.s:113: Error: bad instruction `thumb'
../EWARM/startup_stm32l073xx.scompilation terminated.
../Drivers/STM32L0xx_HAL_Driver/Src/stm32l0xx_hal_comp_ex.c:38:10: fatal error: stm32l0xx_hal.h: No such file or directory
   38 | #include "stm32l0xx_hal.h"
      |          ^~~~~~~~~~~~~~~~~
make: *** Waiting for unfinished jobs....
../Drivers/STM32L0xx_HAL_Driver/Src/stm32l0xx_hal_crc_ex.c:33:10: fatal error: stm32l0xx_hal.h: No such file or directory
   33 | #include "stm32l0xx_hal.h"
      |          ^~~~~~~~~~~~~~~~~
:114: Error: bad instruction `pubweak Reset_Handler'
../EWARM/startup_stm32l073xx.s:115: Error: bad instruction `section .text:CODE:NOROOT:REORDER(2)'
../EWARM/startup_stm32l073xx.s:116: Error: bad instruction `reset_handler'
../EWARM/startup_stm32l073xx.s:122: Error: bad instruction `pubweak NMI_Handler'
../EWARM/startup_stm32l073xx.s:123: Error: bad instruction `section .text:CODE:NOROOT:REORDER(1)'
../EWARM/startup_stm32l073xx.s:124: Error: bad instruction `nmi_handler'
../EWARM/startup_stm32l073xx.s:128: Error: bad instruction `pubweak HardFault_Handler'
../EWARM/startup_stm32l073xx.s:129: Error: bad instruction `section .text:CODE:NOROOT:REORDER(1)'
../EWARM/startup_stm32l073xx.s:130: Error: bad instruction `hardfault_handler'
../EWARM/startup_stm32l073xx.s:134: Error: bad instruction `pubweak SVC_Handler'
../EWARM/startup_stm32l073xx.s:135: Error: bad instruction `section .text:CODE:NOROOT:REORDER(1)'
../EWARM/startup_stm32l073xx.s:136: Error: bad instruction `svc_handler'
../EWARM/startup_stm32l073xx.s:140: Error: bad instruction `pubweak PendSV_Handler'
../EWARM/startup_stm32l073xx.s:141: Error: bad instruction `section .text:CODE:NOROOT:REORDER(1)'
../EWARM/startup_stm32l073xx.s:142: Error: bad instruction `pendsv_handler'
../EWARM/startup_stm32l073xx.s:146: Error: bad instruction `pubweak SysTick_Handler'
../EWARM/startup_stm32l073xx.s:147: Error: bad instruction `section .text:CODE:NOROOT:REORDER(1)'
../EWARM/startup_stm32l073xx.s:148: Error: bad instruction `systick_handler'
../EWARM/startup_stm32l073xx.s:152: Error: bad instruction `pubweak WWDG_IRQHandler'
../EWARM/startup_stm32l073xx.s:153: Error: bad instruction `section .text:CODE:NOROOT:REORDER(1)'
../EWARM/startup_stm32l073xx.s:154: Error: bad instruction `wwdg_irqhandler'
../EWARM/startup_stm32l073xx.s:158: Error: bad instruction `pubweak PVD_IRQHandler'
../EWARM/startup_stm32l073xx.s:159: Error: bad instruction `section .text:CODE:NOROOT:REORDER(1)'
../EWARM/startup_stm32l073xx.s:160: Error: bad instruction `pvd_irqhandler'
../EWARM/startup_stm32l073xx.s:164: Error: bad instruction `pubweak RTC_IRQHandler'
../EWARM/startup_stm32l073xx.s:165: Error: bad instruction `section .text:CODE:NOROOT:REORDER(1)'
../EWARM/startup_stm32l073xx.s:166: Error: bad instruction `rtc_irqhandler'
../EWARM/startup_stm32l073xx.s:170: Error: bad instruction `pubweak FLASH_IRQHandler'
../EWARM/startup_stm32l073xx.s:171: Error: bad instruction `section .text:CODE:NOROOT:REORDER(1)'
../EWARM/startup_stm32l073xx.s:172: Error: bad instruction `flash_irqhandler'
../EWARM/startup_stm32l073xx.s:176: Error: bad instruction `pubweak RCC_CRS_IRQHandler'
../EWARM/startup_stm32l073xx.s:177: Error: bad instruction `section .text:CODE:NOROOT:REORDER(1)'
../EWARM/startup_stm32l073xx.s:178: Error: bad instruction `rcc_crs_irqhandler'
../EWARM/startup_stm32l073xx.s:182: Error: bad instruction `pubweak EXTI0_1_IRQHandler'
../EWARM/startup_stm32l073xx.s:183: Error: bad instruction `section .text:CODE:NOROOT:REORDER(1)'
../EWARM/startup_stm32l073xx.s:184: Error: bad instruction `exti0_1_irqhandler'
../EWARM/startup_stm32l073xx.s:188: Error: bad instruction `pubweak EXTI2_3_IRQHandler'
../EWARM/startup_stm32l073xx.s:189: Error: bad instruction `section .text:CODE:NOROOT:REORDER(1)'
../EWARM/startup_stm32l073xx.s:190: Error: bad instruction `exti2_3_irqhandler'
../EWARM/startup_stm32l073xx.s:194: Error: bad instruction `pubweak EXTI4_15_IRQHandler'
../EWARM/startup_stm32l073xx.s:195: Error: bad instruction `section .text:CODE:NOROOT:REORDER(1)'
../EWARM/startup_stm32l073xx.s:196: Error: bad instruction `exti4_15_irqhandler'
../EWARM/startup_stm32l073xx.s:200: Error: bad instruction `pubweak TSC_IRQHandler'
../EWARM/startup_stm32l073xx.s:201: Error: bad instruction `section .text:CODE:NOROOT:REORDER(1)'
../EWARM/startup_stm32l073xx.s:202: Error: bad instruction `tsc_irqhandler'
../EWARM/startup_stm32l073xx.s:206: Error: bad instruction `pubweak DMA1_Channel1_IRQHandler'
../EWARM/startup_stm32l073xx.s:207: Error: bad instruction `section .text:CODE:NOROOT:REORDER(1)'
../EWARM/startup_stm32l073xx.smake: *** [Drivers/STM32L0xx_HAL_Driver/Src/subdir.mk:223: Drivers/STM32L0xx_HAL_Driver/Src/stm32l0xx_hal_adc.o] Error 1
compilation terminated.
compilation terminated.
../Drivers/STM32L0xx_HAL_Driver/Src/stm32l0xx_hal_crc.c:46:10: fatal error: stm32l0xx_hal.h: No such file or directory
   46 | #include "stm32l0xx_hal.h"
      |          ^~~~~~~~~~~~~~~~~
make: *** [Drivers/STM32L0xx_HAL_Driver/Src/subdir.mk:223: Drivers/STM32L0xx_HAL_Driver/Src/stm32l0xx_hal_adc_ex.o] Error 1
make: *** [Drivers/STM32L0xx_HAL_Driver/Src/subdir.mk:223: Drivers/STM32L0xx_HAL_Driver/Src/stm32l0xx_hal_cortex.o] Error 1
:208: Error: bad instruction `dma1_channel1_irqhandler'
../EWARM/startup_stm32l073xx.s:212: Error: bad instruction `pubweak DMA1_Channel2_3_IRQHandler'
../EWARM/startup_stm32l073xx.s:213: Error: bad instruction `section .text:CODE:NOROOT:REORDER(1)'
../EWARM/startup_stm32l073xx.s:214: Error: bad instruction `dma1_channel2_3_irqhandler'
../EWARM/startup_stm32l073xx.s:218: Error: bad instruction `pubweak DMA1_Channel4_5_6_7_IRQHandler'
../EWARM/startup_stm32l073xx.s:219: Error: bad instruction `section .text:CODE:NOROOT:REORDER(1)'
../EWARM/startup_stm32l073xx.s:220: Error: bad instruction `dma1_channel4_5_6_7_irqhandler'
../EWARM/startup_stm32l073xx.s:224: Error: bad instruction `pubweak ADC1_COMP_IRQHandler'
../EWARM/startup_stm32l073xx.s:225: Error: bad instruction `section .text:CODE:NOROOT:REORDER(1)'
../EWARM/startup_stm32l073xx.s:226: Error: bad instruction `adc1_comp_irqhandler'
../EWARM/startup_stm32l073xx.s:230: Error: bad instruction `pubweak LPTIM1_IRQHandler'
../EWARM/startup_stm32l073xx.s:231: Error: bad instruction `section .text:CODE:NOROOT:REORDER(1)'
../EWARM/startup_stm32l073xx.s:232: Error: bad instruction `lptim1_irqhandler'
../EWARM/startup_stm32l073xx.s:236: Error: bad instruction `pubweak USART4_5_IRQHandler'
../EWARM/startup_stm32l073xx.s:237: Error: bad instruction `section .text:CODE:NOROOT:REORDER(1)'
../EWARM/startup_stm32l073xx.s:238: Error: bad instruction `usart4_5_irqhandler'
../EWARM/startup_stm32l073xx.s:242: Error: bad instruction `pubweak TIM2_IRQHandler'
../EWARM/startup_stm32l073xx.s:243: Error: bad instruction `section .text:CODE:NOROOT:REORDER(1)'
../EWARM/startup_stm32l073xx.s:244: Error: bad instruction `tim2_irqhandler'
../EWARM/startup_stm32l073xx.s:248: Error: bad instruction `pubweak TIM3_IRQHandler'
../EWARM/startup_stm32l073xx.s:249: Error: bad instruction `section .text:CODE:NOROOT:REORDER(1)'
../EWARM/startup_stm32l073xx.s:250: Error: bad instruction `tim3_irqhandler'
../EWARM/startup_stm32l073xx.s:254: Error: bad instruction `pubweak TIM6_DAC_IRQHandler'
../EWARM/startup_stm32l073xx.s:255: Error: bad instruction `section .text:CODE:NOROOT:REORDER(1)'
../EWARM/startup_stm32l073xx.s:256: Error: bad instruction `tim6_dac_irqhandler'
../EWARM/startup_stm32l073xx.s:259: Error: bad instruction `pubweak TIM7_IRQHandler'
../EWARM/startup_stm32l073xx.s:260: Error: bad instruction `section .text:CODE:NOROOT:REORDER(1)'
../EWARM/startup_stm32l073xx.s:261: Error: bad instruction `tim7_irqhandler'
../EWARM/startup_stm32l073xx.s:264: Error: bad instruction `pubweak TIM21_IRQHandler'
../EWARM/startup_stm32l073xx.s:265: Error: bad instruction `section .text:CODE:NOROOT:REORDER(1)'
../EWARM/startup_stm32l073xx.s:266: Error: bad instruction `tim21_irqhandler'
../EWARM/startup_stm32l073xx.s:269: Error: bad instruction `pubweak I2C3_IRQHandler'
../EWARM/startup_stm32l073xx.s:270: Error: bad instruction `section .text:CODE:NOROOT:REORDER(1)'
../EWARM/startup_stm32l073xx.s:271: Error: bad instruction `i2c3_irqhandler'
../EWARM/startup_stm32l073xx.s:274: Error: bad instruction `pubweak TIM22_IRQHandler'
../EWARM/startup_stm32l073xx.s:275: Error: bad instruction `section .text:CODE:NOROOT:REORDER(1)'
../EWARM/startup_stm32l073xx.s:276: Error: bad instruction `tim22_irqhandler'
../EWARM/startup_stm32l073xx.s:280: Error: bad instruction `pubweak I2C1_IRQHandler'
../EWARM/startup_stm32l073xx.s:281: Error: bad instruction `section .text:CODE:NOROOT:REORDER(1)'
../EWARM/startup_stm32l073xx.s:282: Error: bad instruction `i2c1_irqhandler'
../EWARM/startup_stm32l073xx.s:286: Error: bad instruction `pubweak I2C2_IRQHandler'
../EWARM/startup_stm32l073xx.s:287: Error: bad instruction `section .text:CODE:NOROOT:REORDER(1)'
../EWARM/startup_stm32l073xx.s:288: Error: bad instruction `i2c2_irqhandler'
../EWARM/startup_stm32l073xx.s:292: Error: bad instruction `pubweak SPI1_IRQHandler'
../EWARM/startup_stm32l073xx.s:293: Error: bad instruction `section .text:CODE:NOROOT:REORDER(1)'
../EWARM/startup_stm32l073xx.s:294: Error: bad instruction `spi1_irqhandler'
../EWARM/startup_stm32l073xx.s:298: Error: bad instruccompilation terminated.
make: *** [Drivers/STM32L0xx_HAL_Driver/Src/subdir.mk:223: Drivers/STM32L0xx_HAL_Driver/Src/stm32l0xx_hal_comp.o] Error 1
../Drivers/STM32L0xx_HAL_Driver/Src/stm32l0xx_hal_dac.c:230:10: fatal error: stm32l0xx_hal.h: No such file or directory
  230 | #include "stm32l0xx_hal.h"
      |          ^~~~~~~~~~~~~~~~~
make: *** [Drivers/STM32L0xx_HAL_Driver/Src/subdir.mk:223: Drivers/STM32L0xx_HAL_Driver/Src/stm32l0xx_hal_crc_ex.o] Error 1
compilation terminated.
tion `pubweak SPI2_IRQHandler'
../EWARM/startup_stm32l073xx.s:299: Error: bad instruction `section .text:CODE:NOROOT:REORDER(1)'
../EWARM/startup_stm32l073xx.s:300: Error: bad instruction `spi2_irqhandler'
../EWARM/startup_stm32l073xx.s:304: Error: bad instruction `pubweak USART1_IRQHandler'
../EWARM/startup_stm32l073xx.s:305: Error: bad instruction `section .text:CODE:NOROOT:REORDER(1)'
../EWARM/startup_stm32l073xx.s:306: Error: bad instruction `usart1_irqhandler'
../EWARM/startup_stm32l073xx.s:310: Error: bad instruction `pubweak USART2_IRQHandler'
../EWARM/startup_stm32l073xx.s:311: Error: bad instruction `section .text:CODE:NOROOT:REORDER(1)'
../EWARM/startup_stm32l073xx.s:312: Error: bad instruction `usart2_irqhandler'
../EWARM/startup_stm32l073xx.s:316: Error: bad instruction `pubweak RNG_LPUART1_IRQHandler'
../EWARM/startup_stm32l073xx.s:317: Error: bad instruction `section .text:CODE:NOROOT:REORDER(1)'
../EWARM/startup_stm32l073xx.s:318: Error: bad instruction `rng_lpuart1_irqhandler'
../EWARM/startup_stm32l073xx.s:322: Error: bad instruction `pubweak LCD_IRQHandler'
../EWARM/startup_stm32l073xx.s:323: Error: bad instruction `section .text:CODE:NOROOT:REORDER(1)'
../EWARM/startup_stm32l073xx.s:324: Error: bad instruction `lcd_irqhandler'
../EWARM/startup_stm32l073xx.s:327: Error: bad instruction `pubweak USB_IRQHandler'
../EWARM/startup_stm32l073xx.s:328: Error: bad instruction `section .text:CODE:NOROOT:REORDER(1)'
../EWARM/startup_stm32l073xx.s:329: Error: bad instruction `usb_irqhandler'
../EWARM/startup_stm32l073xx.s:332: Error: bad instruction `end'
../EWARM/startup_stm32l073xx.s:333: Error: junk at end of line, first unrecognized character is `*'
make: *** [Drivers/STM32L0xx_HAL_Driver/Src/subdir.mk:223: Drivers/STM32L0xx_HAL_Driver/Src/stm32l0xx_hal_comp_ex.o] Error 1
../Drivers/STM32L0xx_HAL_Driver/Src/stm32l0xx_hal_dac_ex.c:40:10: fatal error: stm32l0xx_hal.h: No such file or directory
   40 | #include "stm32l0xx_hal.h"
      |          ^~~~~~~~~~~~~~~~~
compilation terminated.
make: *** [Drivers/STM32L0xx_HAL_Driver/Src/subdir.mk:223: Drivers/STM32L0xx_HAL_Driver/Src/stm32l0xx_hal_crc.o] Error 1
../Drivers/STM32L0xx_HAL_Driver/Src/stm32l0xx_hal_dma.c:84:10: fatal error: stm32l0xx_hal.h: No such file or directory
   84 | #include "stm32l0xx_hal.h"
      |          ^~~~~~~~~~~~~~~~~
make: *** [Drivers/STM32L0xx_HAL_Driver/Src/subdir.mk:223: Drivers/STM32L0xx_HAL_Driver/Src/stm32l0xx_hal_dac.o] Error 1
compilation terminated.
make: *** [EWARM/subdir.mk:19: EWARM/startup_stm32l073xx.o] Error 1
make: *** [Drivers/STM32L0xx_HAL_Driver/Src/subdir.mk:223: Drivers/STM32L0xx_HAL_Driver/Src/stm32l0xx_hal_dac_ex.o] Error 1
make: *** [Drivers/STM32L0xx_HAL_Driver/Src/subdir.mk:223: Drivers/STM32L0xx_HAL_Driver/Src/stm32l0xx_hal_dma.o] Error 1
"make -j12 all" terminated with exit code 2. Build might be incomplete.
