2021-09-18 20:02:32,039 [INFO] Activator:177 - 


2021-09-18 20:02:32,041 [INFO] Activator:178 - !SESSION log4j initialized
2021-09-18 20:02:58,049 [INFO] McuFinderGlobals:39 - Set McuFinder mode to 2 (CubeIDE integrated)
2021-09-18 20:02:58,325 [INFO] ApplicationProperties:181 - Using Application install path: D:\ST\STM32CubeIDE_1.7.0\STM32CubeIDE\plugins\com.st.stm32cube.common.mx_6.3.0.202107141111
2021-09-18 20:02:58,334 [INFO] DbMcusXml:74 - Set database path to: D:\ST\STM32CubeIDE_1.7.0\STM32CubeIDE\plugins\com.st.stm32cube.common.mx_6.3.0.202107141111\\db\/mcu/
2021-09-18 20:02:58,336 [INFO] DbBoardsPdsc:56 - Set plugin database path to: D:\ST\STM32CubeIDE_1.7.0\STM32CubeIDE\plugins\com.st.stm32cube.common.mx_6.3.0.202107141111\\db\/plugins/boardmanager/
2021-09-18 20:02:58,336 [INFO] DbMcus:258 - Set plugin images path to: D:\ST\STM32CubeIDE_1.7.0\STM32CubeIDE\plugins\com.st.stm32cube.common.mx_6.3.0.202107141111\\db\/plugins/mcufinder/images/
2021-09-18 20:02:58,337 [INFO] DbBoards:264 - Set plugin images path to: D:\ST\STM32CubeIDE_1.7.0\STM32CubeIDE\plugins\com.st.stm32cube.common.mx_6.3.0.202107141111\\db\/plugins/mcufinder/images/
2021-09-18 20:02:58,338 [INFO] DbExamples:333 - Set plugin images path to: D:\ST\STM32CubeIDE_1.7.0\STM32CubeIDE\plugins\com.st.stm32cube.common.mx_6.3.0.202107141111\\db\/plugins/mcufinder/images/
2021-09-18 20:02:58,342 [INFO] DbMcusAds:119 - Set database path to: C:\Users\Antoine\.stmcufinder\plugins\mcufinder//mcu/
2021-09-18 20:02:58,343 [INFO] DbMcusDocs:110 - Set database path to: C:\Users\Antoine\.stmcufinder\plugins\mcufinder//mcu/
2021-09-18 20:02:58,344 [INFO] DbMcusJson:64 - Set database path to: C:\Users\Antoine\.stmcufinder\plugins\mcufinder//mcu/
2021-09-18 20:02:58,345 [INFO] DbBoardsDocs:110 - Set database path to: C:\Users\Antoine\.stmcufinder\plugins\mcufinder//mcu/
2021-09-18 20:02:58,345 [INFO] DbBoardsJson:57 - Set database path to: C:\Users\Antoine\.stmcufinder\plugins\mcufinder//mcu/
2021-09-18 20:02:58,366 [INFO] CrossReferenceDbSqlite:196 - Set database path to: C:\Users\Antoine\.stmcufinder\plugins\mcufinder//mcu/cs/
2021-09-18 20:02:58,369 [INFO] DbExamplesSqlite:767 - Set database path to: C:\Users\Antoine\.stmcufinder\plugins\mcufinder//mcu/
2021-09-18 20:02:58,512 [INFO] RulesReader:57 - Compatibility file has been processed (242 Rules)
2021-09-18 20:02:58,588 [INFO] DbMcusXml:74 - Set database path to: D:\ST\STM32CubeIDE_1.7.0\STM32CubeIDE\plugins\com.st.stm32cube.common.mx_6.3.0.202107141111\\db\/mcu/
2021-09-18 20:02:58,589 [INFO] DbBoardsPdsc:56 - Set plugin database path to: D:\ST\STM32CubeIDE_1.7.0\STM32CubeIDE\plugins\com.st.stm32cube.common.mx_6.3.0.202107141111\\db\/plugins/boardmanager/
2021-09-18 20:02:58,589 [INFO] DbMcus:258 - Set plugin images path to: D:\ST\STM32CubeIDE_1.7.0\STM32CubeIDE\plugins\com.st.stm32cube.common.mx_6.3.0.202107141111\\db\/plugins/mcufinder/images/
2021-09-18 20:02:58,589 [INFO] DbBoards:264 - Set plugin images path to: D:\ST\STM32CubeIDE_1.7.0\STM32CubeIDE\plugins\com.st.stm32cube.common.mx_6.3.0.202107141111\\db\/plugins/mcufinder/images/
2021-09-18 20:02:58,589 [INFO] DbExamples:333 - Set plugin images path to: D:\ST\STM32CubeIDE_1.7.0\STM32CubeIDE\plugins\com.st.stm32cube.common.mx_6.3.0.202107141111\\db\/plugins/mcufinder/images/
2021-09-18 20:02:58,589 [WARN] DbFile:35 - Overriding database path with different value: C:\Users\Antoine\.stmcufinder\plugins\mcufinder/ => C:\Users\Antoine\.stmcufinder\plugins\mcufinder
2021-09-18 20:02:58,589 [INFO] DbMcusAds:119 - Set database path to: C:\Users\Antoine\.stmcufinder\plugins\mcufinder//mcu/
2021-09-18 20:02:58,589 [WARN] DbFile:35 - Overriding database path with different value: C:\Users\Antoine\.stmcufinder\plugins\mcufinder/ => C:\Users\Antoine\.stmcufinder\plugins\mcufinder
2021-09-18 20:02:58,590 [INFO] DbMcusDocs:110 - Set database path to: C:\Users\Antoine\.stmcufinder\plugins\mcufinder//mcu/
2021-09-18 20:02:58,590 [WARN] DbFile:35 - Overriding database path with different value: C:\Users\Antoine\.stmcufinder\plugins\mcufinder/ => C:\Users\Antoine\.stmcufinder\plugins\mcufinder
2021-09-18 20:02:58,590 [INFO] DbMcusJson:64 - Set database path to: C:\Users\Antoine\.stmcufinder\plugins\mcufinder//mcu/
2021-09-18 20:02:58,590 [WARN] DbFile:35 - Overriding database path with different value: C:\Users\Antoine\.stmcufinder\plugins\mcufinder/ => C:\Users\Antoine\.stmcufinder\plugins\mcufinder
2021-09-18 20:02:58,590 [INFO] DbBoardsDocs:110 - Set database path to: C:\Users\Antoine\.stmcufinder\plugins\mcufinder//mcu/
2021-09-18 20:02:58,590 [WARN] DbFile:35 - Overriding database path with different value: C:\Users\Antoine\.stmcufinder\plugins\mcufinder/ => C:\Users\Antoine\.stmcufinder\plugins\mcufinder
2021-09-18 20:02:58,590 [INFO] DbBoardsJson:57 - Set database path to: C:\Users\Antoine\.stmcufinder\plugins\mcufinder//mcu/
2021-09-18 20:02:58,590 [WARN] DbFile:35 - Overriding database path with different value: C:\Users\Antoine\.stmcufinder\plugins\mcufinder/ => C:\Users\Antoine\.stmcufinder\plugins\mcufinder
2021-09-18 20:02:58,590 [WARN] DbFile:35 - Overriding database path with different value: C:\Users\Antoine\.stmcufinder\plugins\mcufinder/ => C:\Users\Antoine\.stmcufinder\plugins\mcufinder
2021-09-18 20:02:58,590 [INFO] CrossReferenceDbSqlite:196 - Set database path to: C:\Users\Antoine\.stmcufinder\plugins\mcufinder//mcu/cs/
2021-09-18 20:02:58,590 [WARN] DbFile:35 - Overriding database path with different value: C:\Users\Antoine\.stmcufinder\plugins\mcufinder/ => C:\Users\Antoine\.stmcufinder\plugins\mcufinder
2021-09-18 20:02:58,590 [INFO] DbExamplesSqlite:767 - Set database path to: C:\Users\Antoine\.stmcufinder\plugins\mcufinder//mcu/
2021-09-18 20:02:58,645 [INFO] MainPanel:214 - HeapMemory: 268435456
2021-09-18 20:02:58,690 [INFO] DbMcusXml:74 - Set database path to: D:\ST\STM32CubeIDE_1.7.0\STM32CubeIDE\plugins\com.st.stm32cube.common.mx_6.3.0.202107141111\\db\/mcu/
2021-09-18 20:02:58,690 [INFO] DbBoardsPdsc:56 - Set plugin database path to: D:\ST\STM32CubeIDE_1.7.0\STM32CubeIDE\plugins\com.st.stm32cube.common.mx_6.3.0.202107141111\\db\/plugins/boardmanager/
2021-09-18 20:02:58,690 [INFO] DbMcus:258 - Set plugin images path to: D:\ST\STM32CubeIDE_1.7.0\STM32CubeIDE\plugins\com.st.stm32cube.common.mx_6.3.0.202107141111\\db\/plugins/mcufinder/images/
2021-09-18 20:02:58,690 [INFO] DbBoards:264 - Set plugin images path to: D:\ST\STM32CubeIDE_1.7.0\STM32CubeIDE\plugins\com.st.stm32cube.common.mx_6.3.0.202107141111\\db\/plugins/mcufinder/images/
2021-09-18 20:02:58,690 [INFO] DbExamples:333 - Set plugin images path to: D:\ST\STM32CubeIDE_1.7.0\STM32CubeIDE\plugins\com.st.stm32cube.common.mx_6.3.0.202107141111\\db\/plugins/mcufinder/images/
2021-09-18 20:02:58,690 [WARN] DbFile:35 - Overriding database path with different value: C:\Users\Antoine\.stmcufinder\plugins\mcufinder/ => C:\Users\Antoine\.stmcufinder\plugins\mcufinder
2021-09-18 20:02:58,690 [INFO] DbMcusAds:119 - Set database path to: C:\Users\Antoine\.stmcufinder\plugins\mcufinder//mcu/
2021-09-18 20:02:58,690 [WARN] DbFile:35 - Overriding database path with different value: C:\Users\Antoine\.stmcufinder\plugins\mcufinder/ => C:\Users\Antoine\.stmcufinder\plugins\mcufinder
2021-09-18 20:02:58,691 [INFO] DbMcusDocs:110 - Set database path to: C:\Users\Antoine\.stmcufinder\plugins\mcufinder//mcu/
2021-09-18 20:02:58,691 [WARN] DbFile:35 - Overriding database path with different value: C:\Users\Antoine\.stmcufinder\plugins\mcufinder/ => C:\Users\Antoine\.stmcufinder\plugins\mcufinder
2021-09-18 20:02:58,691 [INFO] DbMcusJson:64 - Set database path to: C:\Users\Antoine\.stmcufinder\plugins\mcufinder//mcu/
2021-09-18 20:02:58,691 [WARN] DbFile:35 - Overriding database path with different value: C:\Users\Antoine\.stmcufinder\plugins\mcufinder/ => C:\Users\Antoine\.stmcufinder\plugins\mcufinder
2021-09-18 20:02:58,691 [INFO] DbBoardsDocs:110 - Set database path to: C:\Users\Antoine\.stmcufinder\plugins\mcufinder//mcu/
2021-09-18 20:02:58,691 [WARN] DbFile:35 - Overriding database path with different value: C:\Users\Antoine\.stmcufinder\plugins\mcufinder/ => C:\Users\Antoine\.stmcufinder\plugins\mcufinder
2021-09-18 20:02:58,691 [INFO] DbBoardsJson:57 - Set database path to: C:\Users\Antoine\.stmcufinder\plugins\mcufinder//mcu/
2021-09-18 20:02:58,691 [WARN] DbFile:35 - Overriding database path with different value: C:\Users\Antoine\.stmcufinder\plugins\mcufinder/ => C:\Users\Antoine\.stmcufinder\plugins\mcufinder
2021-09-18 20:02:58,691 [WARN] DbFile:35 - Overriding database path with different value: C:\Users\Antoine\.stmcufinder\plugins\mcufinder/ => C:\Users\Antoine\.stmcufinder\plugins\mcufinder
2021-09-18 20:02:58,691 [INFO] CrossReferenceDbSqlite:196 - Set database path to: C:\Users\Antoine\.stmcufinder\plugins\mcufinder//mcu/cs/
2021-09-18 20:02:58,691 [WARN] DbFile:35 - Overriding database path with different value: C:\Users\Antoine\.stmcufinder\plugins\mcufinder/ => C:\Users\Antoine\.stmcufinder\plugins\mcufinder
2021-09-18 20:02:58,691 [INFO] DbExamplesSqlite:767 - Set database path to: C:\Users\Antoine\.stmcufinder\plugins\mcufinder//mcu/
2021-09-18 20:02:58,708 [INFO] ApplicationProperties:181 - Using Application install path: D:\ST\STM32CubeIDE_1.7.0\STM32CubeIDE\plugins\com.st.stm32cube.common.mx_6.3.0.202107141111
2021-09-18 20:02:58,709 [INFO] PluginManage:188 - Search for loadable plugins [exclusion list=, ]
2021-09-18 20:02:58,710 [INFO] PluginManage:302 - Check plugin analytics
2021-09-18 20:02:58,820 [INFO] AnalyticsPlugin:257 - Accepted Software Licenses: 
2021-09-18 20:02:58,821 [INFO] AnalyticsPlugin:259 - Accepted CMSIS Pack Licenses: 
2021-09-18 20:02:58,821 [INFO] AnalyticsPlugin:261 - Accepted Firmware Licenses: 
2021-09-18 20:02:58,821 [INFO] PluginManage:352 - Loaded plugin analytics (category:tool,tabindex:-1)
2021-09-18 20:02:58,821 [INFO] PluginManage:302 - Check plugin clock
2021-09-18 20:02:58,828 [INFO] PluginManage:352 - Loaded plugin clock (category:base,tabindex:2)
2021-09-18 20:02:58,829 [INFO] PluginManage:302 - Check plugin ddr
2021-09-18 20:02:58,830 [INFO] PluginManage:352 - Loaded plugin ddr (category:tool,tabindex:6)
2021-09-18 20:02:58,830 [INFO] PluginManage:302 - Check plugin filemanager
2021-09-18 20:02:58,911 [INFO] PluginManage:352 - Loaded plugin filemanager (category:base,tabindex:10)
2021-09-18 20:02:58,911 [INFO] PluginManage:302 - Check plugin ipmanager
2021-09-18 20:02:58,921 [INFO] PluginManage:352 - Loaded plugin ipmanager (category:base,tabindex:5)
2021-09-18 20:02:58,921 [INFO] PluginManage:302 - Check plugin pinoutandconfiguration
2021-09-18 20:02:58,927 [INFO] PluginManage:352 - Loaded plugin pinoutandconfiguration (category:base,tabindex:1)
2021-09-18 20:02:58,927 [INFO] PluginManage:302 - Check plugin pinoutconfig
2021-09-18 20:02:58,947 [INFO] PluginManage:352 - Loaded plugin pinoutconfig (category:base,tabindex:0)
2021-09-18 20:02:58,947 [INFO] PluginManage:302 - Check plugin power
2021-09-18 20:02:58,953 [INFO] PluginManage:352 - Loaded plugin power (category:power,tabindex:4)
2021-09-18 20:02:58,953 [INFO] PluginManage:302 - Check plugin projectmanager
2021-09-18 20:02:58,965 [INFO] PluginManage:352 - Loaded plugin projectmanager (category:projectmanager,tabindex:3)
2021-09-18 20:02:58,965 [INFO] PluginManage:302 - Check plugin thirdparty
2021-09-18 20:02:59,056 [INFO] PluginManage:352 - Loaded plugin thirdparty (category:base,tabindex:-1)
2021-09-18 20:02:59,056 [WARN] IntegrityCheckThread:78 - waiting for thirdparty lock release [integrity check]
2021-09-18 20:02:59,056 [INFO] PluginManage:302 - Check plugin tools
2021-09-18 20:02:59,057 [INFO] IntegrityCheckThread:80 - entering critical section [integrity check]
2021-09-18 20:02:59,057 [INFO] ThirdPartyUpdaterWithRetryManager:66 - Updater plugin not ready yet. [1/15]
2021-09-18 20:02:59,058 [INFO] PluginManage:352 - Loaded plugin tools (category:base,tabindex:7)
2021-09-18 20:02:59,058 [INFO] PluginManage:302 - Check plugin tutovideos
2021-09-18 20:02:59,193 [INFO] PluginManage:352 - Loaded plugin tutovideos (category:base,tabindex:-1)
2021-09-18 20:02:59,193 [INFO] PluginManage:302 - Check plugin updater
2021-09-18 20:02:59,201 [INFO] PluginManage:352 - Loaded plugin updater (category:base,tabindex:12)
2021-09-18 20:02:59,202 [INFO] PluginManage:275 - PluginManage : Loaded plugins [13]
2021-09-18 20:02:59,354 [INFO] PinOutPanel:1463 - setPackage(No Configuration,No Configuration)
2021-09-18 20:02:59,436 [INFO] IPUIPlugin:74 - create IPUIPlugin
2021-09-18 20:02:59,436 [INFO] PluginManager:213 - loadIPPluginJar : add adc
2021-09-18 20:02:59,437 [INFO] IPUIPlugin:74 - create IPUIPlugin
2021-09-18 20:02:59,437 [INFO] PluginManager:213 - loadIPPluginJar : add aes
2021-09-18 20:02:59,439 [INFO] IPUIPlugin:74 - create IPUIPlugin
2021-09-18 20:02:59,439 [INFO] PluginManager:213 - loadIPPluginJar : add can
2021-09-18 20:02:59,440 [INFO] IPUIPlugin:74 - create IPUIPlugin
2021-09-18 20:02:59,440 [INFO] PluginManager:213 - loadIPPluginJar : add comp
2021-09-18 20:02:59,441 [INFO] IPUIPlugin:74 - create IPUIPlugin
2021-09-18 20:02:59,441 [INFO] PluginManager:213 - loadIPPluginJar : add cryp
2021-09-18 20:02:59,443 [INFO] IPUIPlugin:74 - create IPUIPlugin
2021-09-18 20:02:59,443 [INFO] PluginManager:213 - loadIPPluginJar : add dfsdm
2021-09-18 20:02:59,447 [INFO] IPUIPlugin:74 - create IPUIPlugin
2021-09-18 20:02:59,447 [INFO] PluginManager:213 - loadIPPluginJar : add dma
2021-09-18 20:02:59,449 [INFO] IPUIPlugin:74 - create IPUIPlugin
2021-09-18 20:02:59,449 [INFO] PluginManager:213 - loadIPPluginJar : add dma3
2021-09-18 20:02:59,449 [INFO] IPUIPlugin:74 - create IPUIPlugin
2021-09-18 20:02:59,450 [INFO] PluginManager:213 - loadIPPluginJar : add fatfs
2021-09-18 20:02:59,452 [INFO] IPUIPlugin:74 - create IPUIPlugin
2021-09-18 20:02:59,452 [INFO] PluginManager:213 - loadIPPluginJar : add fmc
2021-09-18 20:02:59,456 [INFO] IPUIPlugin:74 - create IPUIPlugin
2021-09-18 20:02:59,456 [INFO] PluginManager:213 - loadIPPluginJar : add freertos
2021-09-18 20:02:59,457 [INFO] IPUIPlugin:74 - create IPUIPlugin
2021-09-18 20:02:59,457 [INFO] PluginManager:213 - loadIPPluginJar : add genericplugin
2021-09-18 20:02:59,458 [INFO] IPUIPlugin:74 - create IPUIPlugin
2021-09-18 20:02:59,458 [INFO] PluginManager:213 - loadIPPluginJar : add gfxmmu
2021-09-18 20:02:59,461 [INFO] IPUIPlugin:74 - create IPUIPlugin
2021-09-18 20:02:59,461 [INFO] PluginManager:213 - loadIPPluginJar : add gic
2021-09-18 20:02:59,463 [INFO] IPUIPlugin:74 - create IPUIPlugin
2021-09-18 20:02:59,463 [INFO] PluginManager:213 - loadIPPluginJar : add gpio
2021-09-18 20:02:59,465 [INFO] IPUIPlugin:74 - create IPUIPlugin
2021-09-18 20:02:59,465 [INFO] PluginManager:213 - loadIPPluginJar : add gtzc
2021-09-18 20:02:59,466 [INFO] IPUIPlugin:74 - create IPUIPlugin
2021-09-18 20:02:59,466 [INFO] PluginManager:213 - loadIPPluginJar : add hash
2021-09-18 20:02:59,468 [INFO] IPUIPlugin:74 - create IPUIPlugin
2021-09-18 20:02:59,468 [INFO] PluginManager:213 - loadIPPluginJar : add i2c
2021-09-18 20:02:59,469 [INFO] IPUIPlugin:74 - create IPUIPlugin
2021-09-18 20:02:59,469 [INFO] PluginManager:213 - loadIPPluginJar : add i2s
2021-09-18 20:02:59,472 [INFO] IPUIPlugin:74 - create IPUIPlugin
2021-09-18 20:02:59,472 [INFO] PluginManager:213 - loadIPPluginJar : add ipddr
2021-09-18 20:02:59,477 [INFO] IPUIPlugin:74 - create IPUIPlugin
2021-09-18 20:02:59,477 [INFO] PluginManager:213 - loadIPPluginJar : add linkedlist
2021-09-18 20:02:59,478 [INFO] IPUIPlugin:74 - create IPUIPlugin
2021-09-18 20:02:59,478 [INFO] PluginManager:213 - loadIPPluginJar : add lorawan
2021-09-18 20:02:59,479 [INFO] IPUIPlugin:74 - create IPUIPlugin
2021-09-18 20:02:59,479 [INFO] PluginManager:213 - loadIPPluginJar : add ltdc
2021-09-18 20:02:59,481 [INFO] IPUIPlugin:74 - create IPUIPlugin
2021-09-18 20:02:59,481 [INFO] PluginManager:213 - loadIPPluginJar : add mdma
2021-09-18 20:02:59,483 [INFO] IPUIPlugin:74 - create IPUIPlugin
2021-09-18 20:02:59,483 [INFO] PluginManager:213 - loadIPPluginJar : add nvic
2021-09-18 20:02:59,484 [INFO] IPUIPlugin:74 - create IPUIPlugin
2021-09-18 20:02:59,485 [INFO] PluginManager:213 - loadIPPluginJar : add opamp
2021-09-18 20:02:59,486 [INFO] IPUIPlugin:74 - create IPUIPlugin
2021-09-18 20:02:59,487 [INFO] PluginManager:213 - loadIPPluginJar : add openamp
2021-09-18 20:02:59,488 [INFO] IPUIPlugin:74 - create IPUIPlugin
2021-09-18 20:02:59,488 [INFO] PluginManager:213 - loadIPPluginJar : add pdm2pcm
2021-09-18 20:02:59,493 [INFO] IPUIPlugin:74 - create IPUIPlugin
2021-09-18 20:02:59,495 [INFO] PluginManager:213 - loadIPPluginJar : add plateformsettings
2021-09-18 20:02:59,496 [INFO] IPUIPlugin:74 - create IPUIPlugin
2021-09-18 20:02:59,496 [INFO] PluginManager:213 - loadIPPluginJar : add quadspi
2021-09-18 20:02:59,498 [INFO] IPUIPlugin:74 - create IPUIPlugin
2021-09-18 20:02:59,498 [INFO] PluginManager:213 - loadIPPluginJar : add resmgrutility
2021-09-18 20:02:59,499 [INFO] IPUIPlugin:74 - create IPUIPlugin
2021-09-18 20:02:59,500 [INFO] PluginManager:213 - loadIPPluginJar : add sai
2021-09-18 20:02:59,501 [INFO] IPUIPlugin:74 - create IPUIPlugin
2021-09-18 20:02:59,501 [INFO] PluginManager:213 - loadIPPluginJar : add spi
2021-09-18 20:02:59,504 [INFO] IPUIPlugin:74 - create IPUIPlugin
2021-09-18 20:02:59,504 [INFO] PluginManager:213 - loadIPPluginJar : add stm32_wpan
2021-09-18 20:02:59,505 [INFO] IPUIPlugin:74 - create IPUIPlugin
2021-09-18 20:02:59,505 [INFO] PluginManager:213 - loadIPPluginJar : add tim
2021-09-18 20:02:59,507 [INFO] IPUIPlugin:74 - create IPUIPlugin
2021-09-18 20:02:59,507 [INFO] PluginManager:213 - loadIPPluginJar : add touchsensing
2021-09-18 20:02:59,508 [INFO] IPUIPlugin:74 - create IPUIPlugin
2021-09-18 20:02:59,508 [INFO] PluginManager:213 - loadIPPluginJar : add tracer_emb
2021-09-18 20:02:59,509 [INFO] IPUIPlugin:74 - create IPUIPlugin
2021-09-18 20:02:59,509 [INFO] PluginManager:213 - loadIPPluginJar : add ts
2021-09-18 20:02:59,510 [INFO] IPUIPlugin:74 - create IPUIPlugin
2021-09-18 20:02:59,510 [INFO] PluginManager:213 - loadIPPluginJar : add tsc
2021-09-18 20:02:59,512 [INFO] IPUIPlugin:74 - create IPUIPlugin
2021-09-18 20:02:59,512 [INFO] PluginManager:213 - loadIPPluginJar : add ucpd
2021-09-18 20:02:59,513 [INFO] IPUIPlugin:74 - create IPUIPlugin
2021-09-18 20:02:59,513 [INFO] PluginManager:213 - loadIPPluginJar : add usart
2021-09-18 20:02:59,515 [INFO] IPUIPlugin:74 - create IPUIPlugin
2021-09-18 20:02:59,515 [INFO] PluginManager:213 - loadIPPluginJar : add usbx
2021-09-18 20:02:59,769 [FATAL] Updater:294 - Updater called before beeing initialized
2021-09-18 20:02:59,869 [FATAL] Updater:294 - Updater called before beeing initialized
2021-09-18 20:02:59,872 [INFO] DbMcusAds:47 - JSON generation date=Wed Aug 18 16:24:26 CEST 2021 (1629296666117)
2021-09-18 20:02:59,872 [FATAL] Updater:294 - Updater called before beeing initialized
2021-09-18 20:02:59,901 [WARN] DetailPanel:314 - Failed to get advertising image, set to default
2021-09-18 20:03:00,016 [FATAL] Updater:294 - Updater called before beeing initialized
2021-09-18 20:03:00,017 [FATAL] Updater:294 - Updater called before beeing initialized
2021-09-18 20:03:00,017 [FATAL] Updater:294 - Updater called before beeing initialized
2021-09-18 20:03:00,018 [WARN] DetailPanel:314 - Failed to get advertising image, set to default
2021-09-18 20:03:00,019 [FATAL] Updater:294 - Updater called before beeing initialized
2021-09-18 20:03:00,063 [ERROR] Updater:1075 - MainUpdater not yet initialized. External WinMGr cannot be set.
2021-09-18 20:03:00,065 [INFO] Updater:1012 - Updater Version found : 6.3.0
2021-09-18 20:03:00,078 [INFO] ApplicationProperties:181 - Using Application install path: D:\ST\STM32CubeIDE_1.7.0\STM32CubeIDE\plugins\com.st.stm32cube.common.mx_6.3.0.202107141111
2021-09-18 20:03:00,210 [INFO] MainUpdater:2671 - connection check result : 10
2021-09-18 20:03:00,210 [INFO] MainUpdater:265 - Updater Check For Update Now.
2021-09-18 20:03:00,211 [INFO] MicroXplorer:478 - Change Database Version : DB.6.0.30
2021-09-18 20:03:00,363 [INFO] CheckServerUpdateThread:112 - End of CheckServer Thread
2021-09-18 20:03:00,433 [INFO] MainUpdater:2671 - connection check result : 10
2021-09-18 20:03:00,815 [INFO] McuFinderGlobals:52 - Set McuFinderConnectedMode to false
2021-09-18 20:03:00,916 [INFO] CrossSelectorPresenter:1330 - Cross Selector saved comparison directory: C:\Users\Antoine\.stmcufinder\plugins\mcufinder\mcu\cs_comparisons_mx
2021-09-18 20:03:00,920 [INFO] MultiScanPanel:197 - Auto-refresh data requested => check proxy status ongoing
2021-09-18 20:03:00,920 [INFO] MultiScanPanel:201 - Proxy status is invalid
2021-09-18 20:03:00,923 [INFO] FinderPluginLoader:87 - Searching for filters in installed packs
2021-09-18 20:03:00,924 [INFO] DbMcusXml:100 - Load MCU database from D:\ST\STM32CubeIDE_1.7.0\STM32CubeIDE\plugins\com.st.stm32cube.common.mx_6.3.0.202107141111\\db\/mcu/families.xml
2021-09-18 20:03:01,700 [INFO] DbMcusJson:93 - JSON generation date=Mon Jun 07 10:53:21 CEST 2021 (1623056001)
2021-09-18 20:03:02,104 [INFO] ThirdParty:915 - Integrity check success = true
2021-09-18 20:03:02,104 [INFO] IntegrityCheckThread:94 - exiting critical section [integrity check]
2021-09-18 20:03:02,104 [INFO] IntegrityCheckThread:97 - End integrity checks thread
2021-09-18 20:03:02,317 [INFO] DbMcus:175 - Found 1951 MCUs (1903 are supported by CubeMX, 1903 are visible in CubeMX)
2021-09-18 20:03:02,317 [INFO] ApiDb:251 - Load user favorites file C:\Users\Antoine/.stm32cubeide/favorites.mcus.txt: 0 item(s)
2021-09-18 20:03:02,317 [INFO] ApiDb:255 - User favorites MCUs=[]
2021-09-18 20:03:02,317 [INFO] DbMcus:187 - Set 0 / 0 favorites MCUs
2021-09-18 20:03:02,823 [INFO] DetailPanel:309 - Set advertising image to C:/Users/Antoine/STM32Cube/Repository/\en.prom_STM32U5_PSA-SESIP_LV3_0821.png
2021-09-18 20:03:03,504 [INFO] DbBoardsPdsc:90 - Found 25 items
2021-09-18 20:03:03,521 [INFO] DbBoardsPdsc:90 - Found 9 items
2021-09-18 20:03:03,553 [INFO] DbBoardsPdsc:90 - Found 33 items
2021-09-18 20:03:03,566 [INFO] DbBoardsPdsc:90 - Found 1 items
2021-09-18 20:03:03,609 [INFO] DbBoardsPdsc:90 - Found 48 items
2021-09-18 20:03:03,642 [INFO] DbBoardsPdsc:90 - Found 43 items
2021-09-18 20:03:03,652 [INFO] DbBoardsPdsc:90 - Found 2 items
2021-09-18 20:03:03,672 [INFO] DbBoardsPdsc:90 - Found 5 items
2021-09-18 20:03:03,688 [WARN] DbBoardsPdsc:254 - Board STM32H7B3I-DK: unknown feature type=Audio, name=, username=Audio stereo codec with Headphone Amp (CS42L51-CNZ), n=1
2021-09-18 20:03:03,689 [WARN] DbBoardsPdsc:254 - Board STM32H735G-DK: unknown feature type=Audio, name=, username=Audio stereo codec with Headphone Amp (WM8994ECS/R), n=1
2021-09-18 20:03:03,690 [WARN] DbBoardsPdsc:254 - Board STM32H7B3I-EVAL: unknown feature type=Audio, name=, username=Multi-Channel Audio Codec (CS42L51-CNZ), n=1
2021-09-18 20:03:03,690 [WARN] DbBoardsPdsc:254 - Board STM32H7B3I-EVAL: unknown feature type=Meter, name=, username=Power-metering and Temperature-monitoring with sigma-delta modulators, n=1
2021-09-18 20:03:03,690 [WARN] DbBoardsPdsc:254 - Board STM32H7B3I-EVAL: unknown feature type=Motor, name=, username=Motor Control, n=1
2021-09-18 20:03:03,697 [WARN] DbBoardsPdsc:254 - Board STM32U575I-EV: unknown feature type=joystick, name=, username=4-direction joystick with selection button, n=1
2021-09-18 20:03:03,726 [INFO] DbBoardsJson:86 - JSON generation date=Tue Jun 01 07:52:40 CEST 2021 (1622526760)
2021-09-18 20:03:03,736 [INFO] DbBoards:117 - Found 166 boards (163 are supported by CubeMX)
2021-09-18 20:03:03,759 [INFO] DbBoardsDocs:143 - JSON generation date=Tue Jun 01 07:52:40 CEST 2021 (1622526760)
2021-09-18 20:03:03,775 [INFO] DbBoardsDocs:79 - Found 193 boards documents
2021-09-18 20:03:03,775 [WARN] DbBoards:127 - board B-L462E-CELL1 has no document id list !
2021-09-18 20:03:03,775 [WARN] DbBoards:127 - board B-L475E-IOT01A2 has no document id list !
2021-09-18 20:03:03,775 [WARN] DbBoards:127 - board B-U585I-IOT02A has no document id list !
2021-09-18 20:03:03,776 [WARN] DbBoards:127 - board NUCLEO-G0B1RE has no document id list !
2021-09-18 20:03:03,776 [WARN] DbBoards:127 - board NUCLEO-H743ZI has no document id list !
2021-09-18 20:03:03,777 [WARN] DbBoards:127 - board NUCLEO-L4A6ZG has no document id list !
2021-09-18 20:03:03,777 [WARN] DbBoards:127 - board NUCLEO-U575ZI-Q has no document id list !
2021-09-18 20:03:03,777 [WARN] DbBoards:127 - board NUCLEO-WB15CC has no document id list !
2021-09-18 20:03:03,777 [WARN] DbBoards:127 - board NUCLEO-WB55RG has no document id list !
2021-09-18 20:03:03,777 [WARN] DbBoards:127 - board NUCLEO-WL55JC2 has no document id list !
2021-09-18 20:03:03,777 [WARN] DbBoards:127 - board P-NUCLEO-WB55-Nucleo has no document id list !
2021-09-18 20:03:03,777 [WARN] DbBoards:127 - board P-NUCLEO-WB55-USBDongle has no document id list !
2021-09-18 20:03:03,777 [WARN] DbBoards:127 - board STEVAL-BFA001V1B has no document id list !
2021-09-18 20:03:03,777 [WARN] DbBoards:127 - board STEVAL-BFA001V2B has no document id list !
2021-09-18 20:03:03,777 [WARN] DbBoards:127 - board STEVAL-IDP005V1 has no document id list !
2021-09-18 20:03:03,777 [WARN] DbBoards:127 - board STEVAL-IDP005V2 has no document id list !
2021-09-18 20:03:03,777 [WARN] DbBoards:127 - board STEVAL-MKSBOX1V1 has no document id list !
2021-09-18 20:03:03,777 [WARN] DbBoards:127 - board STEVAL-STWINKT1 has no document id list !
2021-09-18 20:03:03,778 [WARN] DbBoards:127 - board STEVAL-STWINKT1B has no document id list !
2021-09-18 20:03:03,778 [WARN] DbBoards:127 - board STM32F401C-DISCO has no document id list !
2021-09-18 20:03:03,778 [WARN] DbBoards:127 - board STM32F769I-DISC1 has no document id list !
2021-09-18 20:03:03,779 [WARN] DbBoards:127 - board STM32G0C1E-EV has no document id list !
2021-09-18 20:03:03,779 [WARN] DbBoards:127 - board STM32G474E-EVAL1 has no document id list !
2021-09-18 20:03:03,779 [WARN] DbBoards:127 - board STM32H743I-EVAL2 has no document id list !
2021-09-18 20:03:03,779 [WARN] DbBoards:127 - board STM32H747I-DISC1 has no document id list !
2021-09-18 20:03:03,779 [WARN] DbBoards:127 - board STM32H753I-EVAL2 has no document id list !
2021-09-18 20:03:03,779 [WARN] DbBoards:127 - board STM32L-DISCOVERY has no document id list !
2021-09-18 20:03:03,780 [WARN] DbBoards:127 - board STM32MP157A-DK1 has no document id list !
2021-09-18 20:03:03,780 [WARN] DbBoards:127 - board STM32MP157D-DK1 has no document id list !
2021-09-18 20:03:03,780 [WARN] DbBoards:127 - board STM32MP157D-EV1 has no document id list !
2021-09-18 20:03:03,780 [WARN] DbBoards:127 - board STM32MP157F-DK2 has no document id list !
2021-09-18 20:03:03,780 [WARN] DbBoards:127 - board STM32MP157F-EV1 has no document id list !
2021-09-18 20:03:03,780 [WARN] DbBoards:127 - board STM32U575I-EV has no document id list !
2021-09-18 20:03:03,780 [WARN] DbBoards:127 - board STM32WB5MM-DK has no document id list !
2021-09-18 20:03:05,433 [INFO] ApiDb:251 - Load user favorites file C:\Users\Antoine/.stm32cubeide/favorites.boards.txt: 0 item(s)
2021-09-18 20:03:05,433 [INFO] ApiDb:255 - User favorites Boards=[]
2021-09-18 20:03:05,433 [INFO] DbBoards:206 - Set 0 / 0 favorites Boards
2021-09-18 20:03:27,336 [INFO] MultiScanPanel:197 - Auto-refresh data requested => check proxy status ongoing
2021-09-18 20:03:27,336 [INFO] MultiScanPanel:201 - Proxy status is invalid
2021-09-18 20:03:27,394 [INFO] DetailPanel:309 - Set advertising image to C:/Users/Antoine/STM32Cube/Repository/\en.prom_STM32U5_PSA-SESIP_LV3_0821.png
2021-09-18 20:04:13,008 [INFO] MainUpdater:2671 - connection check result : 10
2021-09-18 20:04:13,009 [INFO] MainUpdater:2671 - connection check result : 10
2021-09-18 20:04:13,051 [INFO] MicroXplorer:448 - Change Database Path : 
2021-09-18 20:04:13,051 [INFO] MicroXplorer:478 - Change Database Version : DB.6.0.30
2021-09-18 20:04:13,052 [WARN] ThirdParty:813 - waiting for thirdparty lock release [close project]
2021-09-18 20:04:13,052 [INFO] ThirdParty:815 - entering critical section [close project]
2021-09-18 20:04:13,053 [INFO] ThirdParty:825 - exiting critical section [close project]
2021-09-18 20:04:13,056 [INFO] PinOutPanel:1463 - setPackage(No Configuration,No Configuration)
2021-09-18 20:04:13,057 [INFO] UtilMem:74 - Begin LoadConfig() Used Memory: 481363680 Bytes (583008256)
2021-09-18 20:04:13,057 [INFO] OpenFileManager:313 - Change cursor
2021-09-18 20:04:14,206 [INFO] Context:592 - Trying to add GPIOservice into a context  which must be forbidden
2021-09-18 20:04:14,496 [INFO] Rule:220 - rule Rename SubGHz_Phy SUBGHZ_APPLICATION SUBGHZ_PINGPONG to SUBGHZ_ADV_APPLICATION is applicable
2021-09-18 20:04:14,496 [INFO] Rule:220 - rule Rename Enabled to IBEACON is applicable
2021-09-18 20:04:14,496 [INFO] Rule:220 - rule GTZC_S instance for project manager is applicable
2021-09-18 20:04:14,496 [INFO] Rule:220 - rule GTZC_S instance for context M33S is applicable
2021-09-18 20:04:14,496 [INFO] Rule:220 - rule GTZC_S instance value for IP GTZC is applicable
2021-09-18 20:04:14,496 [INFO] Rule:220 - rule GTZC_S instance for mcu.IP is applicable
2021-09-18 20:04:14,496 [INFO] Rule:220 - rule GTZC_S instance for VP is applicable
2021-09-18 20:04:14,496 [INFO] Rule:220 - rule GTZC_S instance for signal is applicable
2021-09-18 20:04:14,496 [INFO] Rule:220 - rule GTZC_S instance for mcu.Pin is applicable
2021-09-18 20:04:14,496 [INFO] Rule:220 - rule GTZC_S instance for VP is applicable
2021-09-18 20:04:14,496 [INFO] Rule:220 - rule GTZC_S instance for signal is applicable
2021-09-18 20:04:14,496 [INFO] Rule:220 - rule GTZC_S instance for mcu is applicable
2021-09-18 20:04:14,496 [INFO] Rule:220 - rule GTZC_S instance for mcu.Pin is applicable
2021-09-18 20:04:14,496 [INFO] Rule:220 - rule GTZC_S instance value for IP GTZC is applicable
2021-09-18 20:04:14,497 [INFO] Rule:220 - rule GTZC_S instance for project manager is applicable
2021-09-18 20:04:14,497 [INFO] Rule:220 - rule GTZC_S instance for context M33S is applicable
2021-09-18 20:04:14,497 [INFO] Rule:220 - rule GTZC_S instance for VP is applicable
2021-09-18 20:04:14,497 [INFO] Rule:220 - rule GTZC_S instance for signal is applicable
2021-09-18 20:04:14,497 [INFO] Rule:220 - rule SPDIFRX instance for mcu is applicable
2021-09-18 20:04:14,497 [INFO] Rule:220 - rule Rename Tracer Mode is applicable
2021-09-18 20:04:14,497 [INFO] Rule:220 - rule SPDIFRX instance value for IP SPDIFRX is applicable
2021-09-18 20:04:14,497 [INFO] Rule:220 - rule SPDIFRX instance for signal is applicable
2021-09-18 20:04:14,497 [INFO] Rule:220 - rule SPDIFRX instance for project manager is applicable
2021-09-18 20:04:14,497 [INFO] Rule:220 - rule SPDIFRX instance for project manager is applicable
2021-09-18 20:04:14,497 [INFO] Rule:220 - rule ADC Scan  fix with FW F7 is applicable
2021-09-18 20:04:14,497 [INFO] Rule:220 - rule ADC Scan  fix with FW F7 is applicable
2021-09-18 20:04:14,497 [INFO] Rule:220 - rule DMA-DAC mode for DIE422 is applicable
2021-09-18 20:04:14,497 [INFO] Rule:220 - rule DMA-DAC mode for DIE438 is applicable
2021-09-18 20:04:14,497 [INFO] Rule:220 - rule DMA-DAC mode for DIE432 or DIE446 is applicable
2021-09-18 20:04:14,497 [INFO] Rule:220 - rule DFSDM instance value for IP DFSDM is applicable
2021-09-18 20:04:14,498 [INFO] Rule:220 - rule DFSDM instance for mcu is applicable
2021-09-18 20:04:14,498 [INFO] Rule:220 - rule DFSDM instance for VP is applicable
2021-09-18 20:04:14,498 [INFO] Rule:220 - rule DFSDM instance for signal is applicable
2021-09-18 20:04:14,498 [INFO] Rule:220 - rule DFSDM instance for shared is applicable
2021-09-18 20:04:14,498 [INFO] Rule:220 - rule BreakInputSource parameter for IP Timer is applicable
2021-09-18 20:04:14,498 [INFO] Rule:220 - rule Sourcebreak parameter for IP Timer is applicable
2021-09-18 20:04:14,498 [INFO] Rule:220 - rule Sourcebreak parameter for IP Timer is applicable
2021-09-18 20:04:14,498 [INFO] Rule:220 - rule DFSDM for PCC is applicable
2021-09-18 20:04:14,498 [INFO] Rule:220 - rule Serial_Wire Mode is applicable
2021-09-18 20:04:14,498 [INFO] Rule:220 - rule JTAG_4_pins Mode is applicable
2021-09-18 20:04:14,498 [INFO] Rule:220 - rule JTAG_5_pins Mode is applicable
2021-09-18 20:04:14,498 [INFO] Rule:220 - rule Trace_Asynchronous_SW Mode is applicable
2021-09-18 20:04:14,498 [INFO] Rule:220 - rule Trace_Synchro_1bit_JTAG Mode is applicable
2021-09-18 20:04:14,498 [INFO] Rule:220 - rule Trace_Synchro_2bits_JTAG Mode is applicable
2021-09-18 20:04:14,498 [INFO] Rule:220 - rule Trace_Synchro_4bits_JTAG Mode is applicable
2021-09-18 20:04:14,498 [INFO] Rule:220 - rule Trace_Synchro_1bit_SW Mode is applicable
2021-09-18 20:04:14,498 [INFO] Rule:220 - rule Trace_Synchro_2bits_SW Mode is applicable
2021-09-18 20:04:14,499 [INFO] Rule:220 - rule Trace_Synchro_4bits_SW Mode is applicable
2021-09-18 20:04:14,499 [INFO] Rule:220 - rule SYS_WakeUp0 Mode is applicable
2021-09-18 20:04:14,499 [INFO] Rule:220 - rule SYS_WakeUp0 Mode for STM32F446 is applicable
2021-09-18 20:04:14,499 [INFO] Rule:220 - rule SYS_WakeUp1 Mode is applicable
2021-09-18 20:04:14,499 [INFO] Rule:220 - rule SYS_WakeUp1 Mode for STM32F446 is applicable
2021-09-18 20:04:14,499 [INFO] Rule:220 - rule SYS_WakeUp2 Mode is applicable
2021-09-18 20:04:14,499 [INFO] Rule:220 - rule SYS_WakeUp3 Mode is applicable
2021-09-18 20:04:14,499 [INFO] Rule:220 - rule SYS_WakeUp4 Mode is applicable
2021-09-18 20:04:14,499 [INFO] Rule:220 - rule SYS_WakeUp5 Mode is applicable
2021-09-18 20:04:14,499 [INFO] Rule:220 - rule SYS_WakeUp6 Mode is applicable
2021-09-18 20:04:14,499 [INFO] Rule:220 - rule SYS_WakeUp7 Mode is applicable
2021-09-18 20:04:14,499 [INFO] Rule:220 - rule Mode_PVD_Ext is applicable
2021-09-18 20:04:14,499 [INFO] Rule:220 - rule Mode_PVD_Int is applicable
2021-09-18 20:04:14,499 [INFO] Rule:220 - rule Add RTC Activate Clock Source is applicable
2021-09-18 20:04:14,499 [INFO] Rule:220 - rule Add RTC Activate Calendar 1 is applicable
2021-09-18 20:04:14,499 [INFO] Rule:220 - rule Add RTC Activate Calendar 2 is applicable
2021-09-18 20:04:14,499 [INFO] Rule:220 - rule Add RTC Activate Calendar 3 is applicable
2021-09-18 20:04:14,499 [INFO] Rule:220 - rule UART/USART TX Mode is applicable
2021-09-18 20:04:14,500 [INFO] Rule:220 - rule UART/USART RX Mode is applicable
2021-09-18 20:04:14,500 [INFO] Rule:220 - rule UART/USART RX TX Mode is applicable
2021-09-18 20:04:14,500 [INFO] Rule:220 - rule UART/USART PARITY NONE is applicable
2021-09-18 20:04:14,500 [INFO] Rule:220 - rule UART/USART PARITY EVEN is applicable
2021-09-18 20:04:14,500 [INFO] Rule:220 - rule UART/USART PARITY ODD is applicable
2021-09-18 20:04:14,500 [INFO] Rule:220 - rule USART StopBits 1 is applicable
2021-09-18 20:04:14,500 [INFO] Rule:220 - rule USART StopBits 2 is applicable
2021-09-18 20:04:14,500 [INFO] Rule:220 - rule USART StopBits 1.5 is applicable
2021-09-18 20:04:14,500 [INFO] Rule:220 - rule USART StopBits 0.5 is applicable
2021-09-18 20:04:14,500 [INFO] Rule:220 - rule UART/USART WORD LENGTH 7 is applicable
2021-09-18 20:04:14,500 [INFO] Rule:220 - rule UART/USART WORD LENGTH 8 is applicable
2021-09-18 20:04:14,500 [INFO] Rule:220 - rule UART/USART WORD LENGTH 9 is applicable
2021-09-18 20:04:14,500 [INFO] Rule:220 - rule Rename FMC NAND NCE signal is applicable
2021-09-18 20:04:14,500 [INFO] Rule:220 - rule Rename FMC NAND INT signal is applicable
2021-09-18 20:04:14,500 [INFO] Rule:220 - rule Change Default Value for ADC Clock Prescaler G0 family is applicable
2021-09-18 20:04:14,500 [INFO] Rule:220 - rule Change Default Value for ADC ExternalTrigConv L4 family is applicable
2021-09-18 20:04:14,500 [INFO] Rule:220 - rule Change Default Value for ADC ExternalTrigInjecConv L4 family is applicable
2021-09-18 20:04:14,501 [INFO] Rule:220 - rule Change Default Value for ADC ExternalTrigConv F3 family is applicable
2021-09-18 20:04:14,501 [INFO] Rule:220 - rule Change Default Value for ADC ExternalTrigInjecConv F3 family is applicable
2021-09-18 20:04:14,501 [INFO] Rule:220 - rule Change Default Value for ADC ExternalTrigConv Goldfish serie is applicable
2021-09-18 20:04:14,501 [INFO] Rule:220 - rule Change Default Value for ADC ExternalTrigInjecConv Goldfish serie is applicable
2021-09-18 20:04:14,501 [INFO] Rule:220 - rule Change Default Value for ADC ExternalTrigConv L0 family is applicable
2021-09-18 20:04:14,501 [INFO] Rule:220 - rule Change Default Value for ADC ExternalTrigConv F0 family is applicable
2021-09-18 20:04:14,501 [INFO] Rule:220 - rule Change Default Value for ADC ExternalTrigConvn L1 family is applicable
2021-09-18 20:04:14,501 [INFO] Rule:220 - rule Change Default Value for ADC ExternalTrigInjecConv L1 family is applicable
2021-09-18 20:04:14,501 [INFO] Rule:220 - rule Change Default Value for ADC ExternalTrigConv F1 family is applicable
2021-09-18 20:04:14,501 [INFO] Rule:220 - rule Change Default Value for ADC ExternalTrigInjecConv F1 family is applicable
2021-09-18 20:04:14,501 [INFO] Rule:220 - rule Change Default Value for ADC ExternalTrigConv F7 family is applicable
2021-09-18 20:04:14,501 [INFO] Rule:220 - rule Change Default Value for ADC ExternalTrigInjecConv F7 family is applicable
2021-09-18 20:04:14,501 [INFO] Rule:220 - rule Change Default Value for ADC ExternalTrigConv F4 and F2 family is applicable
2021-09-18 20:04:14,501 [INFO] Rule:220 - rule Change Default Value for ADC ExternalTrigInjecConv F4 and F2 family is applicable
2021-09-18 20:04:14,501 [INFO] Rule:220 - rule ADC SamplingTime fix with FW L0  is applicable
2021-09-18 20:04:14,501 [INFO] Rule:220 - rule ADC SamplingTime fix with FW L0  is applicable
2021-09-18 20:04:14,501 [INFO] Rule:220 - rule ADC SamplingTime fix with FW L0 is applicable
2021-09-18 20:04:14,501 [INFO] Rule:220 - rule ADC SamplingTime fix with FW L0 is applicable
2021-09-18 20:04:14,502 [INFO] Rule:220 - rule ADC SamplingTime fix with FW L0  is applicable
2021-09-18 20:04:14,502 [INFO] Rule:220 - rule ADC SamplingTime fix with FW L0 is applicable
2021-09-18 20:04:14,502 [INFO] Rule:220 - rule Rename USB_OE Signal is applicable
2021-09-18 20:04:14,502 [INFO] Rule:220 - rule Rename Activate_OE Mode is applicable
2021-09-18 20:04:14,502 [INFO] Rule:220 - rule Rename DIE462/DIE415 pin PC14/OSC32_IN -> PC14-OSC32_IN (PC14) is applicable
2021-09-18 20:04:14,502 [INFO] Rule:220 - rule Rename DIE462/DIE415 pin PC15/OSC32_OUT -> PC15-OSC32_OUT (PC15) is applicable
2021-09-18 20:04:14,502 [INFO] Rule:220 - rule Rename DIE462/DIE415 pin PH0/OSC_IN -> PH0-OSC_IN (PH0) is applicable
2021-09-18 20:04:14,502 [INFO] Rule:220 - rule Rename DIE462/DIE415 pin PH1/OSC_OUT -> PH1-OSC_OUT (PH1) is applicable
2021-09-18 20:04:14,502 [INFO] Rule:220 - rule Rename DIE462 pin PA13 -> PA13 (JTMS/SWDIO) is applicable
2021-09-18 20:04:14,502 [INFO] Rule:220 - rule Rename DIE415 pin PA13 -> PA13 (JTMS/SWDIO) is applicable
2021-09-18 20:04:14,502 [INFO] Rule:220 - rule Rename DIE462 pin PA14 -> PA14 (JTCK/SWCLK) is applicable
2021-09-18 20:04:14,502 [INFO] Rule:220 - rule Rename DIE415 pin PA14 -> PA14 (JTCK/SWCLK) is applicable
2021-09-18 20:04:14,502 [INFO] Rule:220 - rule Rename DIE462/DIE415 pin PA15 -> PA15 (JTDI) is applicable
2021-09-18 20:04:14,502 [INFO] Rule:220 - rule Rename DIE462 pin PB3 -> PB3 (JTD0/TRACESWO) is applicable
2021-09-18 20:04:14,502 [INFO] Rule:220 - rule Rename DIE415 pin PB3 -> PB3 (JTD0-TRACESWO) is applicable
2021-09-18 20:04:14,502 [INFO] Rule:220 - rule Rename DIE462/DIE415 pin PB4 -> PB4 (NJTRST) is applicable
2021-09-18 20:04:14,502 [INFO] Rule:220 - rule Rename DIE462 pin PH3/BOOT0 -> PH3-BOOT0 (BOOT0) is applicable
2021-09-18 20:04:14,502 [INFO] Rule:220 - rule Rename CRYP DataEncryptionTypesList to Algorithm is applicable
2021-09-18 20:04:14,503 [INFO] Rule:220 - rule Rename AES DataEncryptionTypesList to Algorithm is applicable
2021-09-18 20:04:14,503 [INFO] Rule:220 - rule Rename TDESECB to CRYP_TDES_ECB is applicable
2021-09-18 20:04:14,503 [INFO] Rule:220 - rule Rename TDESCBC to CRYP_TDES_CBC is applicable
2021-09-18 20:04:14,503 [INFO] Rule:220 - rule Rename DESECB to CRYP_DES_ECB is applicable
2021-09-18 20:04:14,503 [INFO] Rule:220 - rule Rename DESCBC to CRYP_DES_CBC is applicable
2021-09-18 20:04:14,503 [INFO] Rule:220 - rule Rename AESECB to CRYP_AES_ECB is applicable
2021-09-18 20:04:14,503 [INFO] Rule:220 - rule Rename AESCBC to CRYP_AES_CBC is applicable
2021-09-18 20:04:14,503 [INFO] Rule:220 - rule Rename AESCTR to CRYP_AES_CTR is applicable
2021-09-18 20:04:14,503 [INFO] Rule:220 - rule Rename AESGCM to CRYP_AES_GCM is applicable
2021-09-18 20:04:14,503 [INFO] Rule:220 - rule Rename AESCCM to CRYP_AES_CCM is applicable
2021-09-18 20:04:14,503 [INFO] Rule:220 - rule Rename CAN TimeSeg1 to BS1 is applicable
2021-09-18 20:04:14,503 [INFO] Rule:220 - rule Rename CAN TimeSeg2 to BS2 is applicable
2021-09-18 20:04:14,503 [INFO] Rule:220 - rule Rename CAN SyncJumpWidth to SJW is applicable
2021-09-18 20:04:14,503 [INFO] Rule:220 - rule TimeTriggeredMode to TTCM is applicable
2021-09-18 20:04:14,503 [INFO] Rule:220 - rule Rename CAN AutoBusOff to ABOM is applicable
2021-09-18 20:04:14,503 [INFO] Rule:220 - rule Rename CAN AutoWakeUp to AWUM is applicable
2021-09-18 20:04:14,503 [INFO] Rule:220 - rule Rename CAN AutoRetransmission to NART is applicable
2021-09-18 20:04:14,503 [INFO] Rule:220 - rule Rename CAN ReceiveFifoLocked to RFLM is applicable
2021-09-18 20:04:14,504 [INFO] Rule:220 - rule Rename CAN TransmitFifoPriority to TXFP is applicable
2021-09-18 20:04:14,504 [INFO] Rule:220 - rule Rename HRTIMER HRTIM_OUTPUTFAULTLEVEL_HIGH in HRTIMER HRTIM_OUTPUTFAULTLEVEL_HIGHZ is applicable
2021-09-18 20:04:14,504 [INFO] Rule:220 - rule Rename TIMER TIM_CLEARINPUTSOURCE_OCREFCLR in  TIMER TIM_CLEARINPUTSOURCE_NONE for F7 family is applicable
2021-09-18 20:04:14,504 [INFO] Rule:220 - rule FDCAN_R1 - Rename FDCAN mode Master into Classic is applicable
2021-09-18 20:04:14,504 [INFO] Rule:220 - rule FDCAN_R2 - Rename FDCAN mode Slave into Classic is applicable
2021-09-18 20:04:14,504 [INFO] Rule:220 - rule FDCAN1_R3 - if PA10.Mode=FullDuplex, add Pin PA12 is applicable
2021-09-18 20:04:14,504 [INFO] Rule:220 - rule FDCAN1_R3 - if PA9.Mode=FullDuplex, add Pin PA11 is applicable
2021-09-18 20:04:14,504 [INFO] Rule:220 - rule FDCAN1_R3 - Alternatepin_1 - if PE1.Mode=FullDuplex, add Pin PB9 is applicable
2021-09-18 20:04:14,504 [INFO] Rule:220 - rule FDCAN1_R3 - Alternatepin_1 - if PE0.Mode=FullDuplex, add Pin PB8 is applicable
2021-09-18 20:04:14,504 [INFO] Rule:220 - rule FDCAN1_R3 - Alternatepin_2 - if PD5.Mode=FullDuplex, add Pin PD1 is applicable
2021-09-18 20:04:14,504 [INFO] Rule:220 - rule FDCAN1_R3 - Alternatepin_2 - if PD4.Mode=FullDuplex, add Pin PD0 is applicable
2021-09-18 20:04:14,504 [INFO] Rule:220 - rule FDCAN1_R4 - Rename Mode FullDuplex into Enable FDCAN_TXFD for pin PA10 is applicable
2021-09-18 20:04:14,504 [INFO] Rule:220 - rule FDCAN1_R4 - Rename Mode FullDuplex into Enable FDCAN_TXFD for pin PA9 is applicable
2021-09-18 20:04:14,504 [INFO] Rule:220 - rule FDCAN1_R4 - Alternatepin_1 - Rename Mode FullDuplex into Enable FDCAN_TXFD for pin PE1 is applicable
2021-09-18 20:04:14,504 [INFO] Rule:220 - rule FDCAN1_R4 - Alternatepin_1 - Rename Mode FullDuplex into Enable FDCAN_TXFD for pin PE0 is applicable
2021-09-18 20:04:14,504 [INFO] Rule:220 - rule FDCAN1_R4 - Alternatepin_2 - Rename Mode FullDuplex into Enable FDCAN_TXFD for pin PD5 is applicable
2021-09-18 20:04:14,504 [INFO] Rule:220 - rule FDCAN1_R4 - Alternatepin_2 - Rename Mode FullDuplex into Enable FDCAN_TXFD for pin PD4 is applicable
2021-09-18 20:04:14,504 [INFO] Rule:220 - rule FDCAN2_R3 - if PD10.Mode=FullDuplex, add Pin PB13 is applicable
2021-09-18 20:04:14,504 [INFO] Rule:220 - rule FDCAN2_R3 - if PD9.Mode=FullDuplex, add Pin PB12 is applicable
2021-09-18 20:04:14,505 [INFO] Rule:220 - rule FDCAN2_R3 - Alternatepin_1 - if PB7.Mode=FullDuplex, add Pin PB6 is applicable
2021-09-18 20:04:14,505 [INFO] Rule:220 - rule FDCAN2_R3 - Alternatepin_1 - if PD9.Mode=FullDuplex, add Pin PB12 is applicable
2021-09-18 20:04:14,505 [INFO] Rule:220 - rule FDCAN2_R4 - Rename Mode FullDuplex into Enable FDCAN_TXFD for pin PD10 is applicable
2021-09-18 20:04:14,505 [INFO] Rule:220 - rule FDCAN2_R4 - Rename Mode FullDuplex into Enable FDCAN_TXFD for pin PD9 is applicable
2021-09-18 20:04:14,505 [INFO] Rule:220 - rule FDCAN2_R4 - Alternatepin_1 - Rename Mode FullDuplex into Enable FDCAN_TXFD for pin PB7 is applicable
2021-09-18 20:04:14,505 [INFO] Rule:220 - rule FDCAN2_R4 - Alternatepin_1 - Rename Mode FullDuplex into Enable FDCAN_TXFD for pin PD6 is applicable
2021-09-18 20:04:14,505 [INFO] Rule:220 - rule USART TxPinLevelInvertParam Mode is applicable
2021-09-18 20:04:14,505 [INFO] Rule:220 - rule USART RxPinLevelInvertParam Mode is applicable
2021-09-18 20:04:14,505 [INFO] Rule:220 - rule USART DataInvertParam Mode is applicable
2021-09-18 20:04:14,505 [INFO] Rule:220 - rule USART SwapParam Mode is applicable
2021-09-18 20:04:14,505 [INFO] Rule:220 - rule USART OverrunDisableParam Mode is applicable
2021-09-18 20:04:14,505 [INFO] Rule:220 - rule USART DMADisableonRxErrorParam Mode is applicable
2021-09-18 20:04:14,505 [INFO] Rule:220 - rule USART MSBFirstParam Mode is applicable
2021-09-18 20:04:14,505 [INFO] Rule:220 - rule Update MwName for USB_DEVICE is applicable
2021-09-18 20:04:14,505 [INFO] Rule:220 - rule Change PWR_Regulator_Voltage_Scale Default Value for RCC  H7 family is applicable
2021-09-18 20:04:14,505 [INFO] Rule:220 - rule UART/USART IPParameter rename Prescaler parameter to ClockPrescaler is applicable
2021-09-18 20:04:14,505 [INFO] Rule:220 - rule UART/USART Prescaler rename Prescaler parameter to ClockPrescaler is applicable
2021-09-18 20:04:14,505 [INFO] Rule:220 - rule TIM1CLockSelection is applicable
2021-09-18 20:04:14,505 [INFO] Rule:220 - rule TIM15CLockSelection is applicable
2021-09-18 20:04:14,506 [INFO] Rule:220 - rule align RCC SDMMC3CLockSelection default value on MP1 is applicable
2021-09-18 20:04:14,506 [INFO] Rule:220 - rule align RCC SDMMC12CLockSelection default value on MP1 is applicable
2021-09-18 20:04:14,506 [INFO] Rule:220 - rule align RCC QSPICLockSelection default value on MP1 is applicable
2021-09-18 20:04:14,506 [INFO] Rule:220 - rule align RCC QSPICLockSelection default value on MP1 is applicable
2021-09-18 20:04:14,506 [INFO] Rule:220 - rule align RCC SPI6CLockSelection default value on MP1 is applicable
2021-09-18 20:04:14,506 [INFO] Rule:220 - rule align RCC LPTIM23CLockSelection default value on MP1 is applicable
2021-09-18 20:04:14,506 [INFO] Rule:220 - rule align RCC LPTIM1CLockSelection default value on MP1 is applicable
2021-09-18 20:04:14,506 [INFO] Rule:220 - rule align RCC USART1CLockSelection default value on MP1 is applicable
2021-09-18 20:04:14,506 [INFO] Rule:220 - rule align RCC USART24CLockSelection default value on MP1 is applicable
2021-09-18 20:04:14,506 [INFO] Rule:220 - rule align RCC USART6CLockSelection default value on MP1 is applicable
2021-09-18 20:04:14,506 [INFO] Rule:220 - rule align RCC UART78CLockSelection default value on MP1 is applicable
2021-09-18 20:04:14,506 [INFO] Rule:220 - rule align RCC USART35CLockSelection default value on MP1 is applicable
2021-09-18 20:04:14,506 [INFO] Rule:220 - rule align RCC SPI45CLockSelection default value on MP1 is applicable
2021-09-18 20:04:14,506 [INFO] Rule:220 - rule align RCC I2C46CLockSelection BCLK value on MP1 is applicable
2021-09-18 20:04:14,506 [INFO] Rule:220 - rule align RCC SPI45CLockSelection default value on MP1 is applicable
2021-09-18 20:04:14,506 [INFO] Rule:220 - rule align RCC I2C12CLockSelection default value on MP1 is applicable
2021-09-18 20:04:14,506 [INFO] Rule:220 - rule align RCC I2C35CLockSelection default value on MP1 is applicable
2021-09-18 20:04:14,506 [INFO] Rule:220 - rule align RCC LPTIM45CLockSelection default value on MP1 is applicable
2021-09-18 20:04:14,506 [INFO] Rule:220 - rule Rename DCMI PIXCK signal is applicable
2021-09-18 20:04:14,507 [INFO] Rule:220 - rule Change Default Value for I2C46CLockSelection MP1 family is applicable
2021-09-18 20:04:14,507 [INFO] Rule:220 - rule Change Default Value for UART for G4, G0 and WB families is applicable
2021-09-18 20:04:14,507 [INFO] Rule:220 - rule Change Default Value for USART for G4, G0 and WB families is applicable
2021-09-18 20:04:14,507 [INFO] Rule:220 - rule Change Default Value for USART for G4 family is applicable
2021-09-18 20:04:14,507 [INFO] Rule:220 - rule Change USART1CLockSelection refparam name for MP1 is applicable
2021-09-18 20:04:14,507 [INFO] Rule:220 - rule Change USART2CLockSelection refparam name for MP1 is applicable
2021-09-18 20:04:14,507 [INFO] Rule:220 - rule Change USART3CLockSelection refparam name for MP1 is applicable
2021-09-18 20:04:14,507 [INFO] Rule:220 - rule Change UART4CLockSelection refparam name for MP1 is applicable
2021-09-18 20:04:14,507 [INFO] Rule:220 - rule Change UART5CLockSelection refparam name for MP1 is applicable
2021-09-18 20:04:14,507 [INFO] Rule:220 - rule Change LPUART1CLockSelection refparam name for MP1 is applicable
2021-09-18 20:04:14,507 [INFO] Rule:220 - rule Change LPTIM1CLockSelection refparam name for MP1 is applicable
2021-09-18 20:04:14,507 [INFO] Rule:220 - rule Change LPTIM2CLockSelection refparam name for MP1 is applicable
2021-09-18 20:04:14,507 [INFO] Rule:220 - rule Change RCC_MCO1Source refparam name for MP1 is applicable
2021-09-18 20:04:14,507 [INFO] Rule:220 - rule Change LSCOSource1 refparam name for MP1 is applicable
2021-09-18 20:04:14,507 [INFO] Rule:220 - rule Change SMPSCLockSelection refparam name for MP1 is applicable
2021-09-18 20:04:14,507 [INFO] Rule:220 - rule Change LPTIM3CLockSelection refparam name for MP1 is applicable
2021-09-18 20:04:14,507 [INFO] Rule:220 - rule Change MPCBB* Default Template Mode to Parameters is applicable
2021-09-18 20:04:14,507 [INFO] Rule:220 - rule Change MPCWM* or MPCBB* Secure Mode to Parameters is applicable
2021-09-18 20:04:14,508 [INFO] Rule:220 - rule Change MPCWM* or MPCBB* No Secure Mode to Parameters is applicable
2021-09-18 20:04:14,508 [INFO] Rule:220 - rule Change TZSC IP Secure Mode to Parameters is applicable
2021-09-18 20:04:14,508 [INFO] Rule:220 - rule Change TZSC IP No Secure Mode to Parameters is applicable
2021-09-18 20:04:14,508 [INFO] Rule:220 - rule Change TZSC IP Privilege Mode to Parameters is applicable
2021-09-18 20:04:14,508 [INFO] Rule:220 - rule Change TZSC IP No Privilege Mode to Parameters is applicable
2021-09-18 20:04:14,508 [INFO] Rule:220 - rule Change TZIC IT Secure Mode to Parameters is applicable
2021-09-18 20:04:14,508 [INFO] Rule:220 - rule Change TZIC IT No Secure Mode to Parameters is applicable
2021-09-18 20:04:14,508 [INFO] Rule:220 - rule Add MPCBB1_NonSecureArea_Start_Address value with referenced to MPCBB1_NonSecureArea_Start value is applicable
2021-09-18 20:04:14,508 [INFO] Rule:220 - rule Add MPCBB2_NonSecureArea_Start_Address value with referenced to MPCBB2_NonSecureArea_Start value is applicable
2021-09-18 20:04:14,508 [INFO] Rule:220 - rule Add MPCWM1_NonSecureArea*_Start_Address value with referenced to MPCWM1_NonSecureArea*_Start value is applicable
2021-09-18 20:04:14,508 [INFO] Rule:220 - rule Add MPCWM2_NonSecureArea*_Start_Address value with referenced to MPCWM2_NonSecureArea*_Start value is applicable
2021-09-18 20:04:14,508 [INFO] Rule:220 - rule Add MPCWM3_NonSecureArea_Start_Address value with referenced to MPCWM3_NonSecureArea_Start value is applicable
2021-09-18 20:04:14,508 [INFO] Rule:220 - rule Change Default Value for PLL1UserDefinedConfig is applicable
2021-09-18 20:04:14,508 [INFO] Rule:220 - rule Change GPIO_PuPd Default Value for USART in async mode is applicable
2021-09-18 20:04:14,508 [INFO] Rule:220 - rule Change SMPSDivider Default Value is applicable
2021-09-18 20:04:14,508 [INFO] Rule:220 - rule OPAMP is applicable
2021-09-18 20:04:14,508 [INFO] Rule:220 - rule LPUART IPParameter rename Prescaler parameter to ClockPrescaler for STM32H7 is applicable
2021-09-18 20:04:14,508 [INFO] Rule:220 - rule LPUART IPParameter rename Prescaler parameter to ClockPrescaler for STM32H7 is applicable
2021-09-18 20:04:14,508 [INFO] Rule:220 - rule LPUART IPParameter rename Prescaler parameter to ClockPrescaler for STM32WB is applicable
2021-09-18 20:04:14,508 [INFO] Rule:220 - rule LPUART IPParameter rename Prescaler parameter to ClockPrescaler for STM32WB is applicable
2021-09-18 20:04:14,509 [INFO] Rule:220 - rule LPUART IPParameter rename Prescaler parameter to ClockPrescaler for STM32G4 is applicable
2021-09-18 20:04:14,509 [INFO] Rule:220 - rule LPUART IPParameter rename Prescaler parameter to ClockPrescaler for STM32G4 is applicable
2021-09-18 20:04:14,509 [INFO] Rule:220 - rule LPUART IPParameter rename Prescaler parameter to ClockPrescaler for STM32L5 is applicable
2021-09-18 20:04:14,509 [INFO] Rule:220 - rule LPUART IPParameter rename Prescaler parameter to ClockPrescaler for STM32G4 is applicable
2021-09-18 20:04:14,509 [INFO] Rule:220 - rule LPUART IPParameter rename Prescaler parameter to ClockPrescaler for STM32G4 is applicable
2021-09-18 20:04:14,509 [INFO] Rule:220 - rule USB device lib V2.5.3 for L0 rename USBD_SUPPORT_USER_STRING parameter to USBD_SUPPORT_USER_STRING_DESC4 is applicable
2021-09-18 20:04:14,509 [INFO] Rule:220 - rule I2SCLockSelection clock entry align is applicable
2021-09-18 20:04:14,509 [INFO] Rule:220 - rule Assign TIMx context if used as SYS timebase is applicable
2021-09-18 20:04:14,509 [INFO] Rule:220 - rule Change GPIO_Pu Default Value for I2C is applicable
2021-09-18 20:04:14,509 [INFO] Rule:220 - rule Change GPIO_Pu Default Value for SMBus is applicable
2021-09-18 20:04:14,528 [INFO] DbConfProperties:300 - Apply Compatibility (76/241 Rules)
2021-09-18 20:04:14,542 [INFO] ImportTextPane:167 - (OptionalMessage_ERROR) Unable to find key (Mcu.ThirdPartyNb) in loaded IOC file
2021-09-18 20:04:14,599 [INFO] RtosManager:484 - Registered RTOS mode: class=CMSIS, group=RTOS, mode=CMSIS_V1, owner=FREERTOS
2021-09-18 20:04:14,599 [INFO] RtosManager:484 - Registered RTOS mode: class=CMSIS, group=RTOS2, mode=CMSIS_V2, owner=FREERTOS
2021-09-18 20:04:14,599 [INFO] RtosManager:484 - Registered RTOS mode: class=RTOS, group=Core, mode=CMSIS_V1, owner=FREERTOS
2021-09-18 20:04:14,599 [INFO] RtosManager:484 - Registered RTOS mode: class=RTOS, group=Core, mode=CMSIS_V2, owner=FREERTOS
2021-09-18 20:04:14,599 [WARN] ModelIntegratedComponent:181 - Missing modes for component STMicroelectronics:FreeRTOS:0.0.1:STMicroelectronics:RTOS:FreeRTOS:Core:::10.2.0:
2021-09-18 20:04:14,601 [WARN] ModelIntegratedComponent:60 - No mode defined for component null
2021-09-18 20:04:14,601 [WARN] ModelIntegratedComponent:60 - No mode defined for component null
2021-09-18 20:04:14,601 [WARN] ModelIntegratedComponent:60 - No mode defined for component null
2021-09-18 20:04:14,601 [WARN] ModelIntegratedComponent:60 - No mode defined for component null
2021-09-18 20:04:14,601 [WARN] ModelIntegratedComponent:60 - No mode defined for component null
2021-09-18 20:04:14,602 [WARN] ModelIntegratedComponent:60 - No mode defined for component null
2021-09-18 20:04:14,602 [WARN] ModelIntegratedComponent:60 - No mode defined for component null
2021-09-18 20:04:14,602 [WARN] ModelIntegratedComponent:60 - No mode defined for component null
2021-09-18 20:04:14,602 [WARN] ModelIntegratedComponent:60 - No mode defined for component null
2021-09-18 20:04:14,602 [WARN] ModelIntegratedComponent:60 - No mode defined for component null
2021-09-18 20:04:14,602 [WARN] ModelIntegratedComponent:60 - No mode defined for component null
2021-09-18 20:04:14,602 [WARN] ModelIntegratedComponent:60 - No mode defined for component null
2021-09-18 20:04:14,602 [WARN] ModelIntegratedComponent:60 - No mode defined for component null
2021-09-18 20:04:14,602 [WARN] ModelIntegratedComponent:60 - No mode defined for component null
2021-09-18 20:04:14,602 [WARN] ModelIntegratedComponent:60 - No mode defined for component null
2021-09-18 20:04:14,602 [WARN] ModelIntegratedComponent:60 - No mode defined for component null
2021-09-18 20:04:14,602 [WARN] ModelIntegratedComponent:60 - No mode defined for component null
2021-09-18 20:04:14,602 [WARN] ModelIntegratedComponent:60 - No mode defined for component null
2021-09-18 20:04:14,602 [WARN] ModelIntegratedComponent:60 - No mode defined for component null
2021-09-18 20:04:14,602 [WARN] ModelIntegratedComponent:60 - No mode defined for component null
2021-09-18 20:04:14,603 [WARN] ModelIntegratedComponent:60 - No mode defined for component null
2021-09-18 20:04:14,603 [WARN] ModelIntegratedComponent:60 - No mode defined for component null
2021-09-18 20:04:14,603 [WARN] ModelIntegratedComponent:60 - No mode defined for component null
2021-09-18 20:04:14,603 [WARN] ModelIntegratedComponent:60 - No mode defined for component null
2021-09-18 20:04:14,603 [WARN] ModelIntegratedComponent:60 - No mode defined for component null
2021-09-18 20:04:14,603 [WARN] ModelIntegratedComponent:60 - No mode defined for component null
2021-09-18 20:04:14,603 [WARN] ModelIntegratedComponent:60 - No mode defined for component null
2021-09-18 20:04:14,603 [WARN] ModelIntegratedComponent:60 - No mode defined for component null
2021-09-18 20:04:14,603 [WARN] ModelIntegratedComponent:60 - No mode defined for component null
2021-09-18 20:04:14,603 [WARN] ModelIntegratedComponent:60 - No mode defined for component null
2021-09-18 20:04:14,603 [WARN] ModelIntegratedComponent:60 - No mode defined for component null
2021-09-18 20:04:14,611 [INFO] ImportTextPane:167 - (OptionalMessage_ERROR) IP (RCC) : Invalid parameter (FamilyName)
2021-09-18 20:04:14,613 [INFO] ImportTextPane:167 - (OptionalMessage_ERROR) IP (RCC) : Parameter (RTCHSEDivFreq_Value) has invalid value (4000000)
2021-09-18 20:04:14,613 [INFO] ImportTextPane:167 - (OptionalMessage_ERROR) IP (RCC) : Invalid parameter (TIMFreq_Value)
2021-09-18 20:04:14,773 [INFO] UtilMem:74 - End LoadConfig() Used Memory: 470775288 Bytes (583008256)
2021-09-18 20:04:14,775 [WARN] ThirdParty:779 - waiting for thirdparty lock release [change project]
2021-09-18 20:04:14,775 [INFO] ThirdParty:781 - entering critical section [change project]
2021-09-18 20:04:14,775 [INFO] ThirdParty:967 - CMSIS Pack Vendor :STMicroelectronics USB_HOST 2.0.0
2021-09-18 20:04:14,775 [INFO] ThirdParty:967 - CMSIS Pack Vendor :STMicroelectronics FreeRTOS 0.0.1
2021-09-18 20:04:14,775 [INFO] ThirdParty:967 - CMSIS Pack Vendor :STMicroelectronics USB_DEVICE 1.0.0
2021-09-18 20:04:14,775 [INFO] ThirdParty:967 - CMSIS Pack Vendor :STMicroelectronics USB_DEVICE 3.0.0
2021-09-18 20:04:14,775 [INFO] ThirdParty:967 - CMSIS Pack Vendor :STMicroelectronics HAL Drivers 0.0.0
2021-09-18 20:04:14,775 [INFO] ThirdParty:967 - CMSIS Pack Vendor :STMicroelectronics MBEDTLS 2.16.2
2021-09-18 20:04:14,775 [INFO] ThirdParty:967 - CMSIS Pack Vendor :STMicroelectronics ThreadX 0.0.2
2021-09-18 20:04:14,776 [INFO] ThirdParty:967 - CMSIS Pack Vendor :STMicroelectronics lwIP 2.0.3
2021-09-18 20:04:14,776 [INFO] ThirdParty:967 - CMSIS Pack Vendor :STMicroelectronics lwIP 2.1.2
2021-09-18 20:04:14,776 [INFO] ThirdParty:967 - CMSIS Pack Vendor :STMicroelectronics MBEDTLS 2.14.1
2021-09-18 20:04:14,776 [INFO] ThirdParty:967 - CMSIS Pack Vendor :STMicroelectronics USB_HOST 1.0.0
2021-09-18 20:04:14,776 [INFO] ThirdParty:967 - CMSIS Pack Vendor :STMicroelectronics PDM2PCM 3.1.0
2021-09-18 20:04:14,776 [INFO] ThirdParty:967 - CMSIS Pack Vendor :STMicroelectronics PDM2PCM 3.2.0
2021-09-18 20:04:14,776 [INFO] ThirdParty:967 - CMSIS Pack Vendor :STMicroelectronics USB_DEVICE 2.0.0
2021-09-18 20:04:14,776 [INFO] ThirdParty:967 - CMSIS Pack Vendor :STMicroelectronics PDM2PCM 3.3.0
2021-09-18 20:04:14,776 [INFO] ThirdParty:787 - exiting critical section [change project]
2021-09-18 20:04:15,042 [INFO] PinOutPanel:1463 - setPackage(No Configuration,No Configuration)
2021-09-18 20:04:15,043 [INFO] PinOutPanel:1463 - setPackage(STM32L073RZTx,LQFP64)
2021-09-18 20:04:15,447 [INFO] UtilMem:74 - Before build in PCC Used Memory: 503556048 Bytes (583008256)
2021-09-18 20:04:15,923 [INFO] UtilMem:74 - After build in PCC Used Memory: 485798272 Bytes (583008256)
2021-09-18 20:04:15,948 [INFO] IPUIPlugin:74 - create IPUIPlugin
2021-09-18 20:04:15,948 [INFO] IPUIPlugin:74 - create IPUIPlugin
2021-09-18 20:04:15,948 [INFO] IPUIPlugin:74 - create IPUIPlugin
2021-09-18 20:04:15,949 [INFO] IPUIPlugin:74 - create IPUIPlugin
2021-09-18 20:04:15,949 [INFO] IPUIPlugin:74 - create IPUIPlugin
2021-09-18 20:04:15,949 [INFO] IPUIPlugin:74 - create IPUIPlugin
2021-09-18 20:04:15,949 [INFO] IPUIPlugin:74 - create IPUIPlugin
2021-09-18 20:04:15,949 [INFO] IPUIPlugin:74 - create IPUIPlugin
2021-09-18 20:04:15,949 [INFO] IPUIPlugin:74 - create IPUIPlugin
2021-09-18 20:04:15,949 [INFO] IPUIPlugin:74 - create IPUIPlugin
2021-09-18 20:04:15,949 [INFO] IPUIPlugin:74 - create IPUIPlugin
2021-09-18 20:04:15,950 [INFO] IPUIPlugin:74 - create IPUIPlugin
2021-09-18 20:04:15,950 [INFO] IPUIPlugin:74 - create IPUIPlugin
2021-09-18 20:04:15,950 [INFO] IPUIPlugin:74 - create IPUIPlugin
2021-09-18 20:04:15,950 [INFO] IPUIPlugin:74 - create IPUIPlugin
2021-09-18 20:04:15,950 [INFO] IPUIPlugin:74 - create IPUIPlugin
2021-09-18 20:04:15,951 [INFO] IPUIPlugin:74 - create IPUIPlugin
2021-09-18 20:04:15,951 [INFO] IPUIPlugin:74 - create IPUIPlugin
2021-09-18 20:04:15,951 [INFO] IPUIPlugin:74 - create IPUIPlugin
2021-09-18 20:04:15,952 [INFO] IPUIPlugin:74 - create IPUIPlugin
2021-09-18 20:04:15,956 [INFO] IPUIPlugin:74 - create IPUIPlugin
2021-09-18 20:04:15,956 [INFO] IPUIPlugin:74 - create IPUIPlugin
2021-09-18 20:04:15,956 [INFO] IPUIPlugin:74 - create IPUIPlugin
2021-09-18 20:04:15,957 [INFO] IPUIPlugin:74 - create IPUIPlugin
2021-09-18 20:04:15,957 [INFO] IPUIPlugin:74 - create IPUIPlugin
2021-09-18 20:04:15,957 [INFO] IPUIPlugin:74 - create IPUIPlugin
2021-09-18 20:04:15,958 [INFO] IPUIPlugin:74 - create IPUIPlugin
2021-09-18 20:04:15,958 [INFO] IPUIPlugin:74 - create IPUIPlugin
2021-09-18 20:04:15,958 [INFO] IPUIPlugin:74 - create IPUIPlugin
2021-09-18 20:04:15,959 [INFO] IPUIPlugin:74 - create IPUIPlugin
2021-09-18 20:04:15,959 [INFO] IPUIPlugin:74 - create IPUIPlugin
2021-09-18 20:04:15,959 [INFO] IPUIPlugin:74 - create IPUIPlugin
2021-09-18 20:04:15,960 [INFO] IPUIPlugin:74 - create IPUIPlugin
2021-09-18 20:04:15,960 [INFO] IPUIPlugin:74 - create IPUIPlugin
2021-09-18 20:04:15,961 [INFO] IPUIPlugin:74 - create IPUIPlugin
2021-09-18 20:04:15,961 [INFO] IPUIPlugin:74 - create IPUIPlugin
2021-09-18 20:04:15,962 [INFO] IPUIPlugin:74 - create IPUIPlugin
2021-09-18 20:04:15,963 [INFO] IPUIPlugin:74 - create IPUIPlugin
2021-09-18 20:04:15,963 [INFO] IPUIPlugin:74 - create IPUIPlugin
2021-09-18 20:04:16,055 [INFO] OpenFileManager:333 - Restore cursor
2021-09-18 20:04:16,386 [INFO] UtilMem:74 - End SaveConfig() Used Memory: 485839112 Bytes (583008256)
2021-09-18 20:04:16,439 [INFO] UtilMem:74 - End SaveConfig() Used Memory: 508907784 Bytes (583008256)
2021-09-18 20:04:16,733 [INFO] BlockDiagram:2740 - set Specific Code input for plugin: NVIC
2021-09-18 20:04:16,733 [INFO] BlockDiagram:2740 - set Specific Code input for plugin: USART
2021-09-18 20:04:16,733 [INFO] BlockDiagram:2740 - set Specific Code input for plugin: SYS
2021-09-18 20:04:16,733 [INFO] BlockDiagram:2740 - set Specific Code input for plugin: GPIO
2021-09-18 20:04:16,733 [INFO] BlockDiagram:2740 - set Specific Code input for plugin: RCC
2021-09-18 20:04:16,734 [INFO] CodeGenerator:663 - code generatio: config db path: D:\ST\STM32CubeIDE_1.7.0\STM32CubeIDE\plugins\com.st.stm32cube.common.mx_6.3.0.202107141111\\db\
2021-09-18 20:04:17,066 [INFO] CodeEngine:239 - oldGeneratedFile, C:\Documents\Travail\SysBee\programmes\cubeWorkspace\SysBee_Test_Nucleo\MXTmpFiles\license.tmp_save
2021-09-18 20:04:17,317 [INFO] CodeEngine:257 - Generated code: C:\Documents\Travail\SysBee\programmes\cubeWorkspace\SysBee_Test_Nucleo\MXTmpFiles\license.tmp
2021-09-18 20:04:17,405 [INFO] CodeEngine:239 - oldGeneratedFile, C:\Documents\Travail\SysBee\programmes\cubeWorkspace\SysBee_Test_Nucleo\MXTmpFiles\gpio.tmp_save
2021-09-18 20:04:17,490 [INFO] CodeEngine:257 - Generated code: C:\Documents\Travail\SysBee\programmes\cubeWorkspace\SysBee_Test_Nucleo\MXTmpFiles\gpio.tmp
2021-09-18 20:04:17,615 [INFO] CodeEngine:239 - oldGeneratedFile, C:\Documents\Travail\SysBee\programmes\cubeWorkspace\SysBee_Test_Nucleo\Core\Src\stm32l0xx_it.c_save
2021-09-18 20:04:17,715 [INFO] CodeEngine:257 - Generated code: C:\Documents\Travail\SysBee\programmes\cubeWorkspace\SysBee_Test_Nucleo\Core\Src\stm32l0xx_it.c
2021-09-18 20:04:17,718 [INFO] CodeEngine:239 - oldGeneratedFile, C:\Documents\Travail\SysBee\programmes\cubeWorkspace\SysBee_Test_Nucleo\Core\Inc\stm32l0xx_it.h_save
2021-09-18 20:04:17,795 [INFO] CodeEngine:257 - Generated code: C:\Documents\Travail\SysBee\programmes\cubeWorkspace\SysBee_Test_Nucleo\Core\Inc\stm32l0xx_it.h
2021-09-18 20:04:17,804 [INFO] CodeEngine:239 - oldGeneratedFile, C:\Documents\Travail\SysBee\programmes\cubeWorkspace\SysBee_Test_Nucleo\Core\Src\stm32l0xx_hal_msp.c_save
2021-09-18 20:04:17,907 [INFO] CodeEngine:257 - Generated code: C:\Documents\Travail\SysBee\programmes\cubeWorkspace\SysBee_Test_Nucleo\Core\Src\stm32l0xx_hal_msp.c
2021-09-18 20:04:17,909 [INFO] CodeEngine:239 - oldGeneratedFile, C:\Documents\Travail\SysBee\programmes\cubeWorkspace\SysBee_Test_Nucleo\MXTmpFiles\system.tmp_save
2021-09-18 20:04:17,978 [INFO] CodeEngine:257 - Generated code: C:\Documents\Travail\SysBee\programmes\cubeWorkspace\SysBee_Test_Nucleo\MXTmpFiles\system.tmp
2021-09-18 20:04:17,985 [INFO] CodeEngine:239 - oldGeneratedFile, C:\Documents\Travail\SysBee\programmes\cubeWorkspace\SysBee_Test_Nucleo\Core\Inc\stm32l0xx_hal_conf.h_save
2021-09-18 20:04:18,062 [INFO] CodeEngine:257 - Generated code: C:\Documents\Travail\SysBee\programmes\cubeWorkspace\SysBee_Test_Nucleo\Core\Inc\stm32l0xx_hal_conf.h
2021-09-18 20:04:18,102 [INFO] CodeEngine:239 - oldGeneratedFile, C:\Documents\Travail\SysBee\programmes\cubeWorkspace\SysBee_Test_Nucleo\Core\Inc\main.h_save
2021-09-18 20:04:18,177 [INFO] CodeEngine:257 - Generated code: C:\Documents\Travail\SysBee\programmes\cubeWorkspace\SysBee_Test_Nucleo\Core\Inc\main.h
2021-09-18 20:04:18,180 [INFO] CodeEngine:239 - oldGeneratedFile, C:\Documents\Travail\SysBee\programmes\cubeWorkspace\SysBee_Test_Nucleo\Core\Src\main.c_save
2021-09-18 20:04:18,285 [INFO] CodeEngine:257 - Generated code: C:\Documents\Travail\SysBee\programmes\cubeWorkspace\SysBee_Test_Nucleo\Core\Src\main.c
2021-09-18 20:04:19,595 [INFO] ProjectBuilder:2578 - Time for Copy HAL[1] : 689mS.
2021-09-18 20:04:19,600 [INFO] ProjectBuilder:3622 - Project Generator version: 3.14.1
2021-09-18 20:04:20,016 [INFO] ConfigFileManager:1271 - The Die is : DIE447
2021-09-18 20:04:20,027 [INFO] ApiDbMcu:468 - Load IP Config File for FATFS
2021-09-18 20:04:20,057 [INFO] ApiDbMcu:468 - Load IP Config File for FREERTOS
2021-09-18 20:04:20,164 [INFO] ApiDbMcu:468 - Load IP Config File for TOUCHSENSING
2021-09-18 20:04:20,180 [INFO] ApiDbMcu:468 - Load IP Config File for USB_DEVICE
2021-09-18 20:04:23,260 [INFO] ProjectBuilder:3789 - Time for Generating toolchain IDE Files: 3660mS.
2021-09-18 20:04:23,261 [INFO] ProjectBuilder:2457 - Time for Copy CMSIS : 0mS.
2021-09-18 20:04:23,263 [INFO] ProjectBuilder:2457 - Time for Copy CMSIS : 0mS.
2021-09-18 20:04:23,789 [INFO] McuFinderGlobals:52 - Set McuFinderConnectedMode to true
2021-09-18 20:04:23,791 [INFO] ApiDb:276 - Save user favorites file C:\Users\Antoine/.stm32cubeide/favorites.mcus.txt: 0 item(s)
2021-09-18 20:04:23,791 [INFO] ApiDb:280 - User favorites MCUs=[]
2021-09-18 20:04:23,792 [INFO] ApiDb:276 - Save user favorites file C:\Users\Antoine/.stm32cubeide/favorites.boards.txt: 0 item(s)
2021-09-18 20:04:23,792 [INFO] ApiDb:280 - User favorites Boards=[]
2021-09-18 20:05:02,388 [INFO] UtilMem:74 - End SaveConfig() Used Memory: 288794000 Bytes (710934528)
2021-09-18 20:05:04,057 [INFO] UtilMem:74 - End SaveConfig() Used Memory: 315008400 Bytes (710934528)
2021-09-18 20:05:07,165 [INFO] UtilMem:74 - End SaveConfig() Used Memory: 286143128 Bytes (710934528)
2021-09-18 20:05:07,450 [INFO] BlockDiagram:2740 - set Specific Code input for plugin: NVIC
2021-09-18 20:05:07,450 [INFO] BlockDiagram:2740 - set Specific Code input for plugin: USART
2021-09-18 20:05:07,450 [INFO] BlockDiagram:2740 - set Specific Code input for plugin: USART
2021-09-18 20:05:07,450 [INFO] BlockDiagram:2740 - set Specific Code input for plugin: SYS
2021-09-18 20:05:07,450 [INFO] BlockDiagram:2740 - set Specific Code input for plugin: GPIO
2021-09-18 20:05:07,450 [INFO] BlockDiagram:2740 - set Specific Code input for plugin: RCC
2021-09-18 20:05:07,451 [INFO] CodeGenerator:663 - code generatio: config db path: D:\ST\STM32CubeIDE_1.7.0\STM32CubeIDE\plugins\com.st.stm32cube.common.mx_6.3.0.202107141111\\db\
2021-09-18 20:05:07,711 [INFO] CodeEngine:239 - oldGeneratedFile, C:\Documents\Travail\SysBee\programmes\cubeWorkspace\SysBee_Test_Nucleo\MXTmpFiles\license.tmp_save
2021-09-18 20:05:07,763 [INFO] CodeEngine:257 - Generated code: C:\Documents\Travail\SysBee\programmes\cubeWorkspace\SysBee_Test_Nucleo\MXTmpFiles\license.tmp
2021-09-18 20:05:07,808 [INFO] CodeEngine:239 - oldGeneratedFile, C:\Documents\Travail\SysBee\programmes\cubeWorkspace\SysBee_Test_Nucleo\MXTmpFiles\gpio.tmp_save
2021-09-18 20:05:07,865 [INFO] CodeEngine:257 - Generated code: C:\Documents\Travail\SysBee\programmes\cubeWorkspace\SysBee_Test_Nucleo\MXTmpFiles\gpio.tmp
2021-09-18 20:05:08,087 [INFO] CodeEngine:239 - oldGeneratedFile, C:\Documents\Travail\SysBee\programmes\cubeWorkspace\SysBee_Test_Nucleo\Core\Src\stm32l0xx_it.c_save
2021-09-18 20:05:08,156 [INFO] CodeEngine:257 - Generated code: C:\Documents\Travail\SysBee\programmes\cubeWorkspace\SysBee_Test_Nucleo\Core\Src\stm32l0xx_it.c
2021-09-18 20:05:08,168 [INFO] CodeEngine:239 - oldGeneratedFile, C:\Documents\Travail\SysBee\programmes\cubeWorkspace\SysBee_Test_Nucleo\Core\Inc\stm32l0xx_it.h_save
2021-09-18 20:05:08,227 [INFO] CodeEngine:257 - Generated code: C:\Documents\Travail\SysBee\programmes\cubeWorkspace\SysBee_Test_Nucleo\Core\Inc\stm32l0xx_it.h
2021-09-18 20:05:08,245 [INFO] CodeEngine:239 - oldGeneratedFile, C:\Documents\Travail\SysBee\programmes\cubeWorkspace\SysBee_Test_Nucleo\Core\Src\stm32l0xx_hal_msp.c_save
2021-09-18 20:05:08,345 [INFO] CodeEngine:257 - Generated code: C:\Documents\Travail\SysBee\programmes\cubeWorkspace\SysBee_Test_Nucleo\Core\Src\stm32l0xx_hal_msp.c
2021-09-18 20:05:08,349 [INFO] CodeEngine:239 - oldGeneratedFile, C:\Documents\Travail\SysBee\programmes\cubeWorkspace\SysBee_Test_Nucleo\MXTmpFiles\system.tmp_save
2021-09-18 20:05:08,399 [INFO] CodeEngine:257 - Generated code: C:\Documents\Travail\SysBee\programmes\cubeWorkspace\SysBee_Test_Nucleo\MXTmpFiles\system.tmp
2021-09-18 20:05:08,416 [INFO] CodeEngine:239 - oldGeneratedFile, C:\Documents\Travail\SysBee\programmes\cubeWorkspace\SysBee_Test_Nucleo\Core\Inc\stm32l0xx_hal_conf.h_save
2021-09-18 20:05:08,496 [INFO] CodeEngine:257 - Generated code: C:\Documents\Travail\SysBee\programmes\cubeWorkspace\SysBee_Test_Nucleo\Core\Inc\stm32l0xx_hal_conf.h
2021-09-18 20:05:08,539 [INFO] CodeEngine:239 - oldGeneratedFile, C:\Documents\Travail\SysBee\programmes\cubeWorkspace\SysBee_Test_Nucleo\Core\Inc\main.h_save
2021-09-18 20:05:08,603 [INFO] CodeEngine:257 - Generated code: C:\Documents\Travail\SysBee\programmes\cubeWorkspace\SysBee_Test_Nucleo\Core\Inc\main.h
2021-09-18 20:05:08,616 [INFO] CodeEngine:239 - oldGeneratedFile, C:\Documents\Travail\SysBee\programmes\cubeWorkspace\SysBee_Test_Nucleo\Core\Src\main.c_save
2021-09-18 20:05:08,760 [INFO] CodeEngine:257 - Generated code: C:\Documents\Travail\SysBee\programmes\cubeWorkspace\SysBee_Test_Nucleo\Core\Src\main.c
2021-09-18 20:05:09,484 [INFO] ProjectBuilder:2578 - Time for Copy HAL[1] : 113mS.
2021-09-18 20:05:09,489 [INFO] ProjectBuilder:3622 - Project Generator version: 3.14.1
2021-09-18 20:05:09,842 [INFO] ConfigFileManager:1271 - The Die is : DIE447
2021-09-18 20:05:11,760 [INFO] ProjectBuilder:3789 - Time for Generating toolchain IDE Files: 2271mS.
2021-09-18 20:05:11,761 [INFO] ProjectBuilder:2457 - Time for Copy CMSIS : 1mS.
2021-09-18 20:05:11,763 [INFO] ProjectBuilder:2457 - Time for Copy CMSIS : 0mS.
