2021-09-14 15:45:56,376 [INFO] Activator:177 - 


2021-09-14 15:45:56,377 [INFO] Activator:178 - !SESSION log4j initialized
2021-09-14 15:46:08,543 [INFO] McuFinderGlobals:39 - Set McuFinder mode to 2 (CubeIDE integrated)
2021-09-14 15:46:08,771 [INFO] ApplicationProperties:181 - Using Application install path: C:\ST\STM32CubeIDE_1.7.0\STM32CubeIDE\plugins\com.st.stm32cube.common.mx_6.3.0.202107141111
2021-09-14 15:46:08,778 [INFO] DbMcusXml:74 - Set database path to: C:\ST\STM32CubeIDE_1.7.0\STM32CubeIDE\plugins\com.st.stm32cube.common.mx_6.3.0.202107141111\\db\/mcu/
2021-09-14 15:46:08,781 [INFO] DbBoardsPdsc:56 - Set plugin database path to: C:\ST\STM32CubeIDE_1.7.0\STM32CubeIDE\plugins\com.st.stm32cube.common.mx_6.3.0.202107141111\\db\/plugins/boardmanager/
2021-09-14 15:46:08,781 [INFO] DbMcus:258 - Set plugin images path to: C:\ST\STM32CubeIDE_1.7.0\STM32CubeIDE\plugins\com.st.stm32cube.common.mx_6.3.0.202107141111\\db\/plugins/mcufinder/images/
2021-09-14 15:46:08,781 [INFO] DbBoards:264 - Set plugin images path to: C:\ST\STM32CubeIDE_1.7.0\STM32CubeIDE\plugins\com.st.stm32cube.common.mx_6.3.0.202107141111\\db\/plugins/mcufinder/images/
2021-09-14 15:46:08,783 [INFO] DbExamples:333 - Set plugin images path to: C:\ST\STM32CubeIDE_1.7.0\STM32CubeIDE\plugins\com.st.stm32cube.common.mx_6.3.0.202107141111\\db\/plugins/mcufinder/images/
2021-09-14 15:46:09,550 [ERROR] ApiFinderProperties:213 - Failed to read file additional_hw_images/X-NUCLEO-S2915A1.jpg: C:\Users\antoine.serry\.stmcufinder\plugins\mcufinder\mcu\additional_hw_images\X-NUCLEO-S2915A1.jpg (Le chemin d’accès spécifié est introuvable)
2021-09-14 15:46:09,552 [ERROR] ApiFinderProperties:213 - Failed to read file additional_hw_images/X-NUCLEO-S2868A2.jpg: C:\Users\antoine.serry\.stmcufinder\plugins\mcufinder\mcu\additional_hw_images\X-NUCLEO-S2868A2.jpg (Le chemin d’accès spécifié est introuvable)
2021-09-14 15:46:09,555 [ERROR] ApiFinderProperties:213 - Failed to read file additional_hw_images/X-NUCLEO-S2868A1.jpg: C:\Users\antoine.serry\.stmcufinder\plugins\mcufinder\mcu\additional_hw_images\X-NUCLEO-S2868A1.jpg (Le chemin d’accès spécifié est introuvable)
2021-09-14 15:46:09,557 [ERROR] ApiFinderProperties:213 - Failed to read file additional_hw_images/X-NUCLEO-NFC04A1.jpg: C:\Users\antoine.serry\.stmcufinder\plugins\mcufinder\mcu\additional_hw_images\X-NUCLEO-NFC04A1.jpg (Le chemin d’accès spécifié est introuvable)
2021-09-14 15:46:09,558 [ERROR] ApiFinderProperties:213 - Failed to read file additional_hw_images/X-NUCLEO-IDB05A2.jpg: C:\Users\antoine.serry\.stmcufinder\plugins\mcufinder\mcu\additional_hw_images\X-NUCLEO-IDB05A2.jpg (Le chemin d’accès spécifié est introuvable)
2021-09-14 15:46:09,560 [ERROR] ApiFinderProperties:213 - Failed to read file additional_hw_images/X-NUCLEO-EEPRMA2.jpg: C:\Users\antoine.serry\.stmcufinder\plugins\mcufinder\mcu\additional_hw_images\X-NUCLEO-EEPRMA2.jpg (Le chemin d’accès spécifié est introuvable)
2021-09-14 15:46:09,561 [ERROR] ApiFinderProperties:213 - Failed to read file additional_hw_images/X-NUCLEO-EEPRMA1.jpg: C:\Users\antoine.serry\.stmcufinder\plugins\mcufinder\mcu\additional_hw_images\X-NUCLEO-EEPRMA1.jpg (Le chemin d’accès spécifié est introuvable)
2021-09-14 15:46:09,563 [ERROR] ApiFinderProperties:213 - Failed to read file additional_hw_images/X-NUCLEO-6283A1.jpg: C:\Users\antoine.serry\.stmcufinder\plugins\mcufinder\mcu\additional_hw_images\X-NUCLEO-6283A1.jpg (Le chemin d’accès spécifié est introuvable)
2021-09-14 15:46:09,564 [ERROR] ApiFinderProperties:213 - Failed to read file additional_hw_images/VD6283TX.jpg: C:\Users\antoine.serry\.stmcufinder\plugins\mcufinder\mcu\additional_hw_images\VD6283TX.jpg (Le chemin d’accès spécifié est introuvable)
2021-09-14 15:46:09,565 [ERROR] ApiFinderProperties:213 - Failed to read file additional_hw_images/ST25DV04K.jpg: C:\Users\antoine.serry\.stmcufinder\plugins\mcufinder\mcu\additional_hw_images\ST25DV04K.jpg (Le chemin d’accès spécifié est introuvable)
2021-09-14 15:46:09,566 [ERROR] ApiFinderProperties:213 - Failed to read file additional_hw_images/S2-LP.jpg: C:\Users\antoine.serry\.stmcufinder\plugins\mcufinder\mcu\additional_hw_images\S2-LP.jpg (Le chemin d’accès spécifié est introuvable)
2021-09-14 15:46:09,567 [ERROR] ApiFinderProperties:213 - Failed to read file additional_hw_images/M95M04-DR.jpg: C:\Users\antoine.serry\.stmcufinder\plugins\mcufinder\mcu\additional_hw_images\M95M04-DR.jpg (Le chemin d’accès spécifié est introuvable)
2021-09-14 15:46:09,567 [ERROR] ApiFinderProperties:213 - Failed to read file additional_hw_images/M95M01-DF.jpg: C:\Users\antoine.serry\.stmcufinder\plugins\mcufinder\mcu\additional_hw_images\M95M01-DF.jpg (Le chemin d’accès spécifié est introuvable)
2021-09-14 15:46:09,567 [ERROR] ApiFinderProperties:213 - Failed to read file additional_hw_images/M95256-DF.jpg: C:\Users\antoine.serry\.stmcufinder\plugins\mcufinder\mcu\additional_hw_images\M95256-DF.jpg (Le chemin d’accès spécifié est introuvable)
2021-09-14 15:46:09,568 [ERROR] ApiFinderProperties:213 - Failed to read file additional_hw_images/M95040-R.jpg: C:\Users\antoine.serry\.stmcufinder\plugins\mcufinder\mcu\additional_hw_images\M95040-R.jpg (Le chemin d’accès spécifié est introuvable)
2021-09-14 15:46:09,568 [ERROR] ApiFinderProperties:213 - Failed to read file additional_hw_images/M24M01-DF.jpg: C:\Users\antoine.serry\.stmcufinder\plugins\mcufinder\mcu\additional_hw_images\M24M01-DF.jpg (Le chemin d’accès spécifié est introuvable)
2021-09-14 15:46:09,568 [ERROR] ApiFinderProperties:213 - Failed to read file additional_hw_images/M24C02-F.jpg: C:\Users\antoine.serry\.stmcufinder\plugins\mcufinder\mcu\additional_hw_images\M24C02-F.jpg (Le chemin d’accès spécifié est introuvable)
2021-09-14 15:46:09,568 [ERROR] ApiFinderProperties:213 - Failed to read file additional_hw_images/M24256-DF.jpg: C:\Users\antoine.serry\.stmcufinder\plugins\mcufinder\mcu\additional_hw_images\M24256-DF.jpg (Le chemin d’accès spécifié est introuvable)
2021-09-14 15:46:09,569 [ERROR] ApiFinderProperties:213 - Failed to read file additional_hw_images/BlueNRG-M0.jpg: C:\Users\antoine.serry\.stmcufinder\plugins\mcufinder\mcu\additional_hw_images\BlueNRG-M0.jpg (Le chemin d’accès spécifié est introuvable)
2021-09-14 15:46:09,628 [WARN] ApiFinderProperties:104 - C:\Users\antoine.serry\.stmcufinder\plugins\mcufinder\mcu\mcuFinder.mfd doesn't exist
2021-09-14 15:46:09,629 [INFO] DbMcusAds:119 - Set database path to: C:\Users\antoine.serry\.stmcufinder\plugins\mcufinder//mcu/
2021-09-14 15:46:09,630 [INFO] DbMcusDocs:110 - Set database path to: C:\Users\antoine.serry\.stmcufinder\plugins\mcufinder//mcu/
2021-09-14 15:46:09,631 [INFO] DbMcusJson:64 - Set database path to: C:\Users\antoine.serry\.stmcufinder\plugins\mcufinder//mcu/
2021-09-14 15:46:09,632 [INFO] DbBoardsDocs:110 - Set database path to: C:\Users\antoine.serry\.stmcufinder\plugins\mcufinder//mcu/
2021-09-14 15:46:09,633 [INFO] DbBoardsJson:57 - Set database path to: C:\Users\antoine.serry\.stmcufinder\plugins\mcufinder//mcu/
2021-09-14 15:46:09,636 [INFO] CrossReferenceDbSqlite:196 - Set database path to: C:\Users\antoine.serry\.stmcufinder\plugins\mcufinder//mcu/cs/
2021-09-14 15:46:09,639 [INFO] DbExamplesSqlite:767 - Set database path to: C:\Users\antoine.serry\.stmcufinder\plugins\mcufinder//mcu/
2021-09-14 15:46:09,701 [INFO] RulesReader:57 - Compatibility file has been processed (242 Rules)
2021-09-14 15:46:09,824 [INFO] DbMcusXml:74 - Set database path to: C:\ST\STM32CubeIDE_1.7.0\STM32CubeIDE\plugins\com.st.stm32cube.common.mx_6.3.0.202107141111\\db\/mcu/
2021-09-14 15:46:09,824 [INFO] DbBoardsPdsc:56 - Set plugin database path to: C:\ST\STM32CubeIDE_1.7.0\STM32CubeIDE\plugins\com.st.stm32cube.common.mx_6.3.0.202107141111\\db\/plugins/boardmanager/
2021-09-14 15:46:09,824 [INFO] DbMcus:258 - Set plugin images path to: C:\ST\STM32CubeIDE_1.7.0\STM32CubeIDE\plugins\com.st.stm32cube.common.mx_6.3.0.202107141111\\db\/plugins/mcufinder/images/
2021-09-14 15:46:09,824 [INFO] DbBoards:264 - Set plugin images path to: C:\ST\STM32CubeIDE_1.7.0\STM32CubeIDE\plugins\com.st.stm32cube.common.mx_6.3.0.202107141111\\db\/plugins/mcufinder/images/
2021-09-14 15:46:09,824 [INFO] DbExamples:333 - Set plugin images path to: C:\ST\STM32CubeIDE_1.7.0\STM32CubeIDE\plugins\com.st.stm32cube.common.mx_6.3.0.202107141111\\db\/plugins/mcufinder/images/
2021-09-14 15:46:09,825 [WARN] DbFile:35 - Overriding database path with different value: C:\Users\antoine.serry\.stmcufinder\plugins\mcufinder/ => C:\Users\antoine.serry\.stmcufinder\plugins\mcufinder
2021-09-14 15:46:09,825 [INFO] DbMcusAds:119 - Set database path to: C:\Users\antoine.serry\.stmcufinder\plugins\mcufinder//mcu/
2021-09-14 15:46:09,825 [WARN] DbFile:35 - Overriding database path with different value: C:\Users\antoine.serry\.stmcufinder\plugins\mcufinder/ => C:\Users\antoine.serry\.stmcufinder\plugins\mcufinder
2021-09-14 15:46:09,825 [INFO] DbMcusDocs:110 - Set database path to: C:\Users\antoine.serry\.stmcufinder\plugins\mcufinder//mcu/
2021-09-14 15:46:09,825 [WARN] DbFile:35 - Overriding database path with different value: C:\Users\antoine.serry\.stmcufinder\plugins\mcufinder/ => C:\Users\antoine.serry\.stmcufinder\plugins\mcufinder
2021-09-14 15:46:09,825 [INFO] DbMcusJson:64 - Set database path to: C:\Users\antoine.serry\.stmcufinder\plugins\mcufinder//mcu/
2021-09-14 15:46:09,825 [WARN] DbFile:35 - Overriding database path with different value: C:\Users\antoine.serry\.stmcufinder\plugins\mcufinder/ => C:\Users\antoine.serry\.stmcufinder\plugins\mcufinder
2021-09-14 15:46:09,825 [INFO] DbBoardsDocs:110 - Set database path to: C:\Users\antoine.serry\.stmcufinder\plugins\mcufinder//mcu/
2021-09-14 15:46:09,825 [WARN] DbFile:35 - Overriding database path with different value: C:\Users\antoine.serry\.stmcufinder\plugins\mcufinder/ => C:\Users\antoine.serry\.stmcufinder\plugins\mcufinder
2021-09-14 15:46:09,825 [INFO] DbBoardsJson:57 - Set database path to: C:\Users\antoine.serry\.stmcufinder\plugins\mcufinder//mcu/
2021-09-14 15:46:09,825 [WARN] DbFile:35 - Overriding database path with different value: C:\Users\antoine.serry\.stmcufinder\plugins\mcufinder/ => C:\Users\antoine.serry\.stmcufinder\plugins\mcufinder
2021-09-14 15:46:09,825 [WARN] DbFile:35 - Overriding database path with different value: C:\Users\antoine.serry\.stmcufinder\plugins\mcufinder/ => C:\Users\antoine.serry\.stmcufinder\plugins\mcufinder
2021-09-14 15:46:09,825 [INFO] CrossReferenceDbSqlite:196 - Set database path to: C:\Users\antoine.serry\.stmcufinder\plugins\mcufinder//mcu/cs/
2021-09-14 15:46:09,826 [WARN] DbFile:35 - Overriding database path with different value: C:\Users\antoine.serry\.stmcufinder\plugins\mcufinder/ => C:\Users\antoine.serry\.stmcufinder\plugins\mcufinder
2021-09-14 15:46:09,826 [INFO] DbExamplesSqlite:767 - Set database path to: C:\Users\antoine.serry\.stmcufinder\plugins\mcufinder//mcu/
2021-09-14 15:46:09,889 [INFO] MainPanel:214 - HeapMemory: 268435456
2021-09-14 15:46:09,934 [INFO] DbMcusXml:74 - Set database path to: C:\ST\STM32CubeIDE_1.7.0\STM32CubeIDE\plugins\com.st.stm32cube.common.mx_6.3.0.202107141111\\db\/mcu/
2021-09-14 15:46:09,934 [INFO] DbBoardsPdsc:56 - Set plugin database path to: C:\ST\STM32CubeIDE_1.7.0\STM32CubeIDE\plugins\com.st.stm32cube.common.mx_6.3.0.202107141111\\db\/plugins/boardmanager/
2021-09-14 15:46:09,935 [INFO] DbMcus:258 - Set plugin images path to: C:\ST\STM32CubeIDE_1.7.0\STM32CubeIDE\plugins\com.st.stm32cube.common.mx_6.3.0.202107141111\\db\/plugins/mcufinder/images/
2021-09-14 15:46:09,935 [INFO] DbBoards:264 - Set plugin images path to: C:\ST\STM32CubeIDE_1.7.0\STM32CubeIDE\plugins\com.st.stm32cube.common.mx_6.3.0.202107141111\\db\/plugins/mcufinder/images/
2021-09-14 15:46:09,935 [INFO] DbExamples:333 - Set plugin images path to: C:\ST\STM32CubeIDE_1.7.0\STM32CubeIDE\plugins\com.st.stm32cube.common.mx_6.3.0.202107141111\\db\/plugins/mcufinder/images/
2021-09-14 15:46:09,935 [WARN] DbFile:35 - Overriding database path with different value: C:\Users\antoine.serry\.stmcufinder\plugins\mcufinder/ => C:\Users\antoine.serry\.stmcufinder\plugins\mcufinder
2021-09-14 15:46:09,935 [INFO] DbMcusAds:119 - Set database path to: C:\Users\antoine.serry\.stmcufinder\plugins\mcufinder//mcu/
2021-09-14 15:46:09,935 [WARN] DbFile:35 - Overriding database path with different value: C:\Users\antoine.serry\.stmcufinder\plugins\mcufinder/ => C:\Users\antoine.serry\.stmcufinder\plugins\mcufinder
2021-09-14 15:46:09,935 [INFO] DbMcusDocs:110 - Set database path to: C:\Users\antoine.serry\.stmcufinder\plugins\mcufinder//mcu/
2021-09-14 15:46:09,935 [WARN] DbFile:35 - Overriding database path with different value: C:\Users\antoine.serry\.stmcufinder\plugins\mcufinder/ => C:\Users\antoine.serry\.stmcufinder\plugins\mcufinder
2021-09-14 15:46:09,935 [INFO] DbMcusJson:64 - Set database path to: C:\Users\antoine.serry\.stmcufinder\plugins\mcufinder//mcu/
2021-09-14 15:46:09,935 [WARN] DbFile:35 - Overriding database path with different value: C:\Users\antoine.serry\.stmcufinder\plugins\mcufinder/ => C:\Users\antoine.serry\.stmcufinder\plugins\mcufinder
2021-09-14 15:46:09,936 [INFO] DbBoardsDocs:110 - Set database path to: C:\Users\antoine.serry\.stmcufinder\plugins\mcufinder//mcu/
2021-09-14 15:46:09,936 [WARN] DbFile:35 - Overriding database path with different value: C:\Users\antoine.serry\.stmcufinder\plugins\mcufinder/ => C:\Users\antoine.serry\.stmcufinder\plugins\mcufinder
2021-09-14 15:46:09,936 [INFO] DbBoardsJson:57 - Set database path to: C:\Users\antoine.serry\.stmcufinder\plugins\mcufinder//mcu/
2021-09-14 15:46:09,936 [WARN] DbFile:35 - Overriding database path with different value: C:\Users\antoine.serry\.stmcufinder\plugins\mcufinder/ => C:\Users\antoine.serry\.stmcufinder\plugins\mcufinder
2021-09-14 15:46:09,936 [WARN] DbFile:35 - Overriding database path with different value: C:\Users\antoine.serry\.stmcufinder\plugins\mcufinder/ => C:\Users\antoine.serry\.stmcufinder\plugins\mcufinder
2021-09-14 15:46:09,936 [INFO] CrossReferenceDbSqlite:196 - Set database path to: C:\Users\antoine.serry\.stmcufinder\plugins\mcufinder//mcu/cs/
2021-09-14 15:46:09,936 [WARN] DbFile:35 - Overriding database path with different value: C:\Users\antoine.serry\.stmcufinder\plugins\mcufinder/ => C:\Users\antoine.serry\.stmcufinder\plugins\mcufinder
2021-09-14 15:46:09,936 [INFO] DbExamplesSqlite:767 - Set database path to: C:\Users\antoine.serry\.stmcufinder\plugins\mcufinder//mcu/
2021-09-14 15:46:09,963 [INFO] ApplicationProperties:181 - Using Application install path: C:\ST\STM32CubeIDE_1.7.0\STM32CubeIDE\plugins\com.st.stm32cube.common.mx_6.3.0.202107141111
2021-09-14 15:46:09,964 [INFO] PluginManage:188 - Search for loadable plugins [exclusion list=, ]
2021-09-14 15:46:09,965 [INFO] PluginManage:302 - Check plugin analytics
2021-09-14 15:46:10,074 [INFO] AnalyticsPlugin:257 - Accepted Software Licenses: 
2021-09-14 15:46:10,075 [INFO] AnalyticsPlugin:259 - Accepted CMSIS Pack Licenses: 
2021-09-14 15:46:10,075 [INFO] AnalyticsPlugin:261 - Accepted Firmware Licenses: 
2021-09-14 15:46:10,076 [INFO] PluginManage:352 - Loaded plugin analytics (category:tool,tabindex:-1)
2021-09-14 15:46:10,076 [INFO] PluginManage:302 - Check plugin clock
2021-09-14 15:46:10,083 [INFO] PluginManage:352 - Loaded plugin clock (category:base,tabindex:2)
2021-09-14 15:46:10,083 [INFO] PluginManage:302 - Check plugin ddr
2021-09-14 15:46:10,085 [INFO] PluginManage:352 - Loaded plugin ddr (category:tool,tabindex:6)
2021-09-14 15:46:10,085 [INFO] PluginManage:302 - Check plugin filemanager
2021-09-14 15:46:10,166 [INFO] PluginManage:352 - Loaded plugin filemanager (category:base,tabindex:10)
2021-09-14 15:46:10,166 [INFO] PluginManage:302 - Check plugin ipmanager
2021-09-14 15:46:10,188 [INFO] PluginManage:352 - Loaded plugin ipmanager (category:base,tabindex:5)
2021-09-14 15:46:10,188 [INFO] PluginManage:302 - Check plugin pinoutandconfiguration
2021-09-14 15:46:10,196 [INFO] PluginManage:352 - Loaded plugin pinoutandconfiguration (category:base,tabindex:1)
2021-09-14 15:46:10,196 [INFO] PluginManage:302 - Check plugin pinoutconfig
2021-09-14 15:46:10,216 [INFO] PluginManage:352 - Loaded plugin pinoutconfig (category:base,tabindex:0)
2021-09-14 15:46:10,217 [INFO] PluginManage:302 - Check plugin power
2021-09-14 15:46:10,222 [INFO] PluginManage:352 - Loaded plugin power (category:power,tabindex:4)
2021-09-14 15:46:10,223 [INFO] PluginManage:302 - Check plugin projectmanager
2021-09-14 15:46:10,235 [INFO] PluginManage:352 - Loaded plugin projectmanager (category:projectmanager,tabindex:3)
2021-09-14 15:46:10,235 [INFO] PluginManage:302 - Check plugin thirdparty
2021-09-14 15:46:10,304 [WARN] IntegrityCheckThread:78 - waiting for thirdparty lock release [integrity check]
2021-09-14 15:46:10,304 [INFO] PluginManage:352 - Loaded plugin thirdparty (category:base,tabindex:-1)
2021-09-14 15:46:10,305 [INFO] IntegrityCheckThread:80 - entering critical section [integrity check]
2021-09-14 15:46:10,305 [INFO] PluginManage:302 - Check plugin tools
2021-09-14 15:46:10,305 [INFO] ThirdPartyUpdaterWithRetryManager:66 - Updater plugin not ready yet. [1/15]
2021-09-14 15:46:10,307 [INFO] PluginManage:352 - Loaded plugin tools (category:base,tabindex:7)
2021-09-14 15:46:10,307 [INFO] PluginManage:302 - Check plugin tutovideos
2021-09-14 15:46:10,467 [INFO] PluginManage:352 - Loaded plugin tutovideos (category:base,tabindex:-1)
2021-09-14 15:46:10,467 [INFO] PluginManage:302 - Check plugin updater
2021-09-14 15:46:10,479 [INFO] PluginManage:352 - Loaded plugin updater (category:base,tabindex:12)
2021-09-14 15:46:10,479 [INFO] PluginManage:275 - PluginManage : Loaded plugins [13]
2021-09-14 15:46:10,655 [INFO] PinOutPanel:1463 - setPackage(No Configuration,No Configuration)
2021-09-14 15:46:10,751 [INFO] IPUIPlugin:74 - create IPUIPlugin
2021-09-14 15:46:10,752 [INFO] PluginManager:213 - loadIPPluginJar : add adc
2021-09-14 15:46:10,753 [INFO] IPUIPlugin:74 - create IPUIPlugin
2021-09-14 15:46:10,753 [INFO] PluginManager:213 - loadIPPluginJar : add aes
2021-09-14 15:46:10,755 [INFO] IPUIPlugin:74 - create IPUIPlugin
2021-09-14 15:46:10,755 [INFO] PluginManager:213 - loadIPPluginJar : add can
2021-09-14 15:46:10,756 [INFO] IPUIPlugin:74 - create IPUIPlugin
2021-09-14 15:46:10,756 [INFO] PluginManager:213 - loadIPPluginJar : add comp
2021-09-14 15:46:10,758 [INFO] IPUIPlugin:74 - create IPUIPlugin
2021-09-14 15:46:10,758 [INFO] PluginManager:213 - loadIPPluginJar : add cryp
2021-09-14 15:46:10,758 [INFO] IPUIPlugin:74 - create IPUIPlugin
2021-09-14 15:46:10,758 [INFO] PluginManager:213 - loadIPPluginJar : add dfsdm
2021-09-14 15:46:10,762 [INFO] IPUIPlugin:74 - create IPUIPlugin
2021-09-14 15:46:10,762 [INFO] PluginManager:213 - loadIPPluginJar : add dma
2021-09-14 15:46:10,764 [INFO] IPUIPlugin:74 - create IPUIPlugin
2021-09-14 15:46:10,764 [INFO] PluginManager:213 - loadIPPluginJar : add dma3
2021-09-14 15:46:10,765 [INFO] IPUIPlugin:74 - create IPUIPlugin
2021-09-14 15:46:10,765 [INFO] PluginManager:213 - loadIPPluginJar : add fatfs
2021-09-14 15:46:10,768 [INFO] IPUIPlugin:74 - create IPUIPlugin
2021-09-14 15:46:10,768 [INFO] PluginManager:213 - loadIPPluginJar : add fmc
2021-09-14 15:46:10,772 [INFO] IPUIPlugin:74 - create IPUIPlugin
2021-09-14 15:46:10,772 [INFO] PluginManager:213 - loadIPPluginJar : add freertos
2021-09-14 15:46:10,773 [INFO] IPUIPlugin:74 - create IPUIPlugin
2021-09-14 15:46:10,773 [INFO] PluginManager:213 - loadIPPluginJar : add genericplugin
2021-09-14 15:46:10,774 [INFO] IPUIPlugin:74 - create IPUIPlugin
2021-09-14 15:46:10,774 [INFO] PluginManager:213 - loadIPPluginJar : add gfxmmu
2021-09-14 15:46:10,778 [INFO] IPUIPlugin:74 - create IPUIPlugin
2021-09-14 15:46:10,778 [INFO] PluginManager:213 - loadIPPluginJar : add gic
2021-09-14 15:46:10,781 [INFO] IPUIPlugin:74 - create IPUIPlugin
2021-09-14 15:46:10,781 [INFO] PluginManager:213 - loadIPPluginJar : add gpio
2021-09-14 15:46:10,782 [INFO] IPUIPlugin:74 - create IPUIPlugin
2021-09-14 15:46:10,783 [INFO] PluginManager:213 - loadIPPluginJar : add gtzc
2021-09-14 15:46:10,784 [INFO] IPUIPlugin:74 - create IPUIPlugin
2021-09-14 15:46:10,784 [INFO] PluginManager:213 - loadIPPluginJar : add hash
2021-09-14 15:46:10,786 [INFO] IPUIPlugin:74 - create IPUIPlugin
2021-09-14 15:46:10,786 [INFO] PluginManager:213 - loadIPPluginJar : add i2c
2021-09-14 15:46:10,787 [INFO] IPUIPlugin:74 - create IPUIPlugin
2021-09-14 15:46:10,787 [INFO] PluginManager:213 - loadIPPluginJar : add i2s
2021-09-14 15:46:10,789 [INFO] IPUIPlugin:74 - create IPUIPlugin
2021-09-14 15:46:10,789 [INFO] PluginManager:213 - loadIPPluginJar : add ipddr
2021-09-14 15:46:10,794 [INFO] IPUIPlugin:74 - create IPUIPlugin
2021-09-14 15:46:10,794 [INFO] PluginManager:213 - loadIPPluginJar : add linkedlist
2021-09-14 15:46:10,795 [INFO] IPUIPlugin:74 - create IPUIPlugin
2021-09-14 15:46:10,796 [INFO] PluginManager:213 - loadIPPluginJar : add lorawan
2021-09-14 15:46:10,796 [INFO] IPUIPlugin:74 - create IPUIPlugin
2021-09-14 15:46:10,796 [INFO] PluginManager:213 - loadIPPluginJar : add ltdc
2021-09-14 15:46:10,799 [INFO] IPUIPlugin:74 - create IPUIPlugin
2021-09-14 15:46:10,799 [INFO] PluginManager:213 - loadIPPluginJar : add mdma
2021-09-14 15:46:10,800 [INFO] IPUIPlugin:74 - create IPUIPlugin
2021-09-14 15:46:10,800 [INFO] PluginManager:213 - loadIPPluginJar : add nvic
2021-09-14 15:46:10,802 [INFO] IPUIPlugin:74 - create IPUIPlugin
2021-09-14 15:46:10,802 [INFO] PluginManager:213 - loadIPPluginJar : add opamp
2021-09-14 15:46:10,804 [INFO] IPUIPlugin:74 - create IPUIPlugin
2021-09-14 15:46:10,804 [INFO] PluginManager:213 - loadIPPluginJar : add openamp
2021-09-14 15:46:10,806 [INFO] IPUIPlugin:74 - create IPUIPlugin
2021-09-14 15:46:10,806 [INFO] PluginManager:213 - loadIPPluginJar : add pdm2pcm
2021-09-14 15:46:10,810 [INFO] IPUIPlugin:74 - create IPUIPlugin
2021-09-14 15:46:10,812 [INFO] PluginManager:213 - loadIPPluginJar : add plateformsettings
2021-09-14 15:46:10,813 [INFO] IPUIPlugin:74 - create IPUIPlugin
2021-09-14 15:46:10,814 [INFO] PluginManager:213 - loadIPPluginJar : add quadspi
2021-09-14 15:46:10,815 [INFO] IPUIPlugin:74 - create IPUIPlugin
2021-09-14 15:46:10,816 [INFO] PluginManager:213 - loadIPPluginJar : add resmgrutility
2021-09-14 15:46:10,818 [INFO] IPUIPlugin:74 - create IPUIPlugin
2021-09-14 15:46:10,818 [INFO] PluginManager:213 - loadIPPluginJar : add sai
2021-09-14 15:46:10,819 [INFO] IPUIPlugin:74 - create IPUIPlugin
2021-09-14 15:46:10,819 [INFO] PluginManager:213 - loadIPPluginJar : add spi
2021-09-14 15:46:10,822 [INFO] IPUIPlugin:74 - create IPUIPlugin
2021-09-14 15:46:10,822 [INFO] PluginManager:213 - loadIPPluginJar : add stm32_wpan
2021-09-14 15:46:10,823 [INFO] IPUIPlugin:74 - create IPUIPlugin
2021-09-14 15:46:10,823 [INFO] PluginManager:213 - loadIPPluginJar : add tim
2021-09-14 15:46:10,825 [INFO] IPUIPlugin:74 - create IPUIPlugin
2021-09-14 15:46:10,825 [INFO] PluginManager:213 - loadIPPluginJar : add touchsensing
2021-09-14 15:46:10,826 [INFO] IPUIPlugin:74 - create IPUIPlugin
2021-09-14 15:46:10,826 [INFO] PluginManager:213 - loadIPPluginJar : add tracer_emb
2021-09-14 15:46:10,827 [INFO] IPUIPlugin:74 - create IPUIPlugin
2021-09-14 15:46:10,827 [INFO] PluginManager:213 - loadIPPluginJar : add ts
2021-09-14 15:46:10,828 [INFO] IPUIPlugin:74 - create IPUIPlugin
2021-09-14 15:46:10,828 [INFO] PluginManager:213 - loadIPPluginJar : add tsc
2021-09-14 15:46:10,829 [INFO] IPUIPlugin:74 - create IPUIPlugin
2021-09-14 15:46:10,830 [INFO] PluginManager:213 - loadIPPluginJar : add ucpd
2021-09-14 15:46:10,831 [INFO] IPUIPlugin:74 - create IPUIPlugin
2021-09-14 15:46:10,831 [INFO] PluginManager:213 - loadIPPluginJar : add usart
2021-09-14 15:46:10,833 [INFO] IPUIPlugin:74 - create IPUIPlugin
2021-09-14 15:46:10,833 [INFO] PluginManager:213 - loadIPPluginJar : add usbx
2021-09-14 15:46:11,113 [FATAL] Updater:294 - Updater called before beeing initialized
2021-09-14 15:46:11,220 [FATAL] Updater:294 - Updater called before beeing initialized
2021-09-14 15:46:11,223 [INFO] DbMcusAds:47 - JSON generation date=Tue May 11 17:32:49 CEST 2021 (1620747169502)
2021-09-14 15:46:11,223 [FATAL] Updater:294 - Updater called before beeing initialized
2021-09-14 15:46:11,254 [WARN] DetailPanel:314 - Failed to get advertising image, set to default
2021-09-14 15:46:11,344 [FATAL] Updater:294 - Updater called before beeing initialized
2021-09-14 15:46:11,346 [FATAL] Updater:294 - Updater called before beeing initialized
2021-09-14 15:46:11,346 [FATAL] Updater:294 - Updater called before beeing initialized
2021-09-14 15:46:11,346 [WARN] DetailPanel:314 - Failed to get advertising image, set to default
2021-09-14 15:46:11,347 [FATAL] Updater:294 - Updater called before beeing initialized
2021-09-14 15:46:11,397 [ERROR] Updater:1075 - MainUpdater not yet initialized. External WinMGr cannot be set.
2021-09-14 15:46:11,400 [INFO] Updater:1012 - Updater Version found : 6.3.0
2021-09-14 15:46:11,414 [INFO] ApplicationProperties:181 - Using Application install path: C:\ST\STM32CubeIDE_1.7.0\STM32CubeIDE\plugins\com.st.stm32cube.common.mx_6.3.0.202107141111
2021-09-14 15:46:11,448 [INFO] MainUpdater:489 - Copy updater definitions from MX database
2021-09-14 15:46:11,487 [INFO] MainUpdater:522 - Copy flag file definitions from MX database
2021-09-14 15:46:11,492 [INFO] MainUpdater:538 - Copy thirdparty index definitions from MX database
2021-09-14 15:46:11,497 [INFO] MainUpdater:557 - Copy default thirdparty db definitions from MX database
2021-09-14 15:46:13,306 [INFO] ThirdPartyUpdaterWithRetryManager:66 - Updater plugin not ready yet. [2/15]
2021-09-14 15:46:13,518 [WARN] ServerAccessManage:1053 - Warning during Server Connexion :  timeout connect timed out
2021-09-14 15:46:15,522 [WARN] ServerAccessManage:1053 - Warning during Server Connexion :  timeout connect timed out
2021-09-14 15:46:16,307 [FATAL] Updater:294 - Updater called before beeing initialized
2021-09-14 15:46:16,307 [ERROR] IntegrityCheckThread:124 - Cannot retrieve database content from updater: error 21
2021-09-14 15:46:16,307 [INFO] ThirdParty:915 - Integrity check success = false
2021-09-14 15:46:16,308 [INFO] IntegrityCheckThread:94 - exiting critical section [integrity check]
2021-09-14 15:46:16,308 [INFO] IntegrityCheckThread:97 - End integrity checks thread
2021-09-14 15:46:17,545 [WARN] ServerAccessManage:1053 - Warning during Server Connexion :  timeout connect timed out
2021-09-14 15:46:19,549 [WARN] ServerAccessManage:1053 - Warning during Server Connexion :  timeout connect timed out
2021-09-14 15:46:19,557 [INFO] MainUpdater:2671 - connection check result : 22
2021-09-14 15:46:19,559 [INFO] MainUpdater:265 - Updater Check For Update Now.
2021-09-14 15:46:19,559 [INFO] MicroXplorer:478 - Change Database Version : DB.6.0.30
2021-09-14 15:46:19,708 [INFO] CheckServerUpdateThread:112 - End of CheckServer Thread
2021-09-14 15:46:20,766 [WARN] ServerAccessManage:1053 - Warning during Server Connexion :  timeout connect timed out
2021-09-14 15:46:21,768 [WARN] ServerAccessManage:1053 - Warning during Server Connexion :  timeout connect timed out
2021-09-14 15:46:22,771 [WARN] ServerAccessManage:1053 - Warning during Server Connexion :  timeout connect timed out
2021-09-14 15:46:23,774 [WARN] ServerAccessManage:1053 - Warning during Server Connexion :  timeout connect timed out
2021-09-14 15:46:23,778 [INFO] MainUpdater:2671 - connection check result : 22
2021-09-14 15:46:44,193 [WARN] ServerAccessManage:1053 - Warning during Server Connexion :  timeout connect timed out
2021-09-14 15:46:45,194 [WARN] ServerAccessManage:1053 - Warning during Server Connexion :  timeout connect timed out
2021-09-14 15:46:46,195 [WARN] ServerAccessManage:1053 - Warning during Server Connexion :  timeout connect timed out
2021-09-14 15:46:47,199 [WARN] ServerAccessManage:1053 - Warning during Server Connexion :  timeout connect timed out
2021-09-14 15:46:47,200 [INFO] MainUpdater:2671 - connection check result : 22
2021-09-14 15:46:49,481 [INFO] McuFinderGlobals:52 - Set McuFinderConnectedMode to false
2021-09-14 15:46:49,561 [INFO] CrossSelectorPresenter:1330 - Cross Selector saved comparison directory: C:\Users\antoine.serry\.stmcufinder\plugins\mcufinder\mcu\cs_comparisons_mx
2021-09-14 15:46:49,563 [INFO] MultiScanPanel:197 - Auto-refresh data requested => check proxy status ongoing
2021-09-14 15:46:49,563 [INFO] MultiScanPanel:201 - Proxy status is invalid
2021-09-14 15:46:49,565 [INFO] FinderPluginLoader:87 - Searching for filters in installed packs
2021-09-14 15:46:49,566 [INFO] DbMcusXml:100 - Load MCU database from C:\ST\STM32CubeIDE_1.7.0\STM32CubeIDE\plugins\com.st.stm32cube.common.mx_6.3.0.202107141111\\db\/mcu/families.xml
2021-09-14 15:46:50,268 [INFO] DbMcusJson:93 - JSON generation date=Mon Jun 07 10:53:21 CEST 2021 (1623056001)
2021-09-14 15:46:50,819 [INFO] DbMcus:175 - Found 1951 MCUs (1903 are supported by CubeMX, 1903 are visible in CubeMX)
2021-09-14 15:46:50,820 [INFO] ApiDb:242 - User favorites file not found: C:\Users\antoine.serry/.stm32cubeide/favorites.mcus.txt
2021-09-14 15:46:50,820 [INFO] DbMcus:187 - Set 0 / 0 favorites MCUs
2021-09-14 15:46:51,196 [WARN] DetailPanel:314 - Failed to get advertising image, set to default
2021-09-14 15:46:51,524 [INFO] DbBoardsPdsc:90 - Found 25 items
2021-09-14 15:46:51,526 [INFO] DbBoardsPdsc:90 - Found 9 items
2021-09-14 15:46:51,528 [INFO] DbBoardsPdsc:90 - Found 33 items
2021-09-14 15:46:51,529 [INFO] DbBoardsPdsc:90 - Found 1 items
2021-09-14 15:46:51,534 [INFO] DbBoardsPdsc:90 - Found 48 items
2021-09-14 15:46:51,540 [INFO] DbBoardsPdsc:90 - Found 43 items
2021-09-14 15:46:51,541 [INFO] DbBoardsPdsc:90 - Found 2 items
2021-09-14 15:46:51,543 [INFO] DbBoardsPdsc:90 - Found 5 items
2021-09-14 15:46:51,554 [WARN] DbBoardsPdsc:254 - Board STM32H7B3I-DK: unknown feature type=Audio, name=, username=Audio stereo codec with Headphone Amp (CS42L51-CNZ), n=1
2021-09-14 15:46:51,554 [WARN] DbBoardsPdsc:254 - Board STM32H735G-DK: unknown feature type=Audio, name=, username=Audio stereo codec with Headphone Amp (WM8994ECS/R), n=1
2021-09-14 15:46:51,555 [WARN] DbBoardsPdsc:254 - Board STM32H7B3I-EVAL: unknown feature type=Audio, name=, username=Multi-Channel Audio Codec (CS42L51-CNZ), n=1
2021-09-14 15:46:51,555 [WARN] DbBoardsPdsc:254 - Board STM32H7B3I-EVAL: unknown feature type=Meter, name=, username=Power-metering and Temperature-monitoring with sigma-delta modulators, n=1
2021-09-14 15:46:51,555 [WARN] DbBoardsPdsc:254 - Board STM32H7B3I-EVAL: unknown feature type=Motor, name=, username=Motor Control, n=1
2021-09-14 15:46:51,556 [WARN] DbBoardsPdsc:254 - Board STM32U575I-EV: unknown feature type=joystick, name=, username=4-direction joystick with selection button, n=1
2021-09-14 15:46:51,575 [INFO] DbBoardsJson:86 - JSON generation date=Tue Jun 01 07:52:40 CEST 2021 (1622526760)
2021-09-14 15:46:51,581 [INFO] DbBoards:117 - Found 166 boards (163 are supported by CubeMX)
2021-09-14 15:46:51,590 [INFO] DbBoardsDocs:143 - JSON generation date=Tue Jun 01 07:52:40 CEST 2021 (1622526760)
2021-09-14 15:46:51,606 [INFO] DbBoardsDocs:79 - Found 193 boards documents
2021-09-14 15:46:51,606 [WARN] DbBoards:127 - board B-L462E-CELL1 has no document id list !
2021-09-14 15:46:51,606 [WARN] DbBoards:127 - board B-L475E-IOT01A2 has no document id list !
2021-09-14 15:46:51,606 [WARN] DbBoards:127 - board B-U585I-IOT02A has no document id list !
2021-09-14 15:46:51,607 [WARN] DbBoards:127 - board NUCLEO-G0B1RE has no document id list !
2021-09-14 15:46:51,607 [WARN] DbBoards:127 - board NUCLEO-H743ZI has no document id list !
2021-09-14 15:46:51,607 [WARN] DbBoards:127 - board NUCLEO-L4A6ZG has no document id list !
2021-09-14 15:46:51,607 [WARN] DbBoards:127 - board NUCLEO-U575ZI-Q has no document id list !
2021-09-14 15:46:51,607 [WARN] DbBoards:127 - board NUCLEO-WB15CC has no document id list !
2021-09-14 15:46:51,607 [WARN] DbBoards:127 - board NUCLEO-WB55RG has no document id list !
2021-09-14 15:46:51,608 [WARN] DbBoards:127 - board NUCLEO-WL55JC2 has no document id list !
2021-09-14 15:46:51,608 [WARN] DbBoards:127 - board P-NUCLEO-WB55-Nucleo has no document id list !
2021-09-14 15:46:51,608 [WARN] DbBoards:127 - board P-NUCLEO-WB55-USBDongle has no document id list !
2021-09-14 15:46:51,608 [WARN] DbBoards:127 - board STEVAL-BFA001V1B has no document id list !
2021-09-14 15:46:51,608 [WARN] DbBoards:127 - board STEVAL-BFA001V2B has no document id list !
2021-09-14 15:46:51,608 [WARN] DbBoards:127 - board STEVAL-IDP005V1 has no document id list !
2021-09-14 15:46:51,608 [WARN] DbBoards:127 - board STEVAL-IDP005V2 has no document id list !
2021-09-14 15:46:51,608 [WARN] DbBoards:127 - board STEVAL-MKSBOX1V1 has no document id list !
2021-09-14 15:46:51,608 [WARN] DbBoards:127 - board STEVAL-STWINKT1 has no document id list !
2021-09-14 15:46:51,608 [WARN] DbBoards:127 - board STEVAL-STWINKT1B has no document id list !
2021-09-14 15:46:51,608 [WARN] DbBoards:127 - board STM32F401C-DISCO has no document id list !
2021-09-14 15:46:51,609 [WARN] DbBoards:127 - board STM32F769I-DISC1 has no document id list !
2021-09-14 15:46:51,609 [WARN] DbBoards:127 - board STM32G0C1E-EV has no document id list !
2021-09-14 15:46:51,609 [WARN] DbBoards:127 - board STM32G474E-EVAL1 has no document id list !
2021-09-14 15:46:51,609 [WARN] DbBoards:127 - board STM32H743I-EVAL2 has no document id list !
2021-09-14 15:46:51,609 [WARN] DbBoards:127 - board STM32H747I-DISC1 has no document id list !
2021-09-14 15:46:51,609 [WARN] DbBoards:127 - board STM32H753I-EVAL2 has no document id list !
2021-09-14 15:46:51,609 [WARN] DbBoards:127 - board STM32L-DISCOVERY has no document id list !
2021-09-14 15:46:51,610 [WARN] DbBoards:127 - board STM32MP157A-DK1 has no document id list !
2021-09-14 15:46:51,610 [WARN] DbBoards:127 - board STM32MP157D-DK1 has no document id list !
2021-09-14 15:46:51,610 [WARN] DbBoards:127 - board STM32MP157D-EV1 has no document id list !
2021-09-14 15:46:51,610 [WARN] DbBoards:127 - board STM32MP157F-DK2 has no document id list !
2021-09-14 15:46:51,610 [WARN] DbBoards:127 - board STM32MP157F-EV1 has no document id list !
2021-09-14 15:46:51,610 [WARN] DbBoards:127 - board STM32U575I-EV has no document id list !
2021-09-14 15:46:51,610 [WARN] DbBoards:127 - board STM32WB5MM-DK has no document id list !
2021-09-14 15:46:52,883 [INFO] ApiDb:242 - User favorites file not found: C:\Users\antoine.serry/.stm32cubeide/favorites.boards.txt
2021-09-14 15:46:52,883 [INFO] DbBoards:206 - Set 0 / 0 favorites Boards
2021-09-14 15:47:09,205 [WARN] ServerAccessManage:1053 - Warning during Server Connexion :  timeout connect timed out
2021-09-14 15:47:10,209 [WARN] ServerAccessManage:1053 - Warning during Server Connexion :  timeout connect timed out
2021-09-14 15:47:11,211 [WARN] ServerAccessManage:1053 - Warning during Server Connexion :  timeout connect timed out
2021-09-14 15:47:12,214 [WARN] ServerAccessManage:1053 - Warning during Server Connexion :  timeout connect timed out
2021-09-14 15:47:12,218 [INFO] MainUpdater:2671 - connection check result : 22
2021-09-14 15:47:13,222 [WARN] ServerAccessManage:1053 - Warning during Server Connexion :  timeout connect timed out
2021-09-14 15:47:14,228 [WARN] ServerAccessManage:1053 - Warning during Server Connexion :  timeout connect timed out
2021-09-14 15:47:15,230 [WARN] ServerAccessManage:1053 - Warning during Server Connexion :  timeout connect timed out
2021-09-14 15:47:16,232 [WARN] ServerAccessManage:1053 - Warning during Server Connexion :  timeout connect timed out
2021-09-14 15:47:16,236 [INFO] MainUpdater:2671 - connection check result : 22
2021-09-14 15:47:19,445 [INFO] MicroXplorer:448 - Change Database Path : 
2021-09-14 15:47:19,445 [INFO] MicroXplorer:478 - Change Database Version : DB.6.0.30
2021-09-14 15:47:19,445 [WARN] ThirdParty:813 - waiting for thirdparty lock release [close project]
2021-09-14 15:47:19,446 [INFO] ThirdParty:815 - entering critical section [close project]
2021-09-14 15:47:19,447 [INFO] ThirdParty:825 - exiting critical section [close project]
2021-09-14 15:47:19,451 [INFO] PinOutPanel:1463 - setPackage(No Configuration,No Configuration)
2021-09-14 15:47:19,451 [INFO] UtilMem:74 - Begin LoadConfig() Used Memory: 515005080 Bytes (812646400)
2021-09-14 15:47:33,535 [WARN] ServerAccessManage:1053 - Warning during Server Connexion :  timeout connect timed out
2021-09-14 15:47:34,539 [WARN] ServerAccessManage:1053 - Warning during Server Connexion :  timeout connect timed out
2021-09-14 15:47:35,543 [WARN] ServerAccessManage:1053 - Warning during Server Connexion :  timeout connect timed out
2021-09-14 15:47:36,546 [WARN] ServerAccessManage:1053 - Warning during Server Connexion :  timeout connect timed out
2021-09-14 15:47:36,553 [INFO] MainUpdater:2671 - connection check result : 22
2021-09-14 15:47:37,555 [WARN] ServerAccessManage:1053 - Warning during Server Connexion :  timeout connect timed out
2021-09-14 15:47:38,556 [WARN] ServerAccessManage:1053 - Warning during Server Connexion :  timeout connect timed out
2021-09-14 15:47:39,559 [WARN] ServerAccessManage:1053 - Warning during Server Connexion :  timeout connect timed out
2021-09-14 15:47:40,562 [WARN] ServerAccessManage:1053 - Warning during Server Connexion :  timeout connect timed out
2021-09-14 15:47:40,566 [INFO] MainUpdater:2671 - connection check result : 22
2021-09-14 15:48:33,437 [WARN] ServerAccessManage:1053 - Warning during Server Connexion :  timeout connect timed out
2021-09-14 15:48:38,440 [WARN] ServerAccessManage:1053 - Warning during Server Connexion :  timeout connect timed out
2021-09-14 15:48:43,441 [WARN] ServerAccessManage:1053 - Warning during Server Connexion :  timeout connect timed out
2021-09-14 15:48:48,444 [WARN] ServerAccessManage:1053 - Warning during Server Connexion :  timeout connect timed out
2021-09-14 15:48:48,448 [INFO] MainUpdater:2671 - connection check result : 22
2021-09-14 16:11:18,051 [WARN] ServerAccessManage:1053 - Warning during Server Connexion :  timeout connect timed out
2021-09-14 16:11:19,052 [WARN] ServerAccessManage:1053 - Warning during Server Connexion :  timeout connect timed out
2021-09-14 16:11:20,056 [WARN] ServerAccessManage:1053 - Warning during Server Connexion :  timeout connect timed out
2021-09-14 16:11:21,059 [WARN] ServerAccessManage:1053 - Warning during Server Connexion :  timeout connect timed out
2021-09-14 16:11:21,063 [INFO] MainUpdater:2671 - connection check result : 22
2021-09-14 16:11:22,067 [WARN] ServerAccessManage:1053 - Warning during Server Connexion :  timeout connect timed out
2021-09-14 16:11:23,070 [WARN] ServerAccessManage:1053 - Warning during Server Connexion :  timeout connect timed out
2021-09-14 16:11:24,074 [WARN] ServerAccessManage:1053 - Warning during Server Connexion :  timeout connect timed out
2021-09-14 16:11:25,077 [WARN] ServerAccessManage:1053 - Warning during Server Connexion :  timeout connect timed out
2021-09-14 16:11:25,081 [INFO] MainUpdater:2671 - connection check result : 22
2021-09-14 16:12:40,761 [INFO] MicroXplorer:448 - Change Database Path : 
2021-09-14 16:12:40,761 [INFO] MicroXplorer:478 - Change Database Version : DB.6.0.30
2021-09-14 16:12:40,761 [WARN] ThirdParty:813 - waiting for thirdparty lock release [close project]
2021-09-14 16:12:40,761 [INFO] ThirdParty:815 - entering critical section [close project]
2021-09-14 16:12:40,761 [INFO] ThirdParty:825 - exiting critical section [close project]
2021-09-14 16:12:40,762 [INFO] PinOutPanel:1463 - setPackage(No Configuration,No Configuration)
2021-09-14 16:12:40,762 [INFO] UtilMem:74 - Begin LoadConfig() Used Memory: 565940328 Bytes (812646400)
2021-09-14 16:13:02,767 [INFO] MicroXplorer:448 - Change Database Path : 
2021-09-14 16:13:02,767 [INFO] MicroXplorer:478 - Change Database Version : DB.6.0.30
2021-09-14 16:13:02,768 [INFO] OpenFileManager:313 - Change cursor
2021-09-14 16:13:02,780 [WARN] IntegrityCheckThread:78 - waiting for thirdparty lock release [integrity check]
2021-09-14 16:13:02,780 [INFO] IntegrityCheckThread:80 - entering critical section [integrity check]
2021-09-14 16:13:02,817 [INFO] ThirdParty:915 - Integrity check success = true
2021-09-14 16:13:02,817 [INFO] IntegrityCheckThread:94 - exiting critical section [integrity check]
2021-09-14 16:13:02,817 [INFO] IntegrityCheckThread:97 - End integrity checks thread
2021-09-14 16:13:03,738 [INFO] Context:592 - Trying to add GPIOservice into a context  which must be forbidden
2021-09-14 16:13:03,996 [INFO] Rule:220 - rule Rename SubGHz_Phy SUBGHZ_APPLICATION SUBGHZ_PINGPONG to SUBGHZ_ADV_APPLICATION is applicable
2021-09-14 16:13:03,996 [INFO] Rule:220 - rule Rename Enabled to IBEACON is applicable
2021-09-14 16:13:03,996 [INFO] Rule:220 - rule GTZC_S instance for project manager is applicable
2021-09-14 16:13:03,996 [INFO] Rule:220 - rule GTZC_S instance for context M33S is applicable
2021-09-14 16:13:03,996 [INFO] Rule:220 - rule GTZC_S instance value for IP GTZC is applicable
2021-09-14 16:13:03,997 [INFO] Rule:220 - rule GTZC_S instance for mcu.IP is applicable
2021-09-14 16:13:03,997 [INFO] Rule:220 - rule GTZC_S instance for VP is applicable
2021-09-14 16:13:03,997 [INFO] Rule:220 - rule GTZC_S instance for signal is applicable
2021-09-14 16:13:03,997 [INFO] Rule:220 - rule GTZC_S instance for mcu.Pin is applicable
2021-09-14 16:13:03,997 [INFO] Rule:220 - rule GTZC_S instance for VP is applicable
2021-09-14 16:13:03,997 [INFO] Rule:220 - rule GTZC_S instance for signal is applicable
2021-09-14 16:13:03,997 [INFO] Rule:220 - rule GTZC_S instance for mcu is applicable
2021-09-14 16:13:03,997 [INFO] Rule:220 - rule GTZC_S instance for mcu.Pin is applicable
2021-09-14 16:13:03,997 [INFO] Rule:220 - rule GTZC_S instance value for IP GTZC is applicable
2021-09-14 16:13:03,997 [INFO] Rule:220 - rule GTZC_S instance for project manager is applicable
2021-09-14 16:13:03,997 [INFO] Rule:220 - rule GTZC_S instance for context M33S is applicable
2021-09-14 16:13:03,997 [INFO] Rule:220 - rule GTZC_S instance for VP is applicable
2021-09-14 16:13:03,997 [INFO] Rule:220 - rule GTZC_S instance for signal is applicable
2021-09-14 16:13:03,997 [INFO] Rule:220 - rule Change Default Value for ADC Clock Prescaler G0 family is applicable
2021-09-14 16:13:03,998 [INFO] Rule:220 - rule LPUART IPParameter rename Prescaler parameter to ClockPrescaler for STM32H7 is applicable
2021-09-14 16:13:03,998 [INFO] Rule:220 - rule LPUART IPParameter rename Prescaler parameter to ClockPrescaler for STM32H7 is applicable
2021-09-14 16:13:03,998 [INFO] Rule:220 - rule LPUART IPParameter rename Prescaler parameter to ClockPrescaler for STM32WB is applicable
2021-09-14 16:13:03,998 [INFO] Rule:220 - rule LPUART IPParameter rename Prescaler parameter to ClockPrescaler for STM32WB is applicable
2021-09-14 16:13:03,998 [INFO] Rule:220 - rule LPUART IPParameter rename Prescaler parameter to ClockPrescaler for STM32G4 is applicable
2021-09-14 16:13:03,998 [INFO] Rule:220 - rule LPUART IPParameter rename Prescaler parameter to ClockPrescaler for STM32G4 is applicable
2021-09-14 16:13:03,998 [INFO] Rule:220 - rule LPUART IPParameter rename Prescaler parameter to ClockPrescaler for STM32L5 is applicable
2021-09-14 16:13:03,998 [INFO] Rule:220 - rule LPUART IPParameter rename Prescaler parameter to ClockPrescaler for STM32G4 is applicable
2021-09-14 16:13:03,998 [INFO] Rule:220 - rule LPUART IPParameter rename Prescaler parameter to ClockPrescaler for STM32G4 is applicable
2021-09-14 16:13:03,998 [INFO] Rule:220 - rule USB device lib V2.5.3 for L0 rename USBD_SUPPORT_USER_STRING parameter to USBD_SUPPORT_USER_STRING_DESC4 is applicable
2021-09-14 16:13:03,998 [INFO] Rule:220 - rule I2SCLockSelection clock entry align is applicable
2021-09-14 16:13:03,999 [INFO] Rule:220 - rule Assign TIMx context if used as SYS timebase is applicable
2021-09-14 16:13:03,999 [INFO] Rule:220 - rule Change GPIO_Pu Default Value for I2C is applicable
2021-09-14 16:13:03,999 [INFO] Rule:220 - rule Change GPIO_Pu Default Value for SMBus is applicable
2021-09-14 16:13:04,000 [INFO] DbConfProperties:300 - Apply Compatibility (3/33 Rules)
2021-09-14 16:13:04,061 [INFO] RtosManager:484 - Registered RTOS mode: class=CMSIS, group=RTOS, mode=CMSIS_V1, owner=FREERTOS
2021-09-14 16:13:04,061 [INFO] RtosManager:484 - Registered RTOS mode: class=CMSIS, group=RTOS2, mode=CMSIS_V2, owner=FREERTOS
2021-09-14 16:13:04,061 [INFO] RtosManager:484 - Registered RTOS mode: class=RTOS, group=Core, mode=CMSIS_V1, owner=FREERTOS
2021-09-14 16:13:04,061 [INFO] RtosManager:484 - Registered RTOS mode: class=RTOS, group=Core, mode=CMSIS_V2, owner=FREERTOS
2021-09-14 16:13:04,062 [WARN] ModelIntegratedComponent:181 - Missing modes for component STMicroelectronics:FreeRTOS:0.0.1:STMicroelectronics:RTOS:FreeRTOS:Core:::10.2.0:
2021-09-14 16:13:04,063 [WARN] ModelIntegratedComponent:60 - No mode defined for component null
2021-09-14 16:13:04,064 [WARN] ModelIntegratedComponent:60 - No mode defined for component null
2021-09-14 16:13:04,064 [WARN] ModelIntegratedComponent:60 - No mode defined for component null
2021-09-14 16:13:04,064 [WARN] ModelIntegratedComponent:60 - No mode defined for component null
2021-09-14 16:13:04,064 [WARN] ModelIntegratedComponent:60 - No mode defined for component null
2021-09-14 16:13:04,064 [WARN] ModelIntegratedComponent:60 - No mode defined for component null
2021-09-14 16:13:04,064 [WARN] ModelIntegratedComponent:60 - No mode defined for component null
2021-09-14 16:13:04,064 [WARN] ModelIntegratedComponent:60 - No mode defined for component null
2021-09-14 16:13:04,064 [WARN] ModelIntegratedComponent:60 - No mode defined for component null
2021-09-14 16:13:04,064 [WARN] ModelIntegratedComponent:60 - No mode defined for component null
2021-09-14 16:13:04,064 [WARN] ModelIntegratedComponent:60 - No mode defined for component null
2021-09-14 16:13:04,064 [WARN] ModelIntegratedComponent:60 - No mode defined for component null
2021-09-14 16:13:04,064 [WARN] ModelIntegratedComponent:60 - No mode defined for component null
2021-09-14 16:13:04,064 [WARN] ModelIntegratedComponent:60 - No mode defined for component null
2021-09-14 16:13:04,064 [WARN] ModelIntegratedComponent:60 - No mode defined for component null
2021-09-14 16:13:04,064 [WARN] ModelIntegratedComponent:60 - No mode defined for component null
2021-09-14 16:13:04,065 [WARN] ModelIntegratedComponent:60 - No mode defined for component null
2021-09-14 16:13:04,065 [WARN] ModelIntegratedComponent:60 - No mode defined for component null
2021-09-14 16:13:04,065 [WARN] ModelIntegratedComponent:60 - No mode defined for component null
2021-09-14 16:13:04,065 [WARN] ModelIntegratedComponent:60 - No mode defined for component null
2021-09-14 16:13:04,065 [WARN] ModelIntegratedComponent:60 - No mode defined for component null
2021-09-14 16:13:04,065 [WARN] ModelIntegratedComponent:60 - No mode defined for component null
2021-09-14 16:13:04,065 [WARN] ModelIntegratedComponent:60 - No mode defined for component null
2021-09-14 16:13:04,065 [WARN] ModelIntegratedComponent:60 - No mode defined for component null
2021-09-14 16:13:04,065 [WARN] ModelIntegratedComponent:60 - No mode defined for component null
2021-09-14 16:13:04,065 [WARN] ModelIntegratedComponent:60 - No mode defined for component null
2021-09-14 16:13:04,065 [WARN] ModelIntegratedComponent:60 - No mode defined for component null
2021-09-14 16:13:04,065 [WARN] ModelIntegratedComponent:60 - No mode defined for component null
2021-09-14 16:13:04,065 [WARN] ModelIntegratedComponent:60 - No mode defined for component null
2021-09-14 16:13:04,065 [WARN] ModelIntegratedComponent:60 - No mode defined for component null
2021-09-14 16:13:04,065 [WARN] ModelIntegratedComponent:60 - No mode defined for component null
2021-09-14 16:13:04,074 [INFO] ImportTextPane:167 - (OptionalMessage_ERROR) IP (RCC) : Invalid parameter (FamilyName)
2021-09-14 16:13:04,076 [INFO] ImportTextPane:167 - (OptionalMessage_ERROR) IP (RCC) : Parameter (PLLCLKFreq_Value) has invalid value (48000000)
2021-09-14 16:13:04,076 [INFO] ImportTextPane:167 - (OptionalMessage_ERROR) IP (RCC) : Parameter (RTCHSEDivFreq_Value) has invalid value (8000000)
2021-09-14 16:13:04,076 [INFO] ImportTextPane:167 - (OptionalMessage_ERROR) IP (RCC) : Invalid parameter (TIMFreq_Value)
2021-09-14 16:13:04,078 [WARN] IP:2125 - AutoBaudRateEnableParam not found: check if there is a RefParameter without a condition.
2021-09-14 16:13:04,079 [WARN] IP:2125 - AutoBaudRateEnableParam not found: check if there is a RefParameter without a condition.
2021-09-14 16:13:04,212 [INFO] UtilMem:74 - End LoadConfig() Used Memory: 553777832 Bytes (812646400)
2021-09-14 16:13:04,213 [WARN] ThirdParty:779 - waiting for thirdparty lock release [change project]
2021-09-14 16:13:04,213 [INFO] ThirdParty:781 - entering critical section [change project]
2021-09-14 16:13:04,213 [INFO] ThirdParty:967 - CMSIS Pack Vendor :STMicroelectronics USB_HOST 2.0.0
2021-09-14 16:13:04,213 [INFO] ThirdParty:967 - CMSIS Pack Vendor :STMicroelectronics FreeRTOS 0.0.1
2021-09-14 16:13:04,213 [INFO] ThirdParty:967 - CMSIS Pack Vendor :STMicroelectronics USB_DEVICE 1.0.0
2021-09-14 16:13:04,213 [INFO] ThirdParty:967 - CMSIS Pack Vendor :STMicroelectronics USB_DEVICE 3.0.0
2021-09-14 16:13:04,213 [INFO] ThirdParty:967 - CMSIS Pack Vendor :STMicroelectronics HAL Drivers 0.0.0
2021-09-14 16:13:04,213 [INFO] ThirdParty:967 - CMSIS Pack Vendor :STMicroelectronics MBEDTLS 2.16.2
2021-09-14 16:13:04,214 [INFO] ThirdParty:967 - CMSIS Pack Vendor :STMicroelectronics ThreadX 0.0.2
2021-09-14 16:13:04,214 [INFO] ThirdParty:967 - CMSIS Pack Vendor :STMicroelectronics lwIP 2.0.3
2021-09-14 16:13:04,214 [INFO] ThirdParty:967 - CMSIS Pack Vendor :STMicroelectronics lwIP 2.1.2
2021-09-14 16:13:04,214 [INFO] ThirdParty:967 - CMSIS Pack Vendor :STMicroelectronics MBEDTLS 2.14.1
2021-09-14 16:13:04,214 [INFO] ThirdParty:967 - CMSIS Pack Vendor :STMicroelectronics USB_HOST 1.0.0
2021-09-14 16:13:04,214 [INFO] ThirdParty:967 - CMSIS Pack Vendor :STMicroelectronics PDM2PCM 3.1.0
2021-09-14 16:13:04,214 [INFO] ThirdParty:967 - CMSIS Pack Vendor :STMicroelectronics PDM2PCM 3.2.0
2021-09-14 16:13:04,214 [INFO] ThirdParty:967 - CMSIS Pack Vendor :STMicroelectronics USB_DEVICE 2.0.0
2021-09-14 16:13:04,214 [INFO] ThirdParty:967 - CMSIS Pack Vendor :STMicroelectronics PDM2PCM 3.3.0
2021-09-14 16:13:04,214 [INFO] ThirdParty:787 - exiting critical section [change project]
2021-09-14 16:13:04,441 [INFO] PinOutPanel:1463 - setPackage(No Configuration,No Configuration)
2021-09-14 16:13:04,442 [INFO] PinOutPanel:1463 - setPackage(STM32L073CZTx,LQFP48)
2021-09-14 16:13:04,803 [INFO] UtilMem:74 - Before build in PCC Used Memory: 269350848 Bytes (812646400)
2021-09-14 16:13:05,275 [INFO] UtilMem:74 - After build in PCC Used Memory: 361625536 Bytes (812646400)
2021-09-14 16:13:05,296 [INFO] IPUIPlugin:74 - create IPUIPlugin
2021-09-14 16:13:05,297 [INFO] IPUIPlugin:74 - create IPUIPlugin
2021-09-14 16:13:05,297 [INFO] IPUIPlugin:74 - create IPUIPlugin
2021-09-14 16:13:05,297 [INFO] IPUIPlugin:74 - create IPUIPlugin
2021-09-14 16:13:05,297 [INFO] IPUIPlugin:74 - create IPUIPlugin
2021-09-14 16:13:05,297 [INFO] IPUIPlugin:74 - create IPUIPlugin
2021-09-14 16:13:05,297 [INFO] IPUIPlugin:74 - create IPUIPlugin
2021-09-14 16:13:05,297 [INFO] IPUIPlugin:74 - create IPUIPlugin
2021-09-14 16:13:05,297 [INFO] IPUIPlugin:74 - create IPUIPlugin
2021-09-14 16:13:05,298 [INFO] IPUIPlugin:74 - create IPUIPlugin
2021-09-14 16:13:05,298 [INFO] IPUIPlugin:74 - create IPUIPlugin
2021-09-14 16:13:05,298 [INFO] IPUIPlugin:74 - create IPUIPlugin
2021-09-14 16:13:05,298 [INFO] IPUIPlugin:74 - create IPUIPlugin
2021-09-14 16:13:05,298 [INFO] IPUIPlugin:74 - create IPUIPlugin
2021-09-14 16:13:05,298 [INFO] IPUIPlugin:74 - create IPUIPlugin
2021-09-14 16:13:05,299 [INFO] IPUIPlugin:74 - create IPUIPlugin
2021-09-14 16:13:05,299 [INFO] IPUIPlugin:74 - create IPUIPlugin
2021-09-14 16:13:05,299 [INFO] IPUIPlugin:74 - create IPUIPlugin
2021-09-14 16:13:05,299 [INFO] IPUIPlugin:74 - create IPUIPlugin
2021-09-14 16:13:05,300 [INFO] IPUIPlugin:74 - create IPUIPlugin
2021-09-14 16:13:05,300 [INFO] IPUIPlugin:74 - create IPUIPlugin
2021-09-14 16:13:05,300 [INFO] IPUIPlugin:74 - create IPUIPlugin
2021-09-14 16:13:05,300 [INFO] IPUIPlugin:74 - create IPUIPlugin
2021-09-14 16:13:05,301 [INFO] IPUIPlugin:74 - create IPUIPlugin
2021-09-14 16:13:05,301 [INFO] IPUIPlugin:74 - create IPUIPlugin
2021-09-14 16:13:05,301 [INFO] IPUIPlugin:74 - create IPUIPlugin
2021-09-14 16:13:05,302 [INFO] IPUIPlugin:74 - create IPUIPlugin
2021-09-14 16:13:05,302 [INFO] IPUIPlugin:74 - create IPUIPlugin
2021-09-14 16:13:05,302 [INFO] IPUIPlugin:74 - create IPUIPlugin
2021-09-14 16:13:05,302 [INFO] IPUIPlugin:74 - create IPUIPlugin
2021-09-14 16:13:05,303 [INFO] IPUIPlugin:74 - create IPUIPlugin
2021-09-14 16:13:05,303 [INFO] IPUIPlugin:74 - create IPUIPlugin
2021-09-14 16:13:05,303 [INFO] IPUIPlugin:74 - create IPUIPlugin
2021-09-14 16:13:05,304 [INFO] IPUIPlugin:74 - create IPUIPlugin
2021-09-14 16:13:05,304 [INFO] IPUIPlugin:74 - create IPUIPlugin
2021-09-14 16:13:05,305 [INFO] IPUIPlugin:74 - create IPUIPlugin
2021-09-14 16:13:05,305 [INFO] IPUIPlugin:74 - create IPUIPlugin
2021-09-14 16:13:05,305 [INFO] IPUIPlugin:74 - create IPUIPlugin
2021-09-14 16:13:05,306 [INFO] IPUIPlugin:74 - create IPUIPlugin
2021-09-14 16:13:05,322 [WARN] IP:2125 - AutoBaudRateEnableParam not found: check if there is a RefParameter without a condition.
2021-09-14 16:13:05,323 [WARN] IP:2125 - AutoBaudRateEnableParam not found: check if there is a RefParameter without a condition.
2021-09-14 16:13:05,408 [INFO] OpenFileManager:333 - Restore cursor
2021-09-14 16:13:05,444 [WARN] IP:2125 - AutoBaudRateEnableParam not found: check if there is a RefParameter without a condition.
2021-09-14 16:13:05,445 [WARN] IP:2125 - AutoBaudRateEnableParam not found: check if there is a RefParameter without a condition.
2021-09-14 16:13:05,453 [WARN] IP:2125 - AutoBaudRateEnableParam not found: check if there is a RefParameter without a condition.
2021-09-14 16:13:05,454 [WARN] IP:2125 - AutoBaudRateEnableParam not found: check if there is a RefParameter without a condition.
2021-09-14 16:13:05,654 [INFO] UtilMem:74 - End SaveConfig() Used Memory: 507903936 Bytes (812646400)
2021-09-14 16:13:07,179 [INFO] UtilMem:74 - End SaveConfig() Used Memory: 524681152 Bytes (812646400)
2021-09-14 16:13:07,386 [INFO] BlockDiagram:2740 - set Specific Code input for plugin: ADC
2021-09-14 16:13:07,386 [INFO] BlockDiagram:2740 - set Specific Code input for plugin: NVIC
2021-09-14 16:13:07,387 [INFO] BlockDiagram:2740 - set Specific Code input for plugin: USART
2021-09-14 16:13:07,387 [INFO] BlockDiagram:2740 - set Specific Code input for plugin: USART
2021-09-14 16:13:07,387 [INFO] BlockDiagram:2740 - set Specific Code input for plugin: USART
2021-09-14 16:13:07,387 [INFO] BlockDiagram:2740 - set Specific Code input for plugin: USB
2021-09-14 16:13:07,387 [INFO] BlockDiagram:2740 - set Specific Code input for plugin: SYS
2021-09-14 16:13:07,387 [INFO] BlockDiagram:2740 - set Specific Code input for plugin: GPIO
2021-09-14 16:13:07,387 [INFO] BlockDiagram:2740 - set Specific Code input for plugin: RCC
2021-09-14 16:13:07,387 [INFO] BlockDiagram:2740 - set Specific Code input for plugin: I2C
2021-09-14 16:13:07,388 [INFO] CodeGenerator:663 - code generatio: config db path: C:\ST\STM32CubeIDE_1.7.0\STM32CubeIDE\plugins\com.st.stm32cube.common.mx_6.3.0.202107141111\\db\
2021-09-14 16:13:07,414 [WARN] IP:2125 - AutoBaudRateEnableParam not found: check if there is a RefParameter without a condition.
2021-09-14 16:13:07,416 [WARN] IP:2125 - AutoBaudRateEnableParam not found: check if there is a RefParameter without a condition.
2021-09-14 16:13:07,735 [INFO] CodeEngine:239 - oldGeneratedFile, C:\Users\antoine.serry\Desktop\Nouveau dossier\SysBee\programmes\cube\carte_comptage\MXTmpFiles\license.tmp_save
2021-09-14 16:13:07,960 [INFO] CodeEngine:257 - Generated code: C:\Users\antoine.serry\Desktop\Nouveau dossier\SysBee\programmes\cube\carte_comptage\MXTmpFiles\license.tmp
2021-09-14 16:13:08,088 [INFO] CodeEngine:239 - oldGeneratedFile, C:\Users\antoine.serry\Desktop\Nouveau dossier\SysBee\programmes\cube\carte_comptage\MXTmpFiles\gpio.tmp_save
2021-09-14 16:13:08,158 [INFO] CodeEngine:257 - Generated code: C:\Users\antoine.serry\Desktop\Nouveau dossier\SysBee\programmes\cube\carte_comptage\MXTmpFiles\gpio.tmp
2021-09-14 16:13:08,260 [ERROR] IPConfigManager:1513 - ERROR: the RefConfig I2CEnableFastModePlus is not available in your config.xml file
2021-09-14 16:13:08,828 [INFO] CodeEngine:239 - oldGeneratedFile, C:\Users\antoine.serry\Desktop\Nouveau dossier\SysBee\programmes\cube\carte_comptage\Core\Src\stm32l0xx_it.c_save
2021-09-14 16:13:08,906 [INFO] CodeEngine:257 - Generated code: C:\Users\antoine.serry\Desktop\Nouveau dossier\SysBee\programmes\cube\carte_comptage\Core\Src\stm32l0xx_it.c
2021-09-14 16:13:08,912 [INFO] CodeEngine:239 - oldGeneratedFile, C:\Users\antoine.serry\Desktop\Nouveau dossier\SysBee\programmes\cube\carte_comptage\Core\Inc\stm32l0xx_it.h_save
2021-09-14 16:13:08,961 [INFO] CodeEngine:257 - Generated code: C:\Users\antoine.serry\Desktop\Nouveau dossier\SysBee\programmes\cube\carte_comptage\Core\Inc\stm32l0xx_it.h
2021-09-14 16:13:08,981 [INFO] CodeEngine:239 - oldGeneratedFile, C:\Users\antoine.serry\Desktop\Nouveau dossier\SysBee\programmes\cube\carte_comptage\Core\Src\stm32l0xx_hal_msp.c_save
2021-09-14 16:13:09,072 [INFO] CodeEngine:257 - Generated code: C:\Users\antoine.serry\Desktop\Nouveau dossier\SysBee\programmes\cube\carte_comptage\Core\Src\stm32l0xx_hal_msp.c
2021-09-14 16:13:09,076 [INFO] CodeEngine:239 - oldGeneratedFile, C:\Users\antoine.serry\Desktop\Nouveau dossier\SysBee\programmes\cube\carte_comptage\MXTmpFiles\system.tmp_save
2021-09-14 16:13:09,116 [INFO] CodeEngine:257 - Generated code: C:\Users\antoine.serry\Desktop\Nouveau dossier\SysBee\programmes\cube\carte_comptage\MXTmpFiles\system.tmp
2021-09-14 16:13:09,135 [INFO] CodeEngine:239 - oldGeneratedFile, C:\Users\antoine.serry\Desktop\Nouveau dossier\SysBee\programmes\cube\carte_comptage\Core\Inc\stm32l0xx_hal_conf.h_save
2021-09-14 16:13:09,198 [INFO] CodeEngine:257 - Generated code: C:\Users\antoine.serry\Desktop\Nouveau dossier\SysBee\programmes\cube\carte_comptage\Core\Inc\stm32l0xx_hal_conf.h
2021-09-14 16:13:09,243 [INFO] CodeEngine:239 - oldGeneratedFile, C:\Users\antoine.serry\Desktop\Nouveau dossier\SysBee\programmes\cube\carte_comptage\Core\Inc\main.h_save
2021-09-14 16:13:09,297 [INFO] CodeEngine:257 - Generated code: C:\Users\antoine.serry\Desktop\Nouveau dossier\SysBee\programmes\cube\carte_comptage\Core\Inc\main.h
2021-09-14 16:13:09,303 [INFO] CodeEngine:239 - oldGeneratedFile, C:\Users\antoine.serry\Desktop\Nouveau dossier\SysBee\programmes\cube\carte_comptage\Core\Src\main.c_save
2021-09-14 16:13:09,392 [INFO] CodeEngine:257 - Generated code: C:\Users\antoine.serry\Desktop\Nouveau dossier\SysBee\programmes\cube\carte_comptage\Core\Src\main.c
2021-09-14 16:13:15,676 [INFO] McuFinderGlobals:52 - Set McuFinderConnectedMode to true
2021-09-14 16:13:15,679 [INFO] ApiDb:276 - Save user favorites file C:\Users\antoine.serry/.stm32cubeide/favorites.mcus.txt: 0 item(s)
2021-09-14 16:13:15,679 [INFO] ApiDb:280 - User favorites MCUs=[]
2021-09-14 16:17:37,181 [INFO] I2cTimingTraitement:325 - 0x00303D5B
2021-09-14 16:17:37,230 [WARN] IP:2125 - AutoBaudRateEnableParam not found: check if there is a RefParameter without a condition.
2021-09-14 16:17:37,231 [WARN] IP:2125 - AutoBaudRateEnableParam not found: check if there is a RefParameter without a condition.
2021-09-14 16:17:37,244 [WARN] IP:2125 - AutoBaudRateEnableParam not found: check if there is a RefParameter without a condition.
2021-09-14 16:17:37,246 [WARN] IP:2125 - AutoBaudRateEnableParam not found: check if there is a RefParameter without a condition.
2021-09-14 16:17:37,381 [WARN] IP:2125 - AutoBaudRateEnableParam not found: check if there is a RefParameter without a condition.
2021-09-14 16:17:37,384 [WARN] IP:2125 - AutoBaudRateEnableParam not found: check if there is a RefParameter without a condition.
2021-09-14 16:17:37,392 [WARN] IP:2125 - AutoBaudRateEnableParam not found: check if there is a RefParameter without a condition.
2021-09-14 16:17:37,394 [WARN] IP:2125 - AutoBaudRateEnableParam not found: check if there is a RefParameter without a condition.
2021-09-14 16:17:37,504 [WARN] IP:2125 - AutoBaudRateEnableParam not found: check if there is a RefParameter without a condition.
2021-09-14 16:17:37,505 [WARN] IP:2125 - AutoBaudRateEnableParam not found: check if there is a RefParameter without a condition.
2021-09-14 16:17:37,513 [WARN] IP:2125 - AutoBaudRateEnableParam not found: check if there is a RefParameter without a condition.
2021-09-14 16:17:37,514 [WARN] IP:2125 - AutoBaudRateEnableParam not found: check if there is a RefParameter without a condition.
2021-09-14 16:17:37,657 [WARN] IP:2125 - AutoBaudRateEnableParam not found: check if there is a RefParameter without a condition.
2021-09-14 16:17:37,659 [WARN] IP:2125 - AutoBaudRateEnableParam not found: check if there is a RefParameter without a condition.
2021-09-14 16:17:37,665 [WARN] IP:2125 - AutoBaudRateEnableParam not found: check if there is a RefParameter without a condition.
2021-09-14 16:17:37,666 [WARN] IP:2125 - AutoBaudRateEnableParam not found: check if there is a RefParameter without a condition.
2021-09-14 16:17:40,995 [INFO] I2cTimingTraitement:325 - 0x00303D5B
2021-09-14 16:17:41,036 [WARN] IP:2125 - AutoBaudRateEnableParam not found: check if there is a RefParameter without a condition.
2021-09-14 16:17:41,037 [WARN] IP:2125 - AutoBaudRateEnableParam not found: check if there is a RefParameter without a condition.
2021-09-14 16:17:41,044 [WARN] IP:2125 - AutoBaudRateEnableParam not found: check if there is a RefParameter without a condition.
2021-09-14 16:17:41,045 [WARN] IP:2125 - AutoBaudRateEnableParam not found: check if there is a RefParameter without a condition.
2021-09-14 16:17:41,172 [WARN] IP:2125 - AutoBaudRateEnableParam not found: check if there is a RefParameter without a condition.
2021-09-14 16:17:41,173 [WARN] IP:2125 - AutoBaudRateEnableParam not found: check if there is a RefParameter without a condition.
2021-09-14 16:17:41,181 [WARN] IP:2125 - AutoBaudRateEnableParam not found: check if there is a RefParameter without a condition.
2021-09-14 16:17:41,182 [WARN] IP:2125 - AutoBaudRateEnableParam not found: check if there is a RefParameter without a condition.
2021-09-14 16:17:41,293 [WARN] IP:2125 - AutoBaudRateEnableParam not found: check if there is a RefParameter without a condition.
2021-09-14 16:17:41,294 [WARN] IP:2125 - AutoBaudRateEnableParam not found: check if there is a RefParameter without a condition.
2021-09-14 16:17:41,302 [WARN] IP:2125 - AutoBaudRateEnableParam not found: check if there is a RefParameter without a condition.
2021-09-14 16:17:41,303 [WARN] IP:2125 - AutoBaudRateEnableParam not found: check if there is a RefParameter without a condition.
2021-09-14 16:17:41,449 [WARN] IP:2125 - AutoBaudRateEnableParam not found: check if there is a RefParameter without a condition.
2021-09-14 16:17:41,450 [WARN] IP:2125 - AutoBaudRateEnableParam not found: check if there is a RefParameter without a condition.
2021-09-14 16:17:41,456 [WARN] IP:2125 - AutoBaudRateEnableParam not found: check if there is a RefParameter without a condition.
2021-09-14 16:17:41,457 [WARN] IP:2125 - AutoBaudRateEnableParam not found: check if there is a RefParameter without a condition.
2021-09-14 16:17:42,481 [INFO] I2cTimingTraitement:325 - 0x00303D5B
2021-09-14 16:17:42,520 [WARN] IP:2125 - AutoBaudRateEnableParam not found: check if there is a RefParameter without a condition.
2021-09-14 16:17:42,521 [WARN] IP:2125 - AutoBaudRateEnableParam not found: check if there is a RefParameter without a condition.
2021-09-14 16:17:42,530 [WARN] IP:2125 - AutoBaudRateEnableParam not found: check if there is a RefParameter without a condition.
2021-09-14 16:17:42,531 [WARN] IP:2125 - AutoBaudRateEnableParam not found: check if there is a RefParameter without a condition.
2021-09-14 16:17:42,643 [WARN] IP:2125 - AutoBaudRateEnableParam not found: check if there is a RefParameter without a condition.
2021-09-14 16:17:42,644 [WARN] IP:2125 - AutoBaudRateEnableParam not found: check if there is a RefParameter without a condition.
2021-09-14 16:17:42,652 [WARN] IP:2125 - AutoBaudRateEnableParam not found: check if there is a RefParameter without a condition.
2021-09-14 16:17:42,653 [WARN] IP:2125 - AutoBaudRateEnableParam not found: check if there is a RefParameter without a condition.
2021-09-14 16:17:42,758 [WARN] IP:2125 - AutoBaudRateEnableParam not found: check if there is a RefParameter without a condition.
2021-09-14 16:17:42,759 [WARN] IP:2125 - AutoBaudRateEnableParam not found: check if there is a RefParameter without a condition.
2021-09-14 16:17:42,766 [WARN] IP:2125 - AutoBaudRateEnableParam not found: check if there is a RefParameter without a condition.
2021-09-14 16:17:42,767 [WARN] IP:2125 - AutoBaudRateEnableParam not found: check if there is a RefParameter without a condition.
2021-09-14 16:17:42,912 [WARN] IP:2125 - AutoBaudRateEnableParam not found: check if there is a RefParameter without a condition.
2021-09-14 16:17:42,913 [WARN] IP:2125 - AutoBaudRateEnableParam not found: check if there is a RefParameter without a condition.
2021-09-14 16:17:42,920 [WARN] IP:2125 - AutoBaudRateEnableParam not found: check if there is a RefParameter without a condition.
2021-09-14 16:17:42,921 [WARN] IP:2125 - AutoBaudRateEnableParam not found: check if there is a RefParameter without a condition.
2021-09-14 16:17:57,475 [INFO] I2cTimingTraitement:325 - 0x00606092
2021-09-14 16:17:57,546 [WARN] IP:2125 - AutoBaudRateEnableParam not found: check if there is a RefParameter without a condition.
2021-09-14 16:17:57,555 [WARN] IP:2125 - AutoBaudRateEnableParam not found: check if there is a RefParameter without a condition.
2021-09-14 16:17:57,563 [WARN] IP:2125 - AutoBaudRateEnableParam not found: check if there is a RefParameter without a condition.
2021-09-14 16:17:57,564 [WARN] IP:2125 - AutoBaudRateEnableParam not found: check if there is a RefParameter without a condition.
2021-09-14 16:17:57,665 [WARN] IP:2125 - AutoBaudRateEnableParam not found: check if there is a RefParameter without a condition.
2021-09-14 16:17:57,666 [WARN] IP:2125 - AutoBaudRateEnableParam not found: check if there is a RefParameter without a condition.
2021-09-14 16:17:57,673 [WARN] IP:2125 - AutoBaudRateEnableParam not found: check if there is a RefParameter without a condition.
2021-09-14 16:17:57,675 [WARN] IP:2125 - AutoBaudRateEnableParam not found: check if there is a RefParameter without a condition.
2021-09-14 16:17:57,779 [WARN] IP:2125 - AutoBaudRateEnableParam not found: check if there is a RefParameter without a condition.
2021-09-14 16:17:57,780 [WARN] IP:2125 - AutoBaudRateEnableParam not found: check if there is a RefParameter without a condition.
2021-09-14 16:17:57,787 [WARN] IP:2125 - AutoBaudRateEnableParam not found: check if there is a RefParameter without a condition.
2021-09-14 16:17:57,788 [WARN] IP:2125 - AutoBaudRateEnableParam not found: check if there is a RefParameter without a condition.
2021-09-14 16:17:57,938 [WARN] IP:2125 - AutoBaudRateEnableParam not found: check if there is a RefParameter without a condition.
2021-09-14 16:17:57,939 [WARN] IP:2125 - AutoBaudRateEnableParam not found: check if there is a RefParameter without a condition.
2021-09-14 16:17:57,950 [WARN] IP:2125 - AutoBaudRateEnableParam not found: check if there is a RefParameter without a condition.
2021-09-14 16:17:57,951 [WARN] IP:2125 - AutoBaudRateEnableParam not found: check if there is a RefParameter without a condition.
2021-09-14 16:18:09,374 [INFO] I2cTimingTraitement:325 - 0x00606092
2021-09-14 16:18:09,446 [WARN] IP:2125 - AutoBaudRateEnableParam not found: check if there is a RefParameter without a condition.
2021-09-14 16:18:09,447 [WARN] IP:2125 - AutoBaudRateEnableParam not found: check if there is a RefParameter without a condition.
2021-09-14 16:18:09,454 [WARN] IP:2125 - AutoBaudRateEnableParam not found: check if there is a RefParameter without a condition.
2021-09-14 16:18:09,455 [WARN] IP:2125 - AutoBaudRateEnableParam not found: check if there is a RefParameter without a condition.
2021-09-14 16:18:09,578 [WARN] IP:2125 - AutoBaudRateEnableParam not found: check if there is a RefParameter without a condition.
2021-09-14 16:18:09,579 [WARN] IP:2125 - AutoBaudRateEnableParam not found: check if there is a RefParameter without a condition.
2021-09-14 16:18:09,587 [WARN] IP:2125 - AutoBaudRateEnableParam not found: check if there is a RefParameter without a condition.
2021-09-14 16:18:09,588 [WARN] IP:2125 - AutoBaudRateEnableParam not found: check if there is a RefParameter without a condition.
2021-09-14 16:18:09,710 [WARN] IP:2125 - AutoBaudRateEnableParam not found: check if there is a RefParameter without a condition.
2021-09-14 16:18:09,712 [WARN] IP:2125 - AutoBaudRateEnableParam not found: check if there is a RefParameter without a condition.
2021-09-14 16:18:09,719 [WARN] IP:2125 - AutoBaudRateEnableParam not found: check if there is a RefParameter without a condition.
2021-09-14 16:18:09,720 [WARN] IP:2125 - AutoBaudRateEnableParam not found: check if there is a RefParameter without a condition.
2021-09-14 16:18:09,853 [WARN] IP:2125 - AutoBaudRateEnableParam not found: check if there is a RefParameter without a condition.
2021-09-14 16:18:09,854 [WARN] IP:2125 - AutoBaudRateEnableParam not found: check if there is a RefParameter without a condition.
2021-09-14 16:18:09,859 [WARN] IP:2125 - AutoBaudRateEnableParam not found: check if there is a RefParameter without a condition.
2021-09-14 16:18:09,860 [WARN] IP:2125 - AutoBaudRateEnableParam not found: check if there is a RefParameter without a condition.
2021-09-14 16:18:10,925 [INFO] I2cTimingTraitement:325 - 0x00606092
2021-09-14 16:18:10,960 [WARN] IP:2125 - AutoBaudRateEnableParam not found: check if there is a RefParameter without a condition.
2021-09-14 16:18:10,961 [WARN] IP:2125 - AutoBaudRateEnableParam not found: check if there is a RefParameter without a condition.
2021-09-14 16:18:10,968 [WARN] IP:2125 - AutoBaudRateEnableParam not found: check if there is a RefParameter without a condition.
2021-09-14 16:18:10,969 [WARN] IP:2125 - AutoBaudRateEnableParam not found: check if there is a RefParameter without a condition.
2021-09-14 16:18:11,074 [WARN] IP:2125 - AutoBaudRateEnableParam not found: check if there is a RefParameter without a condition.
2021-09-14 16:18:11,075 [WARN] IP:2125 - AutoBaudRateEnableParam not found: check if there is a RefParameter without a condition.
2021-09-14 16:18:11,081 [WARN] IP:2125 - AutoBaudRateEnableParam not found: check if there is a RefParameter without a condition.
2021-09-14 16:18:11,083 [WARN] IP:2125 - AutoBaudRateEnableParam not found: check if there is a RefParameter without a condition.
2021-09-14 16:18:11,180 [WARN] IP:2125 - AutoBaudRateEnableParam not found: check if there is a RefParameter without a condition.
2021-09-14 16:18:11,182 [WARN] IP:2125 - AutoBaudRateEnableParam not found: check if there is a RefParameter without a condition.
2021-09-14 16:18:11,190 [WARN] IP:2125 - AutoBaudRateEnableParam not found: check if there is a RefParameter without a condition.
2021-09-14 16:18:11,192 [WARN] IP:2125 - AutoBaudRateEnableParam not found: check if there is a RefParameter without a condition.
2021-09-14 16:18:11,331 [WARN] IP:2125 - AutoBaudRateEnableParam not found: check if there is a RefParameter without a condition.
2021-09-14 16:18:11,332 [WARN] IP:2125 - AutoBaudRateEnableParam not found: check if there is a RefParameter without a condition.
2021-09-14 16:18:11,339 [WARN] IP:2125 - AutoBaudRateEnableParam not found: check if there is a RefParameter without a condition.
2021-09-14 16:18:11,340 [WARN] IP:2125 - AutoBaudRateEnableParam not found: check if there is a RefParameter without a condition.
2021-09-14 16:18:11,655 [INFO] I2cTimingTraitement:325 - 0x00606092
2021-09-14 16:18:11,743 [WARN] IP:2125 - AutoBaudRateEnableParam not found: check if there is a RefParameter without a condition.
2021-09-14 16:18:11,744 [WARN] IP:2125 - AutoBaudRateEnableParam not found: check if there is a RefParameter without a condition.
2021-09-14 16:18:11,751 [WARN] IP:2125 - AutoBaudRateEnableParam not found: check if there is a RefParameter without a condition.
2021-09-14 16:18:11,751 [WARN] IP:2125 - AutoBaudRateEnableParam not found: check if there is a RefParameter without a condition.
2021-09-14 16:18:11,866 [WARN] IP:2125 - AutoBaudRateEnableParam not found: check if there is a RefParameter without a condition.
2021-09-14 16:18:11,868 [WARN] IP:2125 - AutoBaudRateEnableParam not found: check if there is a RefParameter without a condition.
2021-09-14 16:18:11,875 [WARN] IP:2125 - AutoBaudRateEnableParam not found: check if there is a RefParameter without a condition.
2021-09-14 16:18:11,876 [WARN] IP:2125 - AutoBaudRateEnableParam not found: check if there is a RefParameter without a condition.
2021-09-14 16:18:12,000 [WARN] IP:2125 - AutoBaudRateEnableParam not found: check if there is a RefParameter without a condition.
2021-09-14 16:18:12,001 [WARN] IP:2125 - AutoBaudRateEnableParam not found: check if there is a RefParameter without a condition.
2021-09-14 16:18:12,008 [WARN] IP:2125 - AutoBaudRateEnableParam not found: check if there is a RefParameter without a condition.
2021-09-14 16:18:12,010 [WARN] IP:2125 - AutoBaudRateEnableParam not found: check if there is a RefParameter without a condition.
2021-09-14 16:18:12,164 [WARN] IP:2125 - AutoBaudRateEnableParam not found: check if there is a RefParameter without a condition.
2021-09-14 16:18:12,165 [WARN] IP:2125 - AutoBaudRateEnableParam not found: check if there is a RefParameter without a condition.
2021-09-14 16:18:12,172 [WARN] IP:2125 - AutoBaudRateEnableParam not found: check if there is a RefParameter without a condition.
2021-09-14 16:18:12,173 [WARN] IP:2125 - AutoBaudRateEnableParam not found: check if there is a RefParameter without a condition.
2021-09-14 16:19:19,071 [INFO] I2cTimingTraitement:325 - 0x00606092
2021-09-14 16:19:19,097 [WARN] IP:2125 - AutoBaudRateEnableParam not found: check if there is a RefParameter without a condition.
2021-09-14 16:19:19,098 [WARN] IP:2125 - AutoBaudRateEnableParam not found: check if there is a RefParameter without a condition.
2021-09-14 16:19:19,105 [WARN] IP:2125 - AutoBaudRateEnableParam not found: check if there is a RefParameter without a condition.
2021-09-14 16:19:19,107 [WARN] IP:2125 - AutoBaudRateEnableParam not found: check if there is a RefParameter without a condition.
2021-09-14 16:19:19,217 [WARN] IP:2125 - AutoBaudRateEnableParam not found: check if there is a RefParameter without a condition.
2021-09-14 16:19:19,218 [WARN] IP:2125 - AutoBaudRateEnableParam not found: check if there is a RefParameter without a condition.
2021-09-14 16:19:19,225 [WARN] IP:2125 - AutoBaudRateEnableParam not found: check if there is a RefParameter without a condition.
2021-09-14 16:19:19,226 [WARN] IP:2125 - AutoBaudRateEnableParam not found: check if there is a RefParameter without a condition.
2021-09-14 16:19:19,358 [WARN] IP:2125 - AutoBaudRateEnableParam not found: check if there is a RefParameter without a condition.
2021-09-14 16:19:19,359 [WARN] IP:2125 - AutoBaudRateEnableParam not found: check if there is a RefParameter without a condition.
2021-09-14 16:19:19,366 [WARN] IP:2125 - AutoBaudRateEnableParam not found: check if there is a RefParameter without a condition.
2021-09-14 16:19:19,367 [WARN] IP:2125 - AutoBaudRateEnableParam not found: check if there is a RefParameter without a condition.
2021-09-14 16:19:19,533 [WARN] IP:2125 - AutoBaudRateEnableParam not found: check if there is a RefParameter without a condition.
2021-09-14 16:19:19,534 [WARN] IP:2125 - AutoBaudRateEnableParam not found: check if there is a RefParameter without a condition.
2021-09-14 16:19:19,542 [WARN] IP:2125 - AutoBaudRateEnableParam not found: check if there is a RefParameter without a condition.
2021-09-14 16:19:19,543 [WARN] IP:2125 - AutoBaudRateEnableParam not found: check if there is a RefParameter without a condition.
2021-09-14 16:19:22,532 [INFO] I2cTimingTraitement:325 - 0x00606092
2021-09-14 16:19:22,567 [WARN] IP:2125 - AutoBaudRateEnableParam not found: check if there is a RefParameter without a condition.
2021-09-14 16:19:22,568 [WARN] IP:2125 - AutoBaudRateEnableParam not found: check if there is a RefParameter without a condition.
2021-09-14 16:19:22,576 [WARN] IP:2125 - AutoBaudRateEnableParam not found: check if there is a RefParameter without a condition.
2021-09-14 16:19:22,577 [WARN] IP:2125 - AutoBaudRateEnableParam not found: check if there is a RefParameter without a condition.
2021-09-14 16:19:22,683 [WARN] IP:2125 - AutoBaudRateEnableParam not found: check if there is a RefParameter without a condition.
2021-09-14 16:19:22,684 [WARN] IP:2125 - AutoBaudRateEnableParam not found: check if there is a RefParameter without a condition.
2021-09-14 16:19:22,693 [WARN] IP:2125 - AutoBaudRateEnableParam not found: check if there is a RefParameter without a condition.
2021-09-14 16:19:22,694 [WARN] IP:2125 - AutoBaudRateEnableParam not found: check if there is a RefParameter without a condition.
2021-09-14 16:19:22,803 [WARN] IP:2125 - AutoBaudRateEnableParam not found: check if there is a RefParameter without a condition.
2021-09-14 16:19:22,804 [WARN] IP:2125 - AutoBaudRateEnableParam not found: check if there is a RefParameter without a condition.
2021-09-14 16:19:22,810 [WARN] IP:2125 - AutoBaudRateEnableParam not found: check if there is a RefParameter without a condition.
2021-09-14 16:19:22,811 [WARN] IP:2125 - AutoBaudRateEnableParam not found: check if there is a RefParameter without a condition.
2021-09-14 16:19:22,960 [WARN] IP:2125 - AutoBaudRateEnableParam not found: check if there is a RefParameter without a condition.
2021-09-14 16:19:22,961 [WARN] IP:2125 - AutoBaudRateEnableParam not found: check if there is a RefParameter without a condition.
2021-09-14 16:19:22,970 [WARN] IP:2125 - AutoBaudRateEnableParam not found: check if there is a RefParameter without a condition.
2021-09-14 16:19:22,972 [WARN] IP:2125 - AutoBaudRateEnableParam not found: check if there is a RefParameter without a condition.
2021-09-14 16:19:24,607 [INFO] I2cTimingTraitement:325 - 0x00606092
2021-09-14 16:19:24,718 [WARN] IP:2125 - AutoBaudRateEnableParam not found: check if there is a RefParameter without a condition.
2021-09-14 16:19:24,719 [WARN] IP:2125 - AutoBaudRateEnableParam not found: check if there is a RefParameter without a condition.
2021-09-14 16:19:24,726 [WARN] IP:2125 - AutoBaudRateEnableParam not found: check if there is a RefParameter without a condition.
2021-09-14 16:19:24,727 [WARN] IP:2125 - AutoBaudRateEnableParam not found: check if there is a RefParameter without a condition.
2021-09-14 16:19:24,839 [WARN] IP:2125 - AutoBaudRateEnableParam not found: check if there is a RefParameter without a condition.
2021-09-14 16:19:24,840 [WARN] IP:2125 - AutoBaudRateEnableParam not found: check if there is a RefParameter without a condition.
2021-09-14 16:19:24,847 [WARN] IP:2125 - AutoBaudRateEnableParam not found: check if there is a RefParameter without a condition.
2021-09-14 16:19:24,849 [WARN] IP:2125 - AutoBaudRateEnableParam not found: check if there is a RefParameter without a condition.
2021-09-14 16:19:24,972 [WARN] IP:2125 - AutoBaudRateEnableParam not found: check if there is a RefParameter without a condition.
2021-09-14 16:19:24,973 [WARN] IP:2125 - AutoBaudRateEnableParam not found: check if there is a RefParameter without a condition.
2021-09-14 16:19:24,983 [WARN] IP:2125 - AutoBaudRateEnableParam not found: check if there is a RefParameter without a condition.
2021-09-14 16:19:24,984 [WARN] IP:2125 - AutoBaudRateEnableParam not found: check if there is a RefParameter without a condition.
2021-09-14 16:19:25,148 [WARN] IP:2125 - AutoBaudRateEnableParam not found: check if there is a RefParameter without a condition.
2021-09-14 16:19:25,149 [WARN] IP:2125 - AutoBaudRateEnableParam not found: check if there is a RefParameter without a condition.
2021-09-14 16:19:25,157 [WARN] IP:2125 - AutoBaudRateEnableParam not found: check if there is a RefParameter without a condition.
2021-09-14 16:19:25,158 [WARN] IP:2125 - AutoBaudRateEnableParam not found: check if there is a RefParameter without a condition.
2021-09-14 16:19:25,582 [INFO] I2cTimingTraitement:325 - 0x00606092
2021-09-14 16:19:25,627 [WARN] IP:2125 - AutoBaudRateEnableParam not found: check if there is a RefParameter without a condition.
2021-09-14 16:19:25,629 [WARN] IP:2125 - AutoBaudRateEnableParam not found: check if there is a RefParameter without a condition.
2021-09-14 16:19:25,636 [WARN] IP:2125 - AutoBaudRateEnableParam not found: check if there is a RefParameter without a condition.
2021-09-14 16:19:25,637 [WARN] IP:2125 - AutoBaudRateEnableParam not found: check if there is a RefParameter without a condition.
2021-09-14 16:19:25,757 [WARN] IP:2125 - AutoBaudRateEnableParam not found: check if there is a RefParameter without a condition.
2021-09-14 16:19:25,759 [WARN] IP:2125 - AutoBaudRateEnableParam not found: check if there is a RefParameter without a condition.
2021-09-14 16:19:25,771 [WARN] IP:2125 - AutoBaudRateEnableParam not found: check if there is a RefParameter without a condition.
2021-09-14 16:19:25,773 [WARN] IP:2125 - AutoBaudRateEnableParam not found: check if there is a RefParameter without a condition.
2021-09-14 16:19:25,885 [WARN] IP:2125 - AutoBaudRateEnableParam not found: check if there is a RefParameter without a condition.
2021-09-14 16:19:25,886 [WARN] IP:2125 - AutoBaudRateEnableParam not found: check if there is a RefParameter without a condition.
2021-09-14 16:19:25,893 [WARN] IP:2125 - AutoBaudRateEnableParam not found: check if there is a RefParameter without a condition.
2021-09-14 16:19:25,893 [WARN] IP:2125 - AutoBaudRateEnableParam not found: check if there is a RefParameter without a condition.
2021-09-14 16:19:26,015 [WARN] IP:2125 - AutoBaudRateEnableParam not found: check if there is a RefParameter without a condition.
2021-09-14 16:19:26,016 [WARN] IP:2125 - AutoBaudRateEnableParam not found: check if there is a RefParameter without a condition.
2021-09-14 16:19:26,023 [WARN] IP:2125 - AutoBaudRateEnableParam not found: check if there is a RefParameter without a condition.
2021-09-14 16:19:26,024 [WARN] IP:2125 - AutoBaudRateEnableParam not found: check if there is a RefParameter without a condition.
2021-09-14 16:19:27,276 [INFO] I2cTimingTraitement:325 - 0x00606092
2021-09-14 16:19:27,346 [WARN] IP:2125 - AutoBaudRateEnableParam not found: check if there is a RefParameter without a condition.
2021-09-14 16:19:27,347 [WARN] IP:2125 - AutoBaudRateEnableParam not found: check if there is a RefParameter without a condition.
2021-09-14 16:19:27,354 [WARN] IP:2125 - AutoBaudRateEnableParam not found: check if there is a RefParameter without a condition.
2021-09-14 16:19:27,354 [WARN] IP:2125 - AutoBaudRateEnableParam not found: check if there is a RefParameter without a condition.
2021-09-14 16:19:27,471 [WARN] IP:2125 - AutoBaudRateEnableParam not found: check if there is a RefParameter without a condition.
2021-09-14 16:19:27,473 [WARN] IP:2125 - AutoBaudRateEnableParam not found: check if there is a RefParameter without a condition.
2021-09-14 16:19:27,479 [WARN] IP:2125 - AutoBaudRateEnableParam not found: check if there is a RefParameter without a condition.
2021-09-14 16:19:27,481 [WARN] IP:2125 - AutoBaudRateEnableParam not found: check if there is a RefParameter without a condition.
2021-09-14 16:19:27,607 [WARN] IP:2125 - AutoBaudRateEnableParam not found: check if there is a RefParameter without a condition.
2021-09-14 16:19:27,608 [WARN] IP:2125 - AutoBaudRateEnableParam not found: check if there is a RefParameter without a condition.
2021-09-14 16:19:27,615 [WARN] IP:2125 - AutoBaudRateEnableParam not found: check if there is a RefParameter without a condition.
2021-09-14 16:19:27,616 [WARN] IP:2125 - AutoBaudRateEnableParam not found: check if there is a RefParameter without a condition.
2021-09-14 16:19:27,777 [WARN] IP:2125 - AutoBaudRateEnableParam not found: check if there is a RefParameter without a condition.
2021-09-14 16:19:27,778 [WARN] IP:2125 - AutoBaudRateEnableParam not found: check if there is a RefParameter without a condition.
2021-09-14 16:19:27,786 [WARN] IP:2125 - AutoBaudRateEnableParam not found: check if there is a RefParameter without a condition.
2021-09-14 16:19:27,787 [WARN] IP:2125 - AutoBaudRateEnableParam not found: check if there is a RefParameter without a condition.
2021-09-14 16:31:52,759 [INFO] I2cTimingTraitement:325 - 0x00606092
2021-09-14 16:31:52,806 [WARN] IP:2125 - AutoBaudRateEnableParam not found: check if there is a RefParameter without a condition.
2021-09-14 16:31:52,807 [WARN] IP:2125 - AutoBaudRateEnableParam not found: check if there is a RefParameter without a condition.
2021-09-14 16:31:52,815 [WARN] IP:2125 - AutoBaudRateEnableParam not found: check if there is a RefParameter without a condition.
2021-09-14 16:31:52,816 [WARN] IP:2125 - AutoBaudRateEnableParam not found: check if there is a RefParameter without a condition.
2021-09-14 16:31:52,921 [WARN] IP:2125 - AutoBaudRateEnableParam not found: check if there is a RefParameter without a condition.
2021-09-14 16:31:52,922 [WARN] IP:2125 - AutoBaudRateEnableParam not found: check if there is a RefParameter without a condition.
2021-09-14 16:31:52,928 [WARN] IP:2125 - AutoBaudRateEnableParam not found: check if there is a RefParameter without a condition.
2021-09-14 16:31:52,929 [WARN] IP:2125 - AutoBaudRateEnableParam not found: check if there is a RefParameter without a condition.
2021-09-14 16:31:53,031 [WARN] IP:2125 - AutoBaudRateEnableParam not found: check if there is a RefParameter without a condition.
2021-09-14 16:31:53,032 [WARN] IP:2125 - AutoBaudRateEnableParam not found: check if there is a RefParameter without a condition.
2021-09-14 16:31:53,039 [WARN] IP:2125 - AutoBaudRateEnableParam not found: check if there is a RefParameter without a condition.
2021-09-14 16:31:53,040 [WARN] IP:2125 - AutoBaudRateEnableParam not found: check if there is a RefParameter without a condition.
2021-09-14 16:31:53,178 [WARN] IP:2125 - AutoBaudRateEnableParam not found: check if there is a RefParameter without a condition.
2021-09-14 16:31:53,180 [WARN] IP:2125 - AutoBaudRateEnableParam not found: check if there is a RefParameter without a condition.
2021-09-14 16:31:53,187 [WARN] IP:2125 - AutoBaudRateEnableParam not found: check if there is a RefParameter without a condition.
2021-09-14 16:31:53,188 [WARN] IP:2125 - AutoBaudRateEnableParam not found: check if there is a RefParameter without a condition.
2021-09-14 16:32:07,644 [INFO] I2cTimingTraitement:325 - 0x00506682
2021-09-14 16:32:07,724 [WARN] IP:2125 - AutoBaudRateEnableParam not found: check if there is a RefParameter without a condition.
2021-09-14 16:32:07,725 [WARN] IP:2125 - AutoBaudRateEnableParam not found: check if there is a RefParameter without a condition.
2021-09-14 16:32:07,731 [WARN] IP:2125 - AutoBaudRateEnableParam not found: check if there is a RefParameter without a condition.
2021-09-14 16:32:07,732 [WARN] IP:2125 - AutoBaudRateEnableParam not found: check if there is a RefParameter without a condition.
2021-09-14 16:32:07,844 [WARN] IP:2125 - AutoBaudRateEnableParam not found: check if there is a RefParameter without a condition.
2021-09-14 16:32:07,845 [WARN] IP:2125 - AutoBaudRateEnableParam not found: check if there is a RefParameter without a condition.
2021-09-14 16:32:07,852 [WARN] IP:2125 - AutoBaudRateEnableParam not found: check if there is a RefParameter without a condition.
2021-09-14 16:32:07,853 [WARN] IP:2125 - AutoBaudRateEnableParam not found: check if there is a RefParameter without a condition.
2021-09-14 16:32:07,983 [WARN] IP:2125 - AutoBaudRateEnableParam not found: check if there is a RefParameter without a condition.
2021-09-14 16:32:07,984 [WARN] IP:2125 - AutoBaudRateEnableParam not found: check if there is a RefParameter without a condition.
2021-09-14 16:32:07,992 [WARN] IP:2125 - AutoBaudRateEnableParam not found: check if there is a RefParameter without a condition.
2021-09-14 16:32:07,993 [WARN] IP:2125 - AutoBaudRateEnableParam not found: check if there is a RefParameter without a condition.
2021-09-14 16:32:08,124 [WARN] IP:2125 - AutoBaudRateEnableParam not found: check if there is a RefParameter without a condition.
2021-09-14 16:32:08,125 [WARN] IP:2125 - AutoBaudRateEnableParam not found: check if there is a RefParameter without a condition.
2021-09-14 16:32:08,131 [WARN] IP:2125 - AutoBaudRateEnableParam not found: check if there is a RefParameter without a condition.
2021-09-14 16:32:08,133 [WARN] IP:2125 - AutoBaudRateEnableParam not found: check if there is a RefParameter without a condition.
2021-09-14 16:32:48,939 [INFO] I2cTimingTraitement:325 - 0x20303E5D
2021-09-14 16:32:49,011 [WARN] IP:2125 - AutoBaudRateEnableParam not found: check if there is a RefParameter without a condition.
2021-09-14 16:32:49,012 [WARN] IP:2125 - AutoBaudRateEnableParam not found: check if there is a RefParameter without a condition.
2021-09-14 16:32:49,020 [WARN] IP:2125 - AutoBaudRateEnableParam not found: check if there is a RefParameter without a condition.
2021-09-14 16:32:49,021 [WARN] IP:2125 - AutoBaudRateEnableParam not found: check if there is a RefParameter without a condition.
2021-09-14 16:32:49,127 [WARN] IP:2125 - AutoBaudRateEnableParam not found: check if there is a RefParameter without a condition.
2021-09-14 16:32:49,128 [WARN] IP:2125 - AutoBaudRateEnableParam not found: check if there is a RefParameter without a condition.
2021-09-14 16:32:49,135 [WARN] IP:2125 - AutoBaudRateEnableParam not found: check if there is a RefParameter without a condition.
2021-09-14 16:32:49,136 [WARN] IP:2125 - AutoBaudRateEnableParam not found: check if there is a RefParameter without a condition.
2021-09-14 16:32:49,232 [WARN] IP:2125 - AutoBaudRateEnableParam not found: check if there is a RefParameter without a condition.
2021-09-14 16:32:49,233 [WARN] IP:2125 - AutoBaudRateEnableParam not found: check if there is a RefParameter without a condition.
2021-09-14 16:32:49,240 [WARN] IP:2125 - AutoBaudRateEnableParam not found: check if there is a RefParameter without a condition.
2021-09-14 16:32:49,242 [WARN] IP:2125 - AutoBaudRateEnableParam not found: check if there is a RefParameter without a condition.
2021-09-14 16:32:49,371 [WARN] IP:2125 - AutoBaudRateEnableParam not found: check if there is a RefParameter without a condition.
2021-09-14 16:32:49,372 [WARN] IP:2125 - AutoBaudRateEnableParam not found: check if there is a RefParameter without a condition.
2021-09-14 16:32:49,378 [WARN] IP:2125 - AutoBaudRateEnableParam not found: check if there is a RefParameter without a condition.
2021-09-14 16:32:49,379 [WARN] IP:2125 - AutoBaudRateEnableParam not found: check if there is a RefParameter without a condition.
2021-09-14 16:32:50,379 [INFO] I2cTimingTraitement:325 - 0x00506682
2021-09-14 16:32:50,463 [WARN] IP:2125 - AutoBaudRateEnableParam not found: check if there is a RefParameter without a condition.
2021-09-14 16:32:50,465 [WARN] IP:2125 - AutoBaudRateEnableParam not found: check if there is a RefParameter without a condition.
2021-09-14 16:32:50,473 [WARN] IP:2125 - AutoBaudRateEnableParam not found: check if there is a RefParameter without a condition.
2021-09-14 16:32:50,474 [WARN] IP:2125 - AutoBaudRateEnableParam not found: check if there is a RefParameter without a condition.
2021-09-14 16:32:50,623 [WARN] IP:2125 - AutoBaudRateEnableParam not found: check if there is a RefParameter without a condition.
2021-09-14 16:32:50,624 [WARN] IP:2125 - AutoBaudRateEnableParam not found: check if there is a RefParameter without a condition.
2021-09-14 16:32:50,632 [WARN] IP:2125 - AutoBaudRateEnableParam not found: check if there is a RefParameter without a condition.
2021-09-14 16:32:50,633 [WARN] IP:2125 - AutoBaudRateEnableParam not found: check if there is a RefParameter without a condition.
2021-09-14 16:32:50,764 [WARN] IP:2125 - AutoBaudRateEnableParam not found: check if there is a RefParameter without a condition.
2021-09-14 16:32:50,765 [WARN] IP:2125 - AutoBaudRateEnableParam not found: check if there is a RefParameter without a condition.
2021-09-14 16:32:50,772 [WARN] IP:2125 - AutoBaudRateEnableParam not found: check if there is a RefParameter without a condition.
2021-09-14 16:32:50,773 [WARN] IP:2125 - AutoBaudRateEnableParam not found: check if there is a RefParameter without a condition.
2021-09-14 16:32:50,941 [WARN] IP:2125 - AutoBaudRateEnableParam not found: check if there is a RefParameter without a condition.
2021-09-14 16:32:50,942 [WARN] IP:2125 - AutoBaudRateEnableParam not found: check if there is a RefParameter without a condition.
2021-09-14 16:32:50,950 [WARN] IP:2125 - AutoBaudRateEnableParam not found: check if there is a RefParameter without a condition.
2021-09-14 16:32:50,951 [WARN] IP:2125 - AutoBaudRateEnableParam not found: check if there is a RefParameter without a condition.
2021-09-14 16:32:52,595 [INFO] I2cTimingTraitement:325 - 0x00506682
2021-09-14 16:32:52,639 [WARN] IP:2125 - AutoBaudRateEnableParam not found: check if there is a RefParameter without a condition.
2021-09-14 16:32:52,640 [WARN] IP:2125 - AutoBaudRateEnableParam not found: check if there is a RefParameter without a condition.
2021-09-14 16:32:52,647 [WARN] IP:2125 - AutoBaudRateEnableParam not found: check if there is a RefParameter without a condition.
2021-09-14 16:32:52,648 [WARN] IP:2125 - AutoBaudRateEnableParam not found: check if there is a RefParameter without a condition.
2021-09-14 16:32:52,761 [WARN] IP:2125 - AutoBaudRateEnableParam not found: check if there is a RefParameter without a condition.
2021-09-14 16:32:52,762 [WARN] IP:2125 - AutoBaudRateEnableParam not found: check if there is a RefParameter without a condition.
2021-09-14 16:32:52,769 [WARN] IP:2125 - AutoBaudRateEnableParam not found: check if there is a RefParameter without a condition.
2021-09-14 16:32:52,770 [WARN] IP:2125 - AutoBaudRateEnableParam not found: check if there is a RefParameter without a condition.
2021-09-14 16:32:52,879 [WARN] IP:2125 - AutoBaudRateEnableParam not found: check if there is a RefParameter without a condition.
2021-09-14 16:32:52,881 [WARN] IP:2125 - AutoBaudRateEnableParam not found: check if there is a RefParameter without a condition.
2021-09-14 16:32:52,886 [WARN] IP:2125 - AutoBaudRateEnableParam not found: check if there is a RefParameter without a condition.
2021-09-14 16:32:52,887 [WARN] IP:2125 - AutoBaudRateEnableParam not found: check if there is a RefParameter without a condition.
2021-09-14 16:32:53,029 [WARN] IP:2125 - AutoBaudRateEnableParam not found: check if there is a RefParameter without a condition.
2021-09-14 16:32:53,030 [WARN] IP:2125 - AutoBaudRateEnableParam not found: check if there is a RefParameter without a condition.
2021-09-14 16:32:53,037 [WARN] IP:2125 - AutoBaudRateEnableParam not found: check if there is a RefParameter without a condition.
2021-09-14 16:32:53,038 [WARN] IP:2125 - AutoBaudRateEnableParam not found: check if there is a RefParameter without a condition.
